[2025-09-08T14:47:30.480+0000] {local_task_job_runner.py:123} INFO - ::group::Pre task execution logs
[2025-09-08T14:47:30.504+0000] {taskinstance.py:2612} INFO - Dependencies all met for dep_context=non-requeueable deps ti=<TaskInstance: chaos_pod_restart.run_pod_restart manual__2025-09-08T14:47:29.224833+00:00 [queued]>
[2025-09-08T14:47:30.517+0000] {taskinstance.py:2612} INFO - Dependencies all met for dep_context=requeueable deps ti=<TaskInstance: chaos_pod_restart.run_pod_restart manual__2025-09-08T14:47:29.224833+00:00 [queued]>
[2025-09-08T14:47:30.517+0000] {taskinstance.py:2865} INFO - Starting attempt 1 of 1
[2025-09-08T14:47:30.536+0000] {taskinstance.py:2888} INFO - Executing <Task(DockerOperator): run_pod_restart> on 2025-09-08 14:47:29.224833+00:00
[2025-09-08T14:47:30.543+0000] {standard_task_runner.py:72} INFO - Started process 54 to run task
[2025-09-08T14:47:30.547+0000] {standard_task_runner.py:104} INFO - Running: ['***', 'tasks', 'run', 'chaos_pod_restart', 'run_pod_restart', 'manual__2025-09-08T14:47:29.224833+00:00', '--job-id', '57', '--raw', '--subdir', 'DAGS_FOLDER/dag_factory.py', '--cfg-path', '/tmp/tmpg5jev0hc']
[2025-09-08T14:47:30.549+0000] {standard_task_runner.py:105} INFO - Job 57: Subtask run_pod_restart
[2025-09-08T14:47:30.611+0000] {task_command.py:467} INFO - Running <TaskInstance: chaos_pod_restart.run_pod_restart manual__2025-09-08T14:47:29.224833+00:00 [running]> on host BNXL-80508-WL.India.XoriantCorp.com
[2025-09-08T14:47:30.733+0000] {taskinstance.py:3131} INFO - Exporting env vars: AIRFLOW_CTX_DAG_OWNER='***' AIRFLOW_CTX_DAG_ID='chaos_pod_restart' AIRFLOW_CTX_TASK_ID='run_pod_restart' AIRFLOW_CTX_EXECUTION_DATE='2025-09-08T14:47:29.224833+00:00' AIRFLOW_CTX_TRY_NUMBER='1' AIRFLOW_CTX_DAG_RUN_ID='manual__2025-09-08T14:47:29.224833+00:00'
[2025-09-08T14:47:30.734+0000] {taskinstance.py:731} INFO - ::endgroup::
[2025-09-08T14:47:30.854+0000] {docker.py:367} INFO - Starting docker container from image ***_chaos:latest
[2025-09-08T14:47:31.310+0000] {docker.py:438} INFO - The container is run as root user. For security, consider using a regular user account.
[2025-09-08T14:47:41.880+0000] {docker.py:438} INFO - 
[2025-09-08T14:47:42.896+0000] {docker.py:438} INFO - [32m[2025-09-08 14:47:42 INFO] Validating the experiment's syntax
[2025-09-08T14:47:43.467+0000] {docker.py:438} INFO - [32m[2025-09-08 14:47:43 INFO] Experiment looks valid
[2025-09-08T14:47:43.468+0000] {docker.py:438} INFO - [32m[2025-09-08 14:47:43 INFO] Running experiment: Continuous Pod Restart Experiment
[2025-09-08T14:47:43.473+0000] {docker.py:438} INFO - [32m[2025-09-08 14:47:43 INFO] Steady-state strategy: default
[2025-09-08T14:47:43.473+0000] {docker.py:438} INFO - [32m[2025-09-08 14:47:43 INFO] Rollbacks strategy: default
[2025-09-08T14:47:43.474+0000] {docker.py:438} INFO - [32m[2025-09-08 14:47:43 INFO] No steady state hypothesis defined. That's ok, just exploring.
[2025-09-08T14:47:43.474+0000] {docker.py:438} INFO - [32m[2025-09-08 14:47:43 INFO] Playing your experiment's method now...
[2025-09-08T14:47:43.475+0000] {docker.py:438} INFO - [32m[2025-09-08 14:47:43 INFO] Action: continuous-restart
[2025-09-08T14:51:43.703+0000] {docker.py:438} INFO - [32m[2025-09-08 14:51:43 INFO] Let's rollback...
[2025-09-08T14:51:43.704+0000] {docker.py:438} INFO - [32m[2025-09-08 14:51:43 INFO] No declared rollbacks, let's move on.
[2025-09-08T14:51:43.705+0000] {docker.py:438} INFO - [32m[2025-09-08 14:51:43 INFO] Experiment ended with status: completed
[2025-09-08T14:51:43.706+0000] {docker.py:438} INFO - 🚀 Starting continuous pod restart experiment
[2025-09-08T14:51:43.707+0000] {docker.py:438} INFO - 📅 Interval: 60 seconds
[2025-09-08T14:51:43.708+0000] {docker.py:438} INFO - ⏱️  Duration: 300 seconds
[2025-09-08T14:51:43.709+0000] {docker.py:438} INFO - 🎯 Target: app=dummy
[2025-09-08T14:51:43.715+0000] {docker.py:438} INFO - 📍 Namespace: default
[2025-09-08T14:51:43.716+0000] {docker.py:438} INFO - 
[2025-09-08T14:51:43.717+0000] {docker.py:438} INFO - ==================================================
[2025-09-08T14:51:43.717+0000] {docker.py:438} INFO - 🔄 Restart #1 at 2025-09-08 14:47:43
[2025-09-08T14:51:43.718+0000] {docker.py:438} INFO - ==================================================
[2025-09-08T14:51:43.718+0000] {docker.py:438} INFO - Hello world - terminate function started!
[2025-09-08T14:51:43.718+0000] {docker.py:438} INFO - Selecting pods with label_selector: app=dummy
[2025-09-08T14:51:43.719+0000] {docker.py:438} INFO - Found 3 pods initially
[2025-09-08T14:51:43.719+0000] {docker.py:438} INFO - Random selection: 1 pods
[2025-09-08T14:51:43.719+0000] {docker.py:438} INFO - Deleting pod: dummy-deployment-687df79484-vxqjq
[2025-09-08T14:51:43.720+0000] {docker.py:438} INFO - Deleted 1 pods: ['dummy-deployment-687df79484-vxqjq']
[2025-09-08T14:51:43.720+0000] {docker.py:438} INFO - ✅ Successfully restarted pods: ['dummy-deployment-687df79484-vxqjq']
[2025-09-08T14:51:43.722+0000] {docker.py:438} INFO - ⏳ Waiting 60 seconds until next restart...
[2025-09-08T14:51:43.722+0000] {docker.py:438} INFO - 📊 Time remaining: 300 seconds
[2025-09-08T14:51:43.723+0000] {docker.py:438} INFO - 
[2025-09-08T14:51:43.724+0000] {docker.py:438} INFO - ==================================================
[2025-09-08T14:51:43.725+0000] {docker.py:438} INFO - 🔄 Restart #2 at 2025-09-08 14:48:43
[2025-09-08T14:51:43.725+0000] {docker.py:438} INFO - ==================================================
[2025-09-08T14:51:43.726+0000] {docker.py:438} INFO - Hello world - terminate function started!
[2025-09-08T14:51:43.727+0000] {docker.py:438} INFO - Selecting pods with label_selector: app=dummy
[2025-09-08T14:51:43.728+0000] {docker.py:438} INFO - Found 3 pods initially
[2025-09-08T14:51:43.728+0000] {docker.py:438} INFO - Random selection: 1 pods
[2025-09-08T14:51:43.728+0000] {docker.py:438} INFO - Deleting pod: dummy-deployment-687df79484-4fxgl
[2025-09-08T14:51:43.729+0000] {docker.py:438} INFO - Deleted 1 pods: ['dummy-deployment-687df79484-4fxgl']
[2025-09-08T14:51:43.729+0000] {docker.py:438} INFO - ✅ Successfully restarted pods: ['dummy-deployment-687df79484-4fxgl']
[2025-09-08T14:51:43.730+0000] {docker.py:438} INFO - ⏳ Waiting 60 seconds until next restart...
[2025-09-08T14:51:43.731+0000] {docker.py:438} INFO - 📊 Time remaining: 240 seconds
[2025-09-08T14:51:43.731+0000] {docker.py:438} INFO - 
[2025-09-08T14:51:43.732+0000] {docker.py:438} INFO - ==================================================
[2025-09-08T14:51:43.732+0000] {docker.py:438} INFO - 🔄 Restart #3 at 2025-09-08 14:49:43
[2025-09-08T14:51:43.733+0000] {docker.py:438} INFO - ==================================================
[2025-09-08T14:51:43.734+0000] {docker.py:438} INFO - Hello world - terminate function started!
[2025-09-08T14:51:43.735+0000] {docker.py:438} INFO - Selecting pods with label_selector: app=dummy
[2025-09-08T14:51:43.735+0000] {docker.py:438} INFO - Found 3 pods initially
[2025-09-08T14:51:43.736+0000] {docker.py:438} INFO - Random selection: 1 pods
[2025-09-08T14:51:43.736+0000] {docker.py:438} INFO - Deleting pod: dummy-deployment-687df79484-kgzgb
[2025-09-08T14:51:43.737+0000] {docker.py:438} INFO - Deleted 1 pods: ['dummy-deployment-687df79484-kgzgb']
[2025-09-08T14:51:43.737+0000] {docker.py:438} INFO - ✅ Successfully restarted pods: ['dummy-deployment-687df79484-kgzgb']
[2025-09-08T14:51:43.737+0000] {docker.py:438} INFO - ⏳ Waiting 60 seconds until next restart...
[2025-09-08T14:51:43.738+0000] {docker.py:438} INFO - 📊 Time remaining: 180 seconds
[2025-09-08T14:51:43.738+0000] {docker.py:438} INFO - 
[2025-09-08T14:51:43.738+0000] {docker.py:438} INFO - ==================================================
[2025-09-08T14:51:43.739+0000] {docker.py:438} INFO - 🔄 Restart #4 at 2025-09-08 14:50:43
[2025-09-08T14:51:43.739+0000] {docker.py:438} INFO - ==================================================
[2025-09-08T14:51:43.739+0000] {docker.py:438} INFO - Hello world - terminate function started!
[2025-09-08T14:51:43.740+0000] {docker.py:438} INFO - Selecting pods with label_selector: app=dummy
[2025-09-08T14:51:43.740+0000] {docker.py:438} INFO - Found 3 pods initially
[2025-09-08T14:51:43.741+0000] {docker.py:438} INFO - Random selection: 1 pods
[2025-09-08T14:51:43.741+0000] {docker.py:438} INFO - Deleting pod: dummy-deployment-687df79484-bhzhl
[2025-09-08T14:51:43.741+0000] {docker.py:438} INFO - Deleted 1 pods: ['dummy-deployment-687df79484-bhzhl']
[2025-09-08T14:51:43.742+0000] {docker.py:438} INFO - ✅ Successfully restarted pods: ['dummy-deployment-687df79484-bhzhl']
[2025-09-08T14:51:43.742+0000] {docker.py:438} INFO - ⏳ Waiting 60 seconds until next restart...
[2025-09-08T14:51:43.742+0000] {docker.py:438} INFO - 📊 Time remaining: 120 seconds
[2025-09-08T14:51:43.745+0000] {docker.py:438} INFO - 
[2025-09-08T14:51:43.746+0000] {docker.py:438} INFO - ==================================================
[2025-09-08T14:51:43.746+0000] {docker.py:438} INFO - 🔄 Restart #5 at 2025-09-08 14:51:43
[2025-09-08T14:51:43.748+0000] {docker.py:438} INFO - ==================================================
[2025-09-08T14:51:43.748+0000] {docker.py:438} INFO - Hello world - terminate function started!
[2025-09-08T14:51:43.749+0000] {docker.py:438} INFO - Selecting pods with label_selector: app=dummy
[2025-09-08T14:51:43.749+0000] {docker.py:438} INFO - Found 3 pods initially
[2025-09-08T14:51:43.751+0000] {docker.py:438} INFO - Random selection: 1 pods
[2025-09-08T14:51:43.751+0000] {docker.py:438} INFO - Deleting pod: dummy-deployment-687df79484-h4xzf
[2025-09-08T14:51:43.751+0000] {docker.py:438} INFO - Deleted 1 pods: ['dummy-deployment-687df79484-h4xzf']
[2025-09-08T14:51:43.752+0000] {docker.py:438} INFO - ✅ Successfully restarted pods: ['dummy-deployment-687df79484-h4xzf']
[2025-09-08T14:51:43.752+0000] {docker.py:438} INFO - ⏰ Less than 60 seconds remaining, stopping experiment
[2025-09-08T14:51:43.755+0000] {docker.py:438} INFO - 
[2025-09-08T14:51:43.755+0000] {docker.py:438} INFO - ==================================================
[2025-09-08T14:51:43.756+0000] {docker.py:438} INFO - 🏁 Experiment Completed!
[2025-09-08T14:51:43.756+0000] {docker.py:438} INFO - ==================================================
[2025-09-08T14:51:43.757+0000] {docker.py:438} INFO - 📈 Total restarts performed: 5
[2025-09-08T14:51:43.757+0000] {docker.py:438} INFO - ⏱️  Total duration: 240 seconds
[2025-09-08T14:51:43.757+0000] {docker.py:438} INFO - 📊 Average interval: 48.0 seconds
[2025-09-08T14:51:44.259+0000] {taskinstance.py:340} INFO - ::group::Post task execution logs
[2025-09-08T14:51:44.262+0000] {taskinstance.py:352} INFO - Marking task as SUCCESS. dag_id=chaos_pod_restart, task_id=run_pod_restart, run_id=manual__2025-09-08T14:47:29.224833+00:00, execution_date=20250908T144729, start_date=20250908T144730, end_date=20250908T145144
[2025-09-08T14:51:44.326+0000] {local_task_job_runner.py:266} INFO - Task exited with return code 0
[2025-09-08T14:51:44.358+0000] {taskinstance.py:3900} INFO - 0 downstream tasks scheduled from follow-on schedule check
[2025-09-08T14:51:44.363+0000] {local_task_job_runner.py:245} INFO - ::endgroup::
