[2025-09-09T09:08:55.415+0000] {local_task_job_runner.py:123} INFO - ::group::Pre task execution logs
[2025-09-09T09:08:55.429+0000] {taskinstance.py:2612} INFO - Dependencies all met for dep_context=non-requeueable deps ti=<TaskInstance: chaos_pod_restart.run_pod_restart manual__2025-09-09T09:08:54.262143+00:00 [queued]>
[2025-09-09T09:08:55.442+0000] {taskinstance.py:2612} INFO - Dependencies all met for dep_context=requeueable deps ti=<TaskInstance: chaos_pod_restart.run_pod_restart manual__2025-09-09T09:08:54.262143+00:00 [queued]>
[2025-09-09T09:08:55.443+0000] {taskinstance.py:2865} INFO - Starting attempt 1 of 1
[2025-09-09T09:08:55.458+0000] {taskinstance.py:2888} INFO - Executing <Task(DockerOperator): run_pod_restart> on 2025-09-09 09:08:54.262143+00:00
[2025-09-09T09:08:55.465+0000] {standard_task_runner.py:72} INFO - Started process 60 to run task
[2025-09-09T09:08:55.472+0000] {standard_task_runner.py:104} INFO - Running: ['***', 'tasks', 'run', 'chaos_pod_restart', 'run_pod_restart', 'manual__2025-09-09T09:08:54.262143+00:00', '--job-id', '80', '--raw', '--subdir', 'DAGS_FOLDER/dag_factory.py', '--cfg-path', '/tmp/tmp742to7n5']
[2025-09-09T09:08:55.473+0000] {standard_task_runner.py:105} INFO - Job 80: Subtask run_pod_restart
[2025-09-09T09:08:55.528+0000] {task_command.py:467} INFO - Running <TaskInstance: chaos_pod_restart.run_pod_restart manual__2025-09-09T09:08:54.262143+00:00 [running]> on host BNXL-80508-WL.India.XoriantCorp.com
[2025-09-09T09:08:55.617+0000] {taskinstance.py:3131} INFO - Exporting env vars: AIRFLOW_CTX_DAG_OWNER='***' AIRFLOW_CTX_DAG_ID='chaos_pod_restart' AIRFLOW_CTX_TASK_ID='run_pod_restart' AIRFLOW_CTX_EXECUTION_DATE='2025-09-09T09:08:54.262143+00:00' AIRFLOW_CTX_TRY_NUMBER='1' AIRFLOW_CTX_DAG_RUN_ID='manual__2025-09-09T09:08:54.262143+00:00'
[2025-09-09T09:08:55.619+0000] {taskinstance.py:731} INFO - ::endgroup::
[2025-09-09T09:08:55.674+0000] {docker.py:367} INFO - Starting docker container from image ***_chaos:latest
[2025-09-09T09:08:55.925+0000] {docker.py:438} INFO - The container is run as root user. For security, consider using a regular user account.
[2025-09-09T09:09:03.334+0000] {docker.py:438} INFO - 
[2025-09-09T09:09:04.470+0000] {docker.py:438} INFO - [32m[2025-09-09 09:09:04 INFO] Validating the experiment's syntax
[2025-09-09T09:09:05.066+0000] {docker.py:438} INFO - [32m[2025-09-09 09:09:05 INFO] Experiment looks valid
[2025-09-09T09:09:05.067+0000] {docker.py:438} INFO - [32m[2025-09-09 09:09:05 INFO] Running experiment: Continuous Pod Restart Experiment
[2025-09-09T09:09:05.070+0000] {docker.py:438} INFO - [32m[2025-09-09 09:09:05 INFO] Steady-state strategy: default
[2025-09-09T09:09:05.071+0000] {docker.py:438} INFO - [32m[2025-09-09 09:09:05 INFO] Rollbacks strategy: default
[2025-09-09T09:09:05.071+0000] {docker.py:438} INFO - [32m[2025-09-09 09:09:05 INFO] No steady state hypothesis defined. That's ok, just exploring.
[2025-09-09T09:09:05.072+0000] {docker.py:438} INFO - [32m[2025-09-09 09:09:05 INFO] Playing your experiment's method now...
[2025-09-09T09:09:05.072+0000] {docker.py:438} INFO - [32m[2025-09-09 09:09:05 INFO] Action: continuous-restart
[2025-09-09T09:13:16.017+0000] {docker.py:438} INFO - [32m[2025-09-09 09:13:16 INFO] Let's rollback...
[2025-09-09T09:13:16.018+0000] {docker.py:438} INFO - [32m[2025-09-09 09:13:16 INFO] No declared rollbacks, let's move on.
[2025-09-09T09:13:16.019+0000] {docker.py:438} INFO - [32m[2025-09-09 09:13:16 INFO] Experiment ended with status: completed
[2025-09-09T09:13:16.019+0000] {docker.py:438} INFO - 🚀 Starting continuous pod restart experiment
[2025-09-09T09:13:16.019+0000] {docker.py:438} INFO - 📅 Interval: 60 seconds
[2025-09-09T09:13:16.020+0000] {docker.py:438} INFO - ⏱️  Duration: 300 seconds
[2025-09-09T09:13:16.020+0000] {docker.py:438} INFO - 🎯 Target: app=petclinic
[2025-09-09T09:13:16.020+0000] {docker.py:438} INFO - 📍 Namespace: default
[2025-09-09T09:13:16.020+0000] {docker.py:438} INFO - 
[2025-09-09T09:13:16.021+0000] {docker.py:438} INFO - ==================================================
[2025-09-09T09:13:16.021+0000] {docker.py:438} INFO - 🔄 Restart #1 at 2025-09-09 09:09:05
[2025-09-09T09:13:16.021+0000] {docker.py:438} INFO - ==================================================
[2025-09-09T09:13:16.021+0000] {docker.py:438} INFO - Hello world - terminate function started!
[2025-09-09T09:13:16.021+0000] {docker.py:438} INFO - Selecting pods with label_selector: app=petclinic
[2025-09-09T09:13:16.021+0000] {docker.py:438} INFO - Found 2 pods initially
[2025-09-09T09:13:16.021+0000] {docker.py:438} INFO - Random selection: 1 pods
[2025-09-09T09:13:16.022+0000] {docker.py:438} INFO - Deleting pod: petclinic-54c586fc9f-xvfhg
[2025-09-09T09:13:16.022+0000] {docker.py:438} INFO - Deleted 1 pods: ['petclinic-54c586fc9f-xvfhg']
[2025-09-09T09:13:16.022+0000] {docker.py:438} INFO - ✅ Successfully restarted pods: ['petclinic-54c586fc9f-xvfhg']
[2025-09-09T09:13:16.022+0000] {docker.py:438} INFO - ⏳ Waiting 60 seconds until next restart...
[2025-09-09T09:13:16.023+0000] {docker.py:438} INFO - 📊 Time remaining: 298 seconds
[2025-09-09T09:13:16.023+0000] {docker.py:438} INFO - 
[2025-09-09T09:13:16.023+0000] {docker.py:438} INFO - ==================================================
[2025-09-09T09:13:16.023+0000] {docker.py:438} INFO - 🔄 Restart #2 at 2025-09-09 09:10:07
[2025-09-09T09:13:16.024+0000] {docker.py:438} INFO - ==================================================
[2025-09-09T09:13:16.024+0000] {docker.py:438} INFO - Hello world - terminate function started!
[2025-09-09T09:13:16.024+0000] {docker.py:438} INFO - Selecting pods with label_selector: app=petclinic
[2025-09-09T09:13:16.024+0000] {docker.py:438} INFO - Found 2 pods initially
[2025-09-09T09:13:16.025+0000] {docker.py:438} INFO - Random selection: 1 pods
[2025-09-09T09:13:16.025+0000] {docker.py:438} INFO - Deleting pod: petclinic-54c586fc9f-22p2r
[2025-09-09T09:13:16.025+0000] {docker.py:438} INFO - Deleted 1 pods: ['petclinic-54c586fc9f-22p2r']
[2025-09-09T09:13:16.025+0000] {docker.py:438} INFO - ✅ Successfully restarted pods: ['petclinic-54c586fc9f-22p2r']
[2025-09-09T09:13:16.025+0000] {docker.py:438} INFO - ⏳ Waiting 60 seconds until next restart...
[2025-09-09T09:13:16.025+0000] {docker.py:438} INFO - 📊 Time remaining: 235 seconds
[2025-09-09T09:13:16.026+0000] {docker.py:438} INFO - 
[2025-09-09T09:13:16.026+0000] {docker.py:438} INFO - ==================================================
[2025-09-09T09:13:16.026+0000] {docker.py:438} INFO - 🔄 Restart #3 at 2025-09-09 09:11:09
[2025-09-09T09:13:16.026+0000] {docker.py:438} INFO - ==================================================
[2025-09-09T09:13:16.026+0000] {docker.py:438} INFO - Hello world - terminate function started!
[2025-09-09T09:13:16.026+0000] {docker.py:438} INFO - Selecting pods with label_selector: app=petclinic
[2025-09-09T09:13:16.027+0000] {docker.py:438} INFO - Found 2 pods initially
[2025-09-09T09:13:16.027+0000] {docker.py:438} INFO - Random selection: 1 pods
[2025-09-09T09:13:16.027+0000] {docker.py:438} INFO - Deleting pod: petclinic-54c586fc9f-6rm9f
[2025-09-09T09:13:16.027+0000] {docker.py:438} INFO - Deleted 1 pods: ['petclinic-54c586fc9f-6rm9f']
[2025-09-09T09:13:16.027+0000] {docker.py:438} INFO - ✅ Successfully restarted pods: ['petclinic-54c586fc9f-6rm9f']
[2025-09-09T09:13:16.028+0000] {docker.py:438} INFO - ⏳ Waiting 60 seconds until next restart...
[2025-09-09T09:13:16.028+0000] {docker.py:438} INFO - 📊 Time remaining: 173 seconds
[2025-09-09T09:13:16.028+0000] {docker.py:438} INFO - 
[2025-09-09T09:13:16.028+0000] {docker.py:438} INFO - ==================================================
[2025-09-09T09:13:16.028+0000] {docker.py:438} INFO - 🔄 Restart #4 at 2025-09-09 09:12:11
[2025-09-09T09:13:16.028+0000] {docker.py:438} INFO - ==================================================
[2025-09-09T09:13:16.028+0000] {docker.py:438} INFO - Hello world - terminate function started!
[2025-09-09T09:13:16.029+0000] {docker.py:438} INFO - Selecting pods with label_selector: app=petclinic
[2025-09-09T09:13:16.029+0000] {docker.py:438} INFO - Found 2 pods initially
[2025-09-09T09:13:16.029+0000] {docker.py:438} INFO - Random selection: 1 pods
[2025-09-09T09:13:16.029+0000] {docker.py:438} INFO - Deleting pod: petclinic-54c586fc9f-smj4k
[2025-09-09T09:13:16.029+0000] {docker.py:438} INFO - Deleted 1 pods: ['petclinic-54c586fc9f-smj4k']
[2025-09-09T09:13:16.030+0000] {docker.py:438} INFO - ✅ Successfully restarted pods: ['petclinic-54c586fc9f-smj4k']
[2025-09-09T09:13:16.030+0000] {docker.py:438} INFO - ⏳ Waiting 60 seconds until next restart...
[2025-09-09T09:13:16.031+0000] {docker.py:438} INFO - 📊 Time remaining: 111 seconds
[2025-09-09T09:13:16.031+0000] {docker.py:438} INFO - 
[2025-09-09T09:13:16.031+0000] {docker.py:438} INFO - ==================================================
[2025-09-09T09:13:16.031+0000] {docker.py:438} INFO - 🔄 Restart #5 at 2025-09-09 09:13:13
[2025-09-09T09:13:16.031+0000] {docker.py:438} INFO - ==================================================
[2025-09-09T09:13:16.031+0000] {docker.py:438} INFO - Hello world - terminate function started!
[2025-09-09T09:13:16.031+0000] {docker.py:438} INFO - Selecting pods with label_selector: app=petclinic
[2025-09-09T09:13:16.032+0000] {docker.py:438} INFO - Found 3 pods initially
[2025-09-09T09:13:16.032+0000] {docker.py:438} INFO - Random selection: 1 pods
[2025-09-09T09:13:16.032+0000] {docker.py:438} INFO - Deleting pod: petclinic-54c586fc9f-9rg26
[2025-09-09T09:13:16.032+0000] {docker.py:438} INFO - Deleted 1 pods: ['petclinic-54c586fc9f-9rg26']
[2025-09-09T09:13:16.032+0000] {docker.py:438} INFO - ✅ Successfully restarted pods: ['petclinic-54c586fc9f-9rg26']
[2025-09-09T09:13:16.032+0000] {docker.py:438} INFO - ⏰ Less than 60 seconds remaining, stopping experiment
[2025-09-09T09:13:16.032+0000] {docker.py:438} INFO - 
[2025-09-09T09:13:16.033+0000] {docker.py:438} INFO - ==================================================
[2025-09-09T09:13:16.033+0000] {docker.py:438} INFO - 🏁 Experiment Completed!
[2025-09-09T09:13:16.033+0000] {docker.py:438} INFO - ==================================================
[2025-09-09T09:13:16.033+0000] {docker.py:438} INFO - 📈 Total restarts performed: 5
[2025-09-09T09:13:16.033+0000] {docker.py:438} INFO - ⏱️  Total duration: 251 seconds
[2025-09-09T09:13:16.033+0000] {docker.py:438} INFO - 📊 Average interval: 50.2 seconds
[2025-09-09T09:13:16.513+0000] {taskinstance.py:340} INFO - ::group::Post task execution logs
[2025-09-09T09:13:16.513+0000] {taskinstance.py:352} INFO - Marking task as SUCCESS. dag_id=chaos_pod_restart, task_id=run_pod_restart, run_id=manual__2025-09-09T09:08:54.262143+00:00, execution_date=20250909T090854, start_date=20250909T090855, end_date=20250909T091316
[2025-09-09T09:13:16.543+0000] {local_task_job_runner.py:266} INFO - Task exited with return code 0
[2025-09-09T09:13:16.561+0000] {taskinstance.py:3900} INFO - 0 downstream tasks scheduled from follow-on schedule check
[2025-09-09T09:13:16.563+0000] {local_task_job_runner.py:245} INFO - ::endgroup::
