[2025-09-09T07:15:08.216+0000] {local_task_job_runner.py:123} INFO - ::group::Pre task execution logs
[2025-09-09T07:15:08.232+0000] {taskinstance.py:2612} INFO - Dependencies all met for dep_context=non-requeueable deps ti=<TaskInstance: chaos_pod_restart.run_pod_restart manual__2025-09-09T07:15:07.439953+00:00 [queued]>
[2025-09-09T07:15:08.245+0000] {taskinstance.py:2612} INFO - Dependencies all met for dep_context=requeueable deps ti=<TaskInstance: chaos_pod_restart.run_pod_restart manual__2025-09-09T07:15:07.439953+00:00 [queued]>
[2025-09-09T07:15:08.245+0000] {taskinstance.py:2865} INFO - Starting attempt 1 of 1
[2025-09-09T07:15:08.258+0000] {taskinstance.py:2888} INFO - Executing <Task(DockerOperator): run_pod_restart> on 2025-09-09 07:15:07.439953+00:00
[2025-09-09T07:15:08.266+0000] {standard_task_runner.py:72} INFO - Started process 65 to run task
[2025-09-09T07:15:08.271+0000] {standard_task_runner.py:104} INFO - Running: ['***', 'tasks', 'run', 'chaos_pod_restart', 'run_pod_restart', 'manual__2025-09-09T07:15:07.439953+00:00', '--job-id', '73', '--raw', '--subdir', 'DAGS_FOLDER/dag_factory.py', '--cfg-path', '/tmp/tmp90rz3mdj']
[2025-09-09T07:15:08.272+0000] {standard_task_runner.py:105} INFO - Job 73: Subtask run_pod_restart
[2025-09-09T07:15:08.335+0000] {task_command.py:467} INFO - Running <TaskInstance: chaos_pod_restart.run_pod_restart manual__2025-09-09T07:15:07.439953+00:00 [running]> on host BNXL-80508-WL.India.XoriantCorp.com
[2025-09-09T07:15:08.432+0000] {taskinstance.py:3131} INFO - Exporting env vars: AIRFLOW_CTX_DAG_OWNER='***' AIRFLOW_CTX_DAG_ID='chaos_pod_restart' AIRFLOW_CTX_TASK_ID='run_pod_restart' AIRFLOW_CTX_EXECUTION_DATE='2025-09-09T07:15:07.439953+00:00' AIRFLOW_CTX_TRY_NUMBER='1' AIRFLOW_CTX_DAG_RUN_ID='manual__2025-09-09T07:15:07.439953+00:00'
[2025-09-09T07:15:08.434+0000] {taskinstance.py:731} INFO - ::endgroup::
[2025-09-09T07:15:08.483+0000] {docker.py:367} INFO - Starting docker container from image ***_chaos:latest
[2025-09-09T07:15:08.700+0000] {docker.py:438} INFO - The container is run as root user. For security, consider using a regular user account.
[2025-09-09T07:15:15.713+0000] {docker.py:438} INFO - 
[2025-09-09T07:15:16.680+0000] {docker.py:438} INFO - [32m[2025-09-09 07:15:16 INFO] Validating the experiment's syntax
[2025-09-09T07:15:16.886+0000] {docker.py:438} INFO - [32m[2025-09-09 07:15:16 INFO] Experiment looks valid
[2025-09-09T07:15:16.887+0000] {docker.py:438} INFO - [32m[2025-09-09 07:15:16 INFO] Running experiment: Continuous Pod Restart Experiment
[2025-09-09T07:15:16.890+0000] {docker.py:438} INFO - [32m[2025-09-09 07:15:16 INFO] Steady-state strategy: default
[2025-09-09T07:15:16.891+0000] {docker.py:438} INFO - [32m[2025-09-09 07:15:16 INFO] Rollbacks strategy: default
[2025-09-09T07:15:16.891+0000] {docker.py:438} INFO - [32m[2025-09-09 07:15:16 INFO] No steady state hypothesis defined. That's ok, just exploring.
[2025-09-09T07:15:16.891+0000] {docker.py:438} INFO - [32m[2025-09-09 07:15:16 INFO] Playing your experiment's method now...
[2025-09-09T07:15:16.891+0000] {docker.py:438} INFO - [32m[2025-09-09 07:15:16 INFO] Action: continuous-restart
[2025-09-09T07:19:26.836+0000] {docker.py:438} INFO - [32m[2025-09-09 07:19:26 INFO] Let's rollback...
[2025-09-09T07:19:26.837+0000] {docker.py:438} INFO - [32m[2025-09-09 07:19:26 INFO] No declared rollbacks, let's move on.
[2025-09-09T07:19:26.837+0000] {docker.py:438} INFO - [32m[2025-09-09 07:19:26 INFO] Experiment ended with status: completed
[2025-09-09T07:19:26.837+0000] {docker.py:438} INFO - 🚀 Starting continuous pod restart experiment
[2025-09-09T07:19:26.838+0000] {docker.py:438} INFO - 📅 Interval: 60 seconds
[2025-09-09T07:19:26.838+0000] {docker.py:438} INFO - ⏱️  Duration: 300 seconds
[2025-09-09T07:19:26.838+0000] {docker.py:438} INFO - 🎯 Target: app=petclinic
[2025-09-09T07:19:26.838+0000] {docker.py:438} INFO - 📍 Namespace: default
[2025-09-09T07:19:26.838+0000] {docker.py:438} INFO - 
[2025-09-09T07:19:26.838+0000] {docker.py:438} INFO - ==================================================
[2025-09-09T07:19:26.838+0000] {docker.py:438} INFO - 🔄 Restart #1 at 2025-09-09 07:15:16
[2025-09-09T07:19:26.839+0000] {docker.py:438} INFO - ==================================================
[2025-09-09T07:19:26.839+0000] {docker.py:438} INFO - Hello world - terminate function started!
[2025-09-09T07:19:26.839+0000] {docker.py:438} INFO - Selecting pods with label_selector: app=petclinic
[2025-09-09T07:19:26.839+0000] {docker.py:438} INFO - Found 1 pods initially
[2025-09-09T07:19:26.839+0000] {docker.py:438} INFO - Random selection: 1 pods
[2025-09-09T07:19:26.839+0000] {docker.py:438} INFO - Deleting pod: petclinic-54c586fc9f-dkg25
[2025-09-09T07:19:26.839+0000] {docker.py:438} INFO - Deleted 1 pods: ['petclinic-54c586fc9f-dkg25']
[2025-09-09T07:19:26.840+0000] {docker.py:438} INFO - ✅ Successfully restarted pods: ['petclinic-54c586fc9f-dkg25']
[2025-09-09T07:19:26.840+0000] {docker.py:438} INFO - ⏳ Waiting 60 seconds until next restart...
[2025-09-09T07:19:26.840+0000] {docker.py:438} INFO - 📊 Time remaining: 298 seconds
[2025-09-09T07:19:26.840+0000] {docker.py:438} INFO - 
[2025-09-09T07:19:26.840+0000] {docker.py:438} INFO - ==================================================
[2025-09-09T07:19:26.840+0000] {docker.py:438} INFO - 🔄 Restart #2 at 2025-09-09 07:16:18
[2025-09-09T07:19:26.840+0000] {docker.py:438} INFO - ==================================================
[2025-09-09T07:19:26.841+0000] {docker.py:438} INFO - Hello world - terminate function started!
[2025-09-09T07:19:26.841+0000] {docker.py:438} INFO - Selecting pods with label_selector: app=petclinic
[2025-09-09T07:19:26.841+0000] {docker.py:438} INFO - Found 1 pods initially
[2025-09-09T07:19:26.841+0000] {docker.py:438} INFO - Random selection: 1 pods
[2025-09-09T07:19:26.841+0000] {docker.py:438} INFO - Deleting pod: petclinic-54c586fc9f-bz2hs
[2025-09-09T07:19:26.841+0000] {docker.py:438} INFO - Deleted 1 pods: ['petclinic-54c586fc9f-bz2hs']
[2025-09-09T07:19:26.841+0000] {docker.py:438} INFO - ✅ Successfully restarted pods: ['petclinic-54c586fc9f-bz2hs']
[2025-09-09T07:19:26.841+0000] {docker.py:438} INFO - ⏳ Waiting 60 seconds until next restart...
[2025-09-09T07:19:26.842+0000] {docker.py:438} INFO - 📊 Time remaining: 237 seconds
[2025-09-09T07:19:26.842+0000] {docker.py:438} INFO - 
[2025-09-09T07:19:26.842+0000] {docker.py:438} INFO - ==================================================
[2025-09-09T07:19:26.842+0000] {docker.py:438} INFO - 🔄 Restart #3 at 2025-09-09 07:17:20
[2025-09-09T07:19:26.842+0000] {docker.py:438} INFO - ==================================================
[2025-09-09T07:19:26.842+0000] {docker.py:438} INFO - Hello world - terminate function started!
[2025-09-09T07:19:26.843+0000] {docker.py:438} INFO - Selecting pods with label_selector: app=petclinic
[2025-09-09T07:19:26.843+0000] {docker.py:438} INFO - Found 1 pods initially
[2025-09-09T07:19:26.843+0000] {docker.py:438} INFO - Random selection: 1 pods
[2025-09-09T07:19:26.843+0000] {docker.py:438} INFO - Deleting pod: petclinic-54c586fc9f-h9d7v
[2025-09-09T07:19:26.843+0000] {docker.py:438} INFO - Deleted 1 pods: ['petclinic-54c586fc9f-h9d7v']
[2025-09-09T07:19:26.843+0000] {docker.py:438} INFO - ✅ Successfully restarted pods: ['petclinic-54c586fc9f-h9d7v']
[2025-09-09T07:19:26.843+0000] {docker.py:438} INFO - ⏳ Waiting 60 seconds until next restart...
[2025-09-09T07:19:26.844+0000] {docker.py:438} INFO - 📊 Time remaining: 175 seconds
[2025-09-09T07:19:26.844+0000] {docker.py:438} INFO - 
[2025-09-09T07:19:26.844+0000] {docker.py:438} INFO - ==================================================
[2025-09-09T07:19:26.844+0000] {docker.py:438} INFO - 🔄 Restart #4 at 2025-09-09 07:18:22
[2025-09-09T07:19:26.844+0000] {docker.py:438} INFO - ==================================================
[2025-09-09T07:19:26.844+0000] {docker.py:438} INFO - Hello world - terminate function started!
[2025-09-09T07:19:26.844+0000] {docker.py:438} INFO - Selecting pods with label_selector: app=petclinic
[2025-09-09T07:19:26.845+0000] {docker.py:438} INFO - Found 1 pods initially
[2025-09-09T07:19:26.845+0000] {docker.py:438} INFO - Random selection: 1 pods
[2025-09-09T07:19:26.845+0000] {docker.py:438} INFO - Deleting pod: petclinic-54c586fc9f-8dvvf
[2025-09-09T07:19:26.845+0000] {docker.py:438} INFO - Deleted 1 pods: ['petclinic-54c586fc9f-8dvvf']
[2025-09-09T07:19:26.845+0000] {docker.py:438} INFO - ✅ Successfully restarted pods: ['petclinic-54c586fc9f-8dvvf']
[2025-09-09T07:19:26.845+0000] {docker.py:438} INFO - ⏳ Waiting 60 seconds until next restart...
[2025-09-09T07:19:26.845+0000] {docker.py:438} INFO - 📊 Time remaining: 113 seconds
[2025-09-09T07:19:26.846+0000] {docker.py:438} INFO - 
[2025-09-09T07:19:26.846+0000] {docker.py:438} INFO - ==================================================
[2025-09-09T07:19:26.846+0000] {docker.py:438} INFO - 🔄 Restart #5 at 2025-09-09 07:19:23
[2025-09-09T07:19:26.846+0000] {docker.py:438} INFO - ==================================================
[2025-09-09T07:19:26.846+0000] {docker.py:438} INFO - Hello world - terminate function started!
[2025-09-09T07:19:26.846+0000] {docker.py:438} INFO - Selecting pods with label_selector: app=petclinic
[2025-09-09T07:19:26.847+0000] {docker.py:438} INFO - Found 1 pods initially
[2025-09-09T07:19:26.847+0000] {docker.py:438} INFO - Random selection: 1 pods
[2025-09-09T07:19:26.848+0000] {docker.py:438} INFO - Deleting pod: petclinic-54c586fc9f-5qm76
[2025-09-09T07:19:26.848+0000] {docker.py:438} INFO - Deleted 1 pods: ['petclinic-54c586fc9f-5qm76']
[2025-09-09T07:19:26.848+0000] {docker.py:438} INFO - ✅ Successfully restarted pods: ['petclinic-54c586fc9f-5qm76']
[2025-09-09T07:19:26.848+0000] {docker.py:438} INFO - ⏰ Less than 60 seconds remaining, stopping experiment
[2025-09-09T07:19:26.849+0000] {docker.py:438} INFO - 
[2025-09-09T07:19:26.849+0000] {docker.py:438} INFO - ==================================================
[2025-09-09T07:19:26.849+0000] {docker.py:438} INFO - 🏁 Experiment Completed!
[2025-09-09T07:19:26.849+0000] {docker.py:438} INFO - ==================================================
[2025-09-09T07:19:26.849+0000] {docker.py:438} INFO - 📈 Total restarts performed: 5
[2025-09-09T07:19:26.849+0000] {docker.py:438} INFO - ⏱️  Total duration: 250 seconds
[2025-09-09T07:19:26.849+0000] {docker.py:438} INFO - 📊 Average interval: 50.0 seconds
[2025-09-09T07:19:27.147+0000] {taskinstance.py:340} INFO - ::group::Post task execution logs
[2025-09-09T07:19:27.148+0000] {taskinstance.py:352} INFO - Marking task as SUCCESS. dag_id=chaos_pod_restart, task_id=run_pod_restart, run_id=manual__2025-09-09T07:15:07.439953+00:00, execution_date=20250909T071507, start_date=20250909T071508, end_date=20250909T071927
[2025-09-09T07:19:27.181+0000] {local_task_job_runner.py:266} INFO - Task exited with return code 0
[2025-09-09T07:19:27.200+0000] {taskinstance.py:3900} INFO - 0 downstream tasks scheduled from follow-on schedule check
[2025-09-09T07:19:27.202+0000] {local_task_job_runner.py:245} INFO - ::endgroup::
