[2025-09-08T10:41:20.095+0000] {local_task_job_runner.py:123} INFO - ::group::Pre task execution logs
[2025-09-08T10:41:20.129+0000] {taskinstance.py:2602} INFO - Dependencies not met for <TaskInstance: chaos_pod_restart.run_pod_restart manual__2025-01-01T00:00:00+00:00 [failed]>, dependency 'Task Instance State' FAILED: Task is in the 'failed' state.
[2025-09-08T10:41:20.132+0000] {local_task_job_runner.py:166} INFO - Task is not able to be run
[2025-09-08T11:24:26.039+0000] {local_task_job_runner.py:123} INFO - ::group::Pre task execution logs
[2025-09-08T11:24:26.054+0000] {taskinstance.py:2602} INFO - Dependencies not met for <TaskInstance: chaos_pod_restart.run_pod_restart manual__2025-01-01T00:00:00+00:00 [failed]>, dependency 'Task Instance State' FAILED: Task is in the 'failed' state.
[2025-09-08T11:24:26.056+0000] {local_task_job_runner.py:166} INFO - Task is not able to be run
[2025-09-08T11:27:40.335+0000] {local_task_job_runner.py:123} INFO - ::group::Pre task execution logs
[2025-09-08T11:27:40.349+0000] {taskinstance.py:2602} INFO - Dependencies not met for <TaskInstance: chaos_pod_restart.run_pod_restart manual__2025-01-01T00:00:00+00:00 [failed]>, dependency 'Task Instance State' FAILED: Task is in the 'failed' state.
[2025-09-08T11:27:40.358+0000] {local_task_job_runner.py:166} INFO - Task is not able to be run
[2025-09-08T14:30:30.990+0000] {local_task_job_runner.py:123} INFO - ::group::Pre task execution logs
[2025-09-08T14:30:31.028+0000] {taskinstance.py:2612} INFO - Dependencies all met for dep_context=non-requeueable deps ti=<TaskInstance: chaos_pod_restart.run_pod_restart manual__2025-01-01T00:00:00+00:00 [queued]>
[2025-09-08T14:30:31.044+0000] {taskinstance.py:2612} INFO - Dependencies all met for dep_context=requeueable deps ti=<TaskInstance: chaos_pod_restart.run_pod_restart manual__2025-01-01T00:00:00+00:00 [queued]>
[2025-09-08T14:30:31.045+0000] {taskinstance.py:2865} INFO - Starting attempt 1 of 1
[2025-09-08T14:30:31.077+0000] {taskinstance.py:2888} INFO - Executing <Task(DockerOperator): run_pod_restart> on 2025-01-01 00:00:00+00:00
[2025-09-08T14:30:31.091+0000] {standard_task_runner.py:72} INFO - Started process 50 to run task
[2025-09-08T14:30:31.097+0000] {standard_task_runner.py:104} INFO - Running: ['***', 'tasks', 'run', 'chaos_pod_restart', 'run_pod_restart', 'manual__2025-01-01T00:00:00+00:00', '--job-id', '50', '--raw', '--subdir', 'DAGS_FOLDER/dag_factory.py', '--cfg-path', '/tmp/tmpv1p_871f']
[2025-09-08T14:30:31.102+0000] {standard_task_runner.py:105} INFO - Job 50: Subtask run_pod_restart
[2025-09-08T14:30:31.181+0000] {task_command.py:467} INFO - Running <TaskInstance: chaos_pod_restart.run_pod_restart manual__2025-01-01T00:00:00+00:00 [running]> on host BNXL-80508-WL.India.XoriantCorp.com
[2025-09-08T14:30:31.322+0000] {taskinstance.py:3131} INFO - Exporting env vars: AIRFLOW_CTX_DAG_OWNER='***' AIRFLOW_CTX_DAG_ID='chaos_pod_restart' AIRFLOW_CTX_TASK_ID='run_pod_restart' AIRFLOW_CTX_EXECUTION_DATE='2025-01-01T00:00:00+00:00' AIRFLOW_CTX_TRY_NUMBER='1' AIRFLOW_CTX_DAG_RUN_ID='manual__2025-01-01T00:00:00+00:00'
[2025-09-08T14:30:31.323+0000] {taskinstance.py:731} INFO - ::endgroup::
[2025-09-08T14:30:31.410+0000] {docker.py:367} INFO - Starting docker container from image ***_chaos:latest
[2025-09-08T14:30:31.416+0000] {docker.py:375} WARNING - Using remote engine or docker-in-docker and mounting temporary volume from host is not supported. Falling back to `mount_tmp_dir=False` mode. You can set `mount_tmp_dir` parameter to False to disable mounting and remove the warning
[2025-09-08T14:30:41.217+0000] {local_task_job_runner.py:346} WARNING - State of this instance has been externally set to failed. Terminating instance.
[2025-09-08T14:30:41.218+0000] {local_task_job_runner.py:245} INFO - ::endgroup::
[2025-09-08T14:30:41.221+0000] {process_utils.py:132} INFO - Sending 15 to group 50. PIDs of all processes in the group: [50]
[2025-09-08T14:30:41.222+0000] {process_utils.py:87} INFO - Sending the signal 15 to group 50
[2025-09-08T14:30:41.223+0000] {taskinstance.py:3092} ERROR - Received SIGTERM. Terminating subprocesses.
[2025-09-08T14:30:41.224+0000] {docker.py:533} INFO - Stopping docker container
[2025-09-08T14:30:41.554+0000] {taskinstance.py:340} INFO - ::group::Post task execution logs
[2025-09-08T14:30:41.598+0000] {process_utils.py:80} INFO - Process psutil.Process(pid=50, status='terminated', exitcode=0, started='14:30:30') (50) terminated with exit code 0
[2025-09-08T14:32:33.852+0000] {local_task_job_runner.py:123} INFO - ::group::Pre task execution logs
[2025-09-08T14:32:33.890+0000] {taskinstance.py:2612} INFO - Dependencies all met for dep_context=non-requeueable deps ti=<TaskInstance: chaos_pod_restart.run_pod_restart manual__2025-01-01T00:00:00+00:00 [queued]>
[2025-09-08T14:32:33.915+0000] {taskinstance.py:2612} INFO - Dependencies all met for dep_context=requeueable deps ti=<TaskInstance: chaos_pod_restart.run_pod_restart manual__2025-01-01T00:00:00+00:00 [queued]>
[2025-09-08T14:32:33.916+0000] {taskinstance.py:2865} INFO - Starting attempt 1 of 1
[2025-09-08T14:32:33.947+0000] {taskinstance.py:2888} INFO - Executing <Task(DockerOperator): run_pod_restart> on 2025-01-01 00:00:00+00:00
[2025-09-08T14:32:33.960+0000] {standard_task_runner.py:72} INFO - Started process 50 to run task
[2025-09-08T14:32:33.972+0000] {standard_task_runner.py:104} INFO - Running: ['***', 'tasks', 'run', 'chaos_pod_restart', 'run_pod_restart', 'manual__2025-01-01T00:00:00+00:00', '--job-id', '53', '--raw', '--subdir', 'DAGS_FOLDER/dag_factory.py', '--cfg-path', '/tmp/tmp42wnwj3c']
[2025-09-08T14:32:33.974+0000] {standard_task_runner.py:105} INFO - Job 53: Subtask run_pod_restart
[2025-09-08T14:32:34.178+0000] {task_command.py:467} INFO - Running <TaskInstance: chaos_pod_restart.run_pod_restart manual__2025-01-01T00:00:00+00:00 [running]> on host BNXL-80508-WL.India.XoriantCorp.com
[2025-09-08T14:32:34.373+0000] {taskinstance.py:3131} INFO - Exporting env vars: AIRFLOW_CTX_DAG_OWNER='***' AIRFLOW_CTX_DAG_ID='chaos_pod_restart' AIRFLOW_CTX_TASK_ID='run_pod_restart' AIRFLOW_CTX_EXECUTION_DATE='2025-01-01T00:00:00+00:00' AIRFLOW_CTX_TRY_NUMBER='1' AIRFLOW_CTX_DAG_RUN_ID='manual__2025-01-01T00:00:00+00:00'
[2025-09-08T14:32:34.378+0000] {taskinstance.py:731} INFO - ::endgroup::
[2025-09-08T14:32:34.531+0000] {docker.py:367} INFO - Starting docker container from image ***_chaos:latest
[2025-09-08T14:32:35.066+0000] {docker.py:438} INFO - The container is run as root user. For security, consider using a regular user account.
[2025-09-08T14:32:47.395+0000] {docker.py:438} INFO - 
[2025-09-08T14:32:48.721+0000] {docker.py:438} INFO - [32m[2025-09-08 14:32:48 INFO] Validating the experiment's syntax
[2025-09-08T14:32:49.262+0000] {docker.py:438} INFO - [32m[2025-09-08 14:32:49 INFO] Experiment looks valid
[2025-09-08T14:32:49.263+0000] {docker.py:438} INFO - [32m[2025-09-08 14:32:49 INFO] Running experiment: Continuous Pod Restart Experiment
[2025-09-08T14:32:49.268+0000] {docker.py:438} INFO - [32m[2025-09-08 14:32:49 INFO] Steady-state strategy: default
[2025-09-08T14:32:49.269+0000] {docker.py:438} INFO - [32m[2025-09-08 14:32:49 INFO] Rollbacks strategy: default
[2025-09-08T14:32:49.269+0000] {docker.py:438} INFO - [32m[2025-09-08 14:32:49 INFO] No steady state hypothesis defined. That's ok, just exploring.
[2025-09-08T14:32:49.270+0000] {docker.py:438} INFO - [32m[2025-09-08 14:32:49 INFO] Playing your experiment's method now...
[2025-09-08T14:32:49.270+0000] {docker.py:438} INFO - [32m[2025-09-08 14:32:49 INFO] Action: continuous-restart
[2025-09-08T14:36:49.301+0000] {docker.py:438} INFO - [32m[2025-09-08 14:36:49 INFO] Let's rollback...
[2025-09-08T14:36:49.304+0000] {docker.py:438} INFO - [32m[2025-09-08 14:36:49 INFO] No declared rollbacks, let's move on.
[2025-09-08T14:36:49.304+0000] {docker.py:438} INFO - [32m[2025-09-08 14:36:49 INFO] Experiment ended with status: completed
[2025-09-08T14:36:49.305+0000] {docker.py:438} INFO - 🚀 Starting continuous pod restart experiment
[2025-09-08T14:36:49.305+0000] {docker.py:438} INFO - 📅 Interval: 60 seconds
[2025-09-08T14:36:49.305+0000] {docker.py:438} INFO - ⏱️  Duration: 300 seconds
[2025-09-08T14:36:49.305+0000] {docker.py:438} INFO - 🎯 Target: app=dummy
[2025-09-08T14:36:49.306+0000] {docker.py:438} INFO - 📍 Namespace: default
[2025-09-08T14:36:49.306+0000] {docker.py:438} INFO - 
[2025-09-08T14:36:49.306+0000] {docker.py:438} INFO - ==================================================
[2025-09-08T14:36:49.307+0000] {docker.py:438} INFO - 🔄 Restart #1 at 2025-09-08 14:32:49
[2025-09-08T14:36:49.307+0000] {docker.py:438} INFO - ==================================================
[2025-09-08T14:36:49.307+0000] {docker.py:438} INFO - Hello world - terminate function started!
[2025-09-08T14:36:49.308+0000] {docker.py:438} INFO - ❌ Error during restart #1: File does not exist: /home/priyanshupatel/.minikube/ca.crt
[2025-09-08T14:36:49.308+0000] {docker.py:438} INFO - ⏳ Waiting 60 seconds until next restart...
[2025-09-08T14:36:49.308+0000] {docker.py:438} INFO - 📊 Time remaining: 300 seconds
[2025-09-08T14:36:49.309+0000] {docker.py:438} INFO - 
[2025-09-08T14:36:49.309+0000] {docker.py:438} INFO - ==================================================
[2025-09-08T14:36:49.309+0000] {docker.py:438} INFO - 🔄 Restart #2 at 2025-09-08 14:33:49
[2025-09-08T14:36:49.309+0000] {docker.py:438} INFO - ==================================================
[2025-09-08T14:36:49.310+0000] {docker.py:438} INFO - Hello world - terminate function started!
[2025-09-08T14:36:49.310+0000] {docker.py:438} INFO - ❌ Error during restart #2: File does not exist: /home/priyanshupatel/.minikube/ca.crt
[2025-09-08T14:36:49.310+0000] {docker.py:438} INFO - ⏳ Waiting 60 seconds until next restart...
[2025-09-08T14:36:49.311+0000] {docker.py:438} INFO - 📊 Time remaining: 240 seconds
[2025-09-08T14:36:49.311+0000] {docker.py:438} INFO - 
[2025-09-08T14:36:49.311+0000] {docker.py:438} INFO - ==================================================
[2025-09-08T14:36:49.311+0000] {docker.py:438} INFO - 🔄 Restart #3 at 2025-09-08 14:34:49
[2025-09-08T14:36:49.312+0000] {docker.py:438} INFO - ==================================================
[2025-09-08T14:36:49.312+0000] {docker.py:438} INFO - Hello world - terminate function started!
[2025-09-08T14:36:49.312+0000] {docker.py:438} INFO - ❌ Error during restart #3: File does not exist: /home/priyanshupatel/.minikube/ca.crt
[2025-09-08T14:36:49.312+0000] {docker.py:438} INFO - ⏳ Waiting 60 seconds until next restart...
[2025-09-08T14:36:49.312+0000] {docker.py:438} INFO - 📊 Time remaining: 180 seconds
[2025-09-08T14:36:49.313+0000] {docker.py:438} INFO - 
[2025-09-08T14:36:49.313+0000] {docker.py:438} INFO - ==================================================
[2025-09-08T14:36:49.313+0000] {docker.py:438} INFO - 🔄 Restart #4 at 2025-09-08 14:35:49
[2025-09-08T14:36:49.314+0000] {docker.py:438} INFO - ==================================================
[2025-09-08T14:36:49.314+0000] {docker.py:438} INFO - Hello world - terminate function started!
[2025-09-08T14:36:49.315+0000] {docker.py:438} INFO - ❌ Error during restart #4: File does not exist: /home/priyanshupatel/.minikube/ca.crt
[2025-09-08T14:36:49.315+0000] {docker.py:438} INFO - ⏳ Waiting 60 seconds until next restart...
[2025-09-08T14:36:49.315+0000] {docker.py:438} INFO - 📊 Time remaining: 120 seconds
[2025-09-08T14:36:49.315+0000] {docker.py:438} INFO - 
[2025-09-08T14:36:49.316+0000] {docker.py:438} INFO - ==================================================
[2025-09-08T14:36:49.316+0000] {docker.py:438} INFO - 🔄 Restart #5 at 2025-09-08 14:36:49
[2025-09-08T14:36:49.316+0000] {docker.py:438} INFO - ==================================================
[2025-09-08T14:36:49.317+0000] {docker.py:438} INFO - Hello world - terminate function started!
[2025-09-08T14:36:49.318+0000] {docker.py:438} INFO - ❌ Error during restart #5: File does not exist: /home/priyanshupatel/.minikube/ca.crt
[2025-09-08T14:36:49.319+0000] {docker.py:438} INFO - ⏰ Less than 60 seconds remaining, stopping experiment
[2025-09-08T14:36:49.319+0000] {docker.py:438} INFO - 
[2025-09-08T14:36:49.320+0000] {docker.py:438} INFO - ==================================================
[2025-09-08T14:36:49.320+0000] {docker.py:438} INFO - 🏁 Experiment Completed!
[2025-09-08T14:36:49.320+0000] {docker.py:438} INFO - ==================================================
[2025-09-08T14:36:49.320+0000] {docker.py:438} INFO - 📈 Total restarts performed: 5
[2025-09-08T14:36:49.321+0000] {docker.py:438} INFO - ⏱️  Total duration: 240 seconds
[2025-09-08T14:36:49.321+0000] {docker.py:438} INFO - 📊 Average interval: 48.0 seconds
[2025-09-08T14:36:49.630+0000] {taskinstance.py:340} INFO - ::group::Post task execution logs
[2025-09-08T14:36:49.631+0000] {taskinstance.py:352} INFO - Marking task as SUCCESS. dag_id=chaos_pod_restart, task_id=run_pod_restart, run_id=manual__2025-01-01T00:00:00+00:00, execution_date=20250101T000000, start_date=20250908T143233, end_date=20250908T143649
[2025-09-08T14:36:49.659+0000] {local_task_job_runner.py:266} INFO - Task exited with return code 0
[2025-09-08T14:36:49.678+0000] {taskinstance.py:3900} INFO - 0 downstream tasks scheduled from follow-on schedule check
[2025-09-08T14:36:49.680+0000] {local_task_job_runner.py:245} INFO - ::endgroup::
[2025-09-08T14:41:33.259+0000] {local_task_job_runner.py:123} INFO - ::group::Pre task execution logs
[2025-09-08T14:41:33.290+0000] {taskinstance.py:2612} INFO - Dependencies all met for dep_context=non-requeueable deps ti=<TaskInstance: chaos_pod_restart.run_pod_restart manual__2025-01-01T00:00:00+00:00 [queued]>
[2025-09-08T14:41:33.305+0000] {taskinstance.py:2612} INFO - Dependencies all met for dep_context=requeueable deps ti=<TaskInstance: chaos_pod_restart.run_pod_restart manual__2025-01-01T00:00:00+00:00 [queued]>
[2025-09-08T14:41:33.306+0000] {taskinstance.py:2865} INFO - Starting attempt 1 of 1
[2025-09-08T14:41:33.331+0000] {taskinstance.py:2888} INFO - Executing <Task(DockerOperator): run_pod_restart> on 2025-01-01 00:00:00+00:00
[2025-09-08T14:41:33.338+0000] {standard_task_runner.py:72} INFO - Started process 51 to run task
[2025-09-08T14:41:33.355+0000] {standard_task_runner.py:104} INFO - Running: ['***', 'tasks', 'run', 'chaos_pod_restart', 'run_pod_restart', 'manual__2025-01-01T00:00:00+00:00', '--job-id', '56', '--raw', '--subdir', 'DAGS_FOLDER/dag_factory.py', '--cfg-path', '/tmp/tmp12se5lfg']
[2025-09-08T14:41:33.359+0000] {standard_task_runner.py:105} INFO - Job 56: Subtask run_pod_restart
[2025-09-08T14:41:33.465+0000] {task_command.py:467} INFO - Running <TaskInstance: chaos_pod_restart.run_pod_restart manual__2025-01-01T00:00:00+00:00 [running]> on host BNXL-80508-WL.India.XoriantCorp.com
[2025-09-08T14:41:33.622+0000] {taskinstance.py:3131} INFO - Exporting env vars: AIRFLOW_CTX_DAG_OWNER='***' AIRFLOW_CTX_DAG_ID='chaos_pod_restart' AIRFLOW_CTX_TASK_ID='run_pod_restart' AIRFLOW_CTX_EXECUTION_DATE='2025-01-01T00:00:00+00:00' AIRFLOW_CTX_TRY_NUMBER='1' AIRFLOW_CTX_DAG_RUN_ID='manual__2025-01-01T00:00:00+00:00'
[2025-09-08T14:41:33.627+0000] {taskinstance.py:731} INFO - ::endgroup::
[2025-09-08T14:41:33.764+0000] {docker.py:367} INFO - Starting docker container from image ***_chaos:latest
[2025-09-08T14:41:34.292+0000] {docker.py:438} INFO - The container is run as root user. For security, consider using a regular user account.
[2025-09-08T14:41:46.336+0000] {docker.py:438} INFO - 
[2025-09-08T14:41:47.732+0000] {docker.py:438} INFO - [32m[2025-09-08 14:41:47 INFO] Validating the experiment's syntax
[2025-09-08T14:41:48.577+0000] {docker.py:438} INFO - [32m[2025-09-08 14:41:48 INFO] Experiment looks valid
[2025-09-08T14:41:48.579+0000] {docker.py:438} INFO - [32m[2025-09-08 14:41:48 INFO] Running experiment: Continuous Pod Restart Experiment
[2025-09-08T14:41:48.581+0000] {docker.py:438} INFO - [32m[2025-09-08 14:41:48 INFO] Steady-state strategy: default
[2025-09-08T14:41:48.582+0000] {docker.py:438} INFO - [32m[2025-09-08 14:41:48 INFO] Rollbacks strategy: default
[2025-09-08T14:41:48.582+0000] {docker.py:438} INFO - [32m[2025-09-08 14:41:48 INFO] No steady state hypothesis defined. That's ok, just exploring.
[2025-09-08T14:41:48.582+0000] {docker.py:438} INFO - [32m[2025-09-08 14:41:48 INFO] Playing your experiment's method now...
[2025-09-08T14:41:48.583+0000] {docker.py:438} INFO - [32m[2025-09-08 14:41:48 INFO] Action: continuous-restart
[2025-09-08T14:45:48.839+0000] {docker.py:438} INFO - [32m[2025-09-08 14:45:48 INFO] Let's rollback...
[2025-09-08T14:45:48.842+0000] {docker.py:438} INFO - [32m[2025-09-08 14:45:48 INFO] No declared rollbacks, let's move on.
[2025-09-08T14:45:48.842+0000] {docker.py:438} INFO - [32m[2025-09-08 14:45:48 INFO] Experiment ended with status: completed
[2025-09-08T14:45:48.843+0000] {docker.py:438} INFO - 🚀 Starting continuous pod restart experiment
[2025-09-08T14:45:48.844+0000] {docker.py:438} INFO - 📅 Interval: 60 seconds
[2025-09-08T14:45:48.844+0000] {docker.py:438} INFO - ⏱️  Duration: 300 seconds
[2025-09-08T14:45:48.845+0000] {docker.py:438} INFO - 🎯 Target: app=dummy
[2025-09-08T14:45:48.845+0000] {docker.py:438} INFO - 📍 Namespace: default
[2025-09-08T14:45:48.846+0000] {docker.py:438} INFO - 
[2025-09-08T14:45:48.846+0000] {docker.py:438} INFO - ==================================================
[2025-09-08T14:45:48.847+0000] {docker.py:438} INFO - 🔄 Restart #1 at 2025-09-08 14:41:48
[2025-09-08T14:45:48.848+0000] {docker.py:438} INFO - ==================================================
[2025-09-08T14:45:48.848+0000] {docker.py:438} INFO - Hello world - terminate function started!
[2025-09-08T14:45:48.849+0000] {docker.py:438} INFO - Selecting pods with label_selector: app=dummy
[2025-09-08T14:45:48.849+0000] {docker.py:438} INFO - Found 3 pods initially
[2025-09-08T14:45:48.851+0000] {docker.py:438} INFO - Random selection: 1 pods
[2025-09-08T14:45:48.852+0000] {docker.py:438} INFO - Deleting pod: dummy-deployment-687df79484-m28pw
[2025-09-08T14:45:48.853+0000] {docker.py:438} INFO - Deleted 1 pods: ['dummy-deployment-687df79484-m28pw']
[2025-09-08T14:45:48.853+0000] {docker.py:438} INFO - ✅ Successfully restarted pods: ['dummy-deployment-687df79484-m28pw']
[2025-09-08T14:45:48.854+0000] {docker.py:438} INFO - ⏳ Waiting 60 seconds until next restart...
[2025-09-08T14:45:48.854+0000] {docker.py:438} INFO - 📊 Time remaining: 300 seconds
[2025-09-08T14:45:48.854+0000] {docker.py:438} INFO - 
[2025-09-08T14:45:48.855+0000] {docker.py:438} INFO - ==================================================
[2025-09-08T14:45:48.855+0000] {docker.py:438} INFO - 🔄 Restart #2 at 2025-09-08 14:42:48
[2025-09-08T14:45:48.856+0000] {docker.py:438} INFO - ==================================================
[2025-09-08T14:45:48.856+0000] {docker.py:438} INFO - Hello world - terminate function started!
[2025-09-08T14:45:48.857+0000] {docker.py:438} INFO - Selecting pods with label_selector: app=dummy
[2025-09-08T14:45:48.857+0000] {docker.py:438} INFO - Found 3 pods initially
[2025-09-08T14:45:48.857+0000] {docker.py:438} INFO - Random selection: 1 pods
[2025-09-08T14:45:48.858+0000] {docker.py:438} INFO - Deleting pod: dummy-deployment-687df79484-pzlpc
[2025-09-08T14:45:48.858+0000] {docker.py:438} INFO - Deleted 1 pods: ['dummy-deployment-687df79484-pzlpc']
[2025-09-08T14:45:48.859+0000] {docker.py:438} INFO - ✅ Successfully restarted pods: ['dummy-deployment-687df79484-pzlpc']
[2025-09-08T14:45:48.859+0000] {docker.py:438} INFO - ⏳ Waiting 60 seconds until next restart...
[2025-09-08T14:45:48.860+0000] {docker.py:438} INFO - 📊 Time remaining: 240 seconds
[2025-09-08T14:45:48.860+0000] {docker.py:438} INFO - 
[2025-09-08T14:45:48.861+0000] {docker.py:438} INFO - ==================================================
[2025-09-08T14:45:48.862+0000] {docker.py:438} INFO - 🔄 Restart #3 at 2025-09-08 14:43:48
[2025-09-08T14:45:48.863+0000] {docker.py:438} INFO - ==================================================
[2025-09-08T14:45:48.863+0000] {docker.py:438} INFO - Hello world - terminate function started!
[2025-09-08T14:45:48.863+0000] {docker.py:438} INFO - Selecting pods with label_selector: app=dummy
[2025-09-08T14:45:48.864+0000] {docker.py:438} INFO - Found 3 pods initially
[2025-09-08T14:45:48.864+0000] {docker.py:438} INFO - Random selection: 1 pods
[2025-09-08T14:45:48.865+0000] {docker.py:438} INFO - Deleting pod: dummy-deployment-687df79484-mnwwg
[2025-09-08T14:45:48.867+0000] {docker.py:438} INFO - Deleted 1 pods: ['dummy-deployment-687df79484-mnwwg']
[2025-09-08T14:45:48.867+0000] {docker.py:438} INFO - ✅ Successfully restarted pods: ['dummy-deployment-687df79484-mnwwg']
[2025-09-08T14:45:48.868+0000] {docker.py:438} INFO - ⏳ Waiting 60 seconds until next restart...
[2025-09-08T14:45:48.868+0000] {docker.py:438} INFO - 📊 Time remaining: 180 seconds
[2025-09-08T14:45:48.868+0000] {docker.py:438} INFO - 
[2025-09-08T14:45:48.869+0000] {docker.py:438} INFO - ==================================================
[2025-09-08T14:45:48.870+0000] {docker.py:438} INFO - 🔄 Restart #4 at 2025-09-08 14:44:48
[2025-09-08T14:45:48.871+0000] {docker.py:438} INFO - ==================================================
[2025-09-08T14:45:48.871+0000] {docker.py:438} INFO - Hello world - terminate function started!
[2025-09-08T14:45:48.872+0000] {docker.py:438} INFO - Selecting pods with label_selector: app=dummy
[2025-09-08T14:45:48.872+0000] {docker.py:438} INFO - Found 3 pods initially
[2025-09-08T14:45:48.873+0000] {docker.py:438} INFO - Random selection: 1 pods
[2025-09-08T14:45:48.874+0000] {docker.py:438} INFO - Deleting pod: dummy-deployment-687df79484-wcns5
[2025-09-08T14:45:48.874+0000] {docker.py:438} INFO - Deleted 1 pods: ['dummy-deployment-687df79484-wcns5']
[2025-09-08T14:45:48.875+0000] {docker.py:438} INFO - ✅ Successfully restarted pods: ['dummy-deployment-687df79484-wcns5']
[2025-09-08T14:45:48.875+0000] {docker.py:438} INFO - ⏳ Waiting 60 seconds until next restart...
[2025-09-08T14:45:48.876+0000] {docker.py:438} INFO - 📊 Time remaining: 120 seconds
[2025-09-08T14:45:48.876+0000] {docker.py:438} INFO - 
[2025-09-08T14:45:48.877+0000] {docker.py:438} INFO - ==================================================
[2025-09-08T14:45:48.877+0000] {docker.py:438} INFO - 🔄 Restart #5 at 2025-09-08 14:45:48
[2025-09-08T14:45:48.877+0000] {docker.py:438} INFO - ==================================================
[2025-09-08T14:45:48.878+0000] {docker.py:438} INFO - Hello world - terminate function started!
[2025-09-08T14:45:48.880+0000] {docker.py:438} INFO - Selecting pods with label_selector: app=dummy
[2025-09-08T14:45:48.881+0000] {docker.py:438} INFO - Found 3 pods initially
[2025-09-08T14:45:48.882+0000] {docker.py:438} INFO - Random selection: 1 pods
[2025-09-08T14:45:48.882+0000] {docker.py:438} INFO - Deleting pod: dummy-deployment-687df79484-zjnck
[2025-09-08T14:45:48.883+0000] {docker.py:438} INFO - Deleted 1 pods: ['dummy-deployment-687df79484-zjnck']
[2025-09-08T14:45:48.884+0000] {docker.py:438} INFO - ✅ Successfully restarted pods: ['dummy-deployment-687df79484-zjnck']
[2025-09-08T14:45:48.884+0000] {docker.py:438} INFO - ⏰ Less than 60 seconds remaining, stopping experiment
[2025-09-08T14:45:48.886+0000] {docker.py:438} INFO - 
[2025-09-08T14:45:48.886+0000] {docker.py:438} INFO - ==================================================
[2025-09-08T14:45:48.887+0000] {docker.py:438} INFO - 🏁 Experiment Completed!
[2025-09-08T14:45:48.887+0000] {docker.py:438} INFO - ==================================================
[2025-09-08T14:45:48.888+0000] {docker.py:438} INFO - 📈 Total restarts performed: 5
[2025-09-08T14:45:48.889+0000] {docker.py:438} INFO - ⏱️  Total duration: 240 seconds
[2025-09-08T14:45:48.889+0000] {docker.py:438} INFO - 📊 Average interval: 48.1 seconds
[2025-09-08T14:45:49.456+0000] {taskinstance.py:340} INFO - ::group::Post task execution logs
[2025-09-08T14:45:49.457+0000] {taskinstance.py:352} INFO - Marking task as SUCCESS. dag_id=chaos_pod_restart, task_id=run_pod_restart, run_id=manual__2025-01-01T00:00:00+00:00, execution_date=20250101T000000, start_date=20250908T144133, end_date=20250908T144549
[2025-09-08T14:45:49.498+0000] {local_task_job_runner.py:266} INFO - Task exited with return code 0
[2025-09-08T14:45:49.535+0000] {taskinstance.py:3900} INFO - 0 downstream tasks scheduled from follow-on schedule check
[2025-09-08T14:45:49.539+0000] {local_task_job_runner.py:245} INFO - ::endgroup::
