[2025-09-09T08:53:52.271+0000] {local_task_job_runner.py:123} INFO - ::group::Pre task execution logs
[2025-09-09T08:53:52.287+0000] {taskinstance.py:2612} INFO - Dependencies all met for dep_context=non-requeueable deps ti=<TaskInstance: chaos_combined-sequential.run_combined-sequential manual__2025-09-09T08:53:50.589510+00:00 [queued]>
[2025-09-09T08:53:52.297+0000] {taskinstance.py:2612} INFO - Dependencies all met for dep_context=requeueable deps ti=<TaskInstance: chaos_combined-sequential.run_combined-sequential manual__2025-09-09T08:53:50.589510+00:00 [queued]>
[2025-09-09T08:53:52.297+0000] {taskinstance.py:2865} INFO - Starting attempt 1 of 1
[2025-09-09T08:53:52.309+0000] {taskinstance.py:2888} INFO - Executing <Task(DockerOperator): run_combined-sequential> on 2025-09-09 08:53:50.589510+00:00
[2025-09-09T08:53:52.314+0000] {standard_task_runner.py:72} INFO - Started process 57 to run task
[2025-09-09T08:53:52.319+0000] {standard_task_runner.py:104} INFO - Running: ['***', 'tasks', 'run', 'chaos_combined-sequential', 'run_combined-sequential', 'manual__2025-09-09T08:53:50.589510+00:00', '--job-id', '79', '--raw', '--subdir', 'DAGS_FOLDER/dag_factory.py', '--cfg-path', '/tmp/tmplz3bli40']
[2025-09-09T08:53:52.321+0000] {standard_task_runner.py:105} INFO - Job 79: Subtask run_combined-sequential
[2025-09-09T08:53:52.371+0000] {task_command.py:467} INFO - Running <TaskInstance: chaos_combined-sequential.run_combined-sequential manual__2025-09-09T08:53:50.589510+00:00 [running]> on host BNXL-80508-WL.India.XoriantCorp.com
[2025-09-09T08:53:52.453+0000] {taskinstance.py:3131} INFO - Exporting env vars: AIRFLOW_CTX_DAG_OWNER='***' AIRFLOW_CTX_DAG_ID='chaos_combined-sequential' AIRFLOW_CTX_TASK_ID='run_combined-sequential' AIRFLOW_CTX_EXECUTION_DATE='2025-09-09T08:53:50.589510+00:00' AIRFLOW_CTX_TRY_NUMBER='1' AIRFLOW_CTX_DAG_RUN_ID='manual__2025-09-09T08:53:50.589510+00:00'
[2025-09-09T08:53:52.453+0000] {taskinstance.py:731} INFO - ::endgroup::
[2025-09-09T08:53:52.546+0000] {docker.py:367} INFO - Starting docker container from image ***_chaos:latest
[2025-09-09T08:53:52.780+0000] {docker.py:438} INFO - The container is run as root user. For security, consider using a regular user account.
[2025-09-09T08:53:59.333+0000] {docker.py:438} INFO - 
[2025-09-09T08:54:00.320+0000] {docker.py:438} INFO - [32m[2025-09-09 08:54:00 INFO] Validating the experiment's syntax
[2025-09-09T08:54:00.551+0000] {docker.py:438} INFO - [32m[2025-09-09 08:54:00 INFO] Experiment looks valid
[2025-09-09T08:54:00.552+0000] {docker.py:438} INFO - [32m[2025-09-09 08:54:00 INFO] Running experiment: Combined Pod Experiments - Sequential Execution
[2025-09-09T08:54:00.554+0000] {docker.py:438} INFO - [32m[2025-09-09 08:54:00 INFO] Steady-state strategy: default
[2025-09-09T08:54:00.554+0000] {docker.py:438} INFO - [32m[2025-09-09 08:54:00 INFO] Rollbacks strategy: default
[2025-09-09T08:54:00.554+0000] {docker.py:438} INFO - [32m[2025-09-09 08:54:00 INFO] Steady state hypothesis: Both target pods must exist
[2025-09-09T08:54:00.554+0000] {docker.py:438} INFO - [32m[2025-09-09 08:54:00 INFO] Probe: petclinic-pods-available
[2025-09-09T08:54:02.032+0000] {docker.py:438} INFO - [32m[2025-09-09 08:54:02 INFO] Probe: demo-db-pods-available
[2025-09-09T08:54:05.769+0000] {docker.py:438} INFO - [31m[2025-09-09 08:54:05 CRITICAL] Steady state probe 'demo-db-pods-available' is not in the given tolerance so failing this experiment
[2025-09-09T08:54:05.770+0000] {docker.py:438} INFO - [32m[2025-09-09 08:54:05 INFO] Let's rollback...
[2025-09-09T08:54:05.770+0000] {docker.py:438} INFO - [32m[2025-09-09 08:54:05 INFO] Rollback: cleanup-cpu-stress-resources
[2025-09-09T08:54:05.770+0000] {docker.py:438} INFO - [32m[2025-09-09 08:54:05 INFO] Action: cleanup-cpu-stress-resources
[2025-09-09T08:54:07.262+0000] {docker.py:438} INFO - [31m[2025-09-09 08:54:07 ERROR]   => failed: chaoslib.exceptions.ActivityFailed: Failed to delete custom resource object: 'Not Found' b'{"kind":"Status","apiVersion":"v1","metadata":{},"status":"Failure","message":"stresschaos.chaos-mesh.org \\"cpu-stress-sequential\\" not found","reason":"NotFound","details":{"name":"cpu-stress-sequential","group":"chaos-mesh.org","kind":"stresschaos"},"code":404}\n'
[2025-09-09T08:54:07.263+0000] {docker.py:438} INFO - [32m[2025-09-09 08:54:07 INFO] Experiment ended with status: completed
[2025-09-09T08:54:07.645+0000] {taskinstance.py:340} INFO - ::group::Post task execution logs
[2025-09-09T08:54:07.646+0000] {taskinstance.py:352} INFO - Marking task as SUCCESS. dag_id=chaos_combined-sequential, task_id=run_combined-sequential, run_id=manual__2025-09-09T08:53:50.589510+00:00, execution_date=20250909T085350, start_date=20250909T085352, end_date=20250909T085407
[2025-09-09T08:54:07.677+0000] {local_task_job_runner.py:266} INFO - Task exited with return code 0
[2025-09-09T08:54:07.692+0000] {taskinstance.py:3900} INFO - 0 downstream tasks scheduled from follow-on schedule check
[2025-09-09T08:54:07.695+0000] {local_task_job_runner.py:245} INFO - ::endgroup::
