[2025-09-09T11:12:45.031+0000] {local_task_job_runner.py:123} INFO - ::group::Pre task execution logs
[2025-09-09T11:12:45.047+0000] {taskinstance.py:2612} INFO - Dependencies all met for dep_context=non-requeueable deps ti=<TaskInstance: chaos_API_Latency.run_API_Latency scheduled__2025-01-01T00:00:00+00:00 [queued]>
[2025-09-09T11:12:45.057+0000] {taskinstance.py:2612} INFO - Dependencies all met for dep_context=requeueable deps ti=<TaskInstance: chaos_API_Latency.run_API_Latency scheduled__2025-01-01T00:00:00+00:00 [queued]>
[2025-09-09T11:12:45.057+0000] {taskinstance.py:2865} INFO - Starting attempt 1 of 1
[2025-09-09T11:12:45.071+0000] {taskinstance.py:2888} INFO - Executing <Task(DockerOperator): run_API_Latency> on 2025-01-01 00:00:00+00:00
[2025-09-09T11:12:45.077+0000] {standard_task_runner.py:72} INFO - Started process 73 to run task
[2025-09-09T11:12:45.080+0000] {standard_task_runner.py:104} INFO - Running: ['***', 'tasks', 'run', 'chaos_API_Latency', 'run_API_Latency', 'scheduled__2025-01-01T00:00:00+00:00', '--job-id', '84', '--raw', '--subdir', 'DAGS_FOLDER/dag_factory.py', '--cfg-path', '/tmp/tmp48sx3nki']
[2025-09-09T11:12:45.081+0000] {standard_task_runner.py:105} INFO - Job 84: Subtask run_API_Latency
[2025-09-09T11:12:45.126+0000] {task_command.py:467} INFO - Running <TaskInstance: chaos_API_Latency.run_API_Latency scheduled__2025-01-01T00:00:00+00:00 [running]> on host BNXL-80508-WL.India.XoriantCorp.com
[2025-09-09T11:12:45.198+0000] {taskinstance.py:3131} INFO - Exporting env vars: AIRFLOW_CTX_DAG_OWNER='***' AIRFLOW_CTX_DAG_ID='chaos_API_Latency' AIRFLOW_CTX_TASK_ID='run_API_Latency' AIRFLOW_CTX_EXECUTION_DATE='2025-01-01T00:00:00+00:00' AIRFLOW_CTX_TRY_NUMBER='1' AIRFLOW_CTX_DAG_RUN_ID='scheduled__2025-01-01T00:00:00+00:00'
[2025-09-09T11:12:45.199+0000] {taskinstance.py:731} INFO - ::endgroup::
[2025-09-09T11:12:45.275+0000] {docker.py:367} INFO - Starting docker container from image ***_chaos:latest
[2025-09-09T11:12:45.566+0000] {docker.py:438} INFO - The container is run as root user. For security, consider using a regular user account.
[2025-09-09T11:12:52.475+0000] {docker.py:438} INFO - 
[2025-09-09T11:12:53.666+0000] {docker.py:438} INFO - [32m[2025-09-09 11:12:53 INFO] Validating the experiment's syntax
[2025-09-09T11:12:53.887+0000] {docker.py:438} INFO - [32m[2025-09-09 11:12:53 INFO] Experiment looks valid
[2025-09-09T11:12:53.887+0000] {docker.py:438} INFO - [32m[2025-09-09 11:12:53 INFO] Running experiment: CPU Stress Test - Database Pod with Timed Rollback
[2025-09-09T11:12:53.890+0000] {docker.py:438} INFO - [32m[2025-09-09 11:12:53 INFO] Steady-state strategy: default
[2025-09-09T11:12:53.891+0000] {docker.py:438} INFO - [32m[2025-09-09 11:12:53 INFO] Rollbacks strategy: default
[2025-09-09T11:12:53.891+0000] {docker.py:438} INFO - [32m[2025-09-09 11:12:53 INFO] No steady state hypothesis defined. That's ok, just exploring.
[2025-09-09T11:12:53.891+0000] {docker.py:438} INFO - [32m[2025-09-09 11:12:53 INFO] Playing your experiment's method now...
[2025-09-09T11:12:53.891+0000] {docker.py:438} INFO - [32m[2025-09-09 11:12:53 INFO] Action: apply-database-cpu-stress
[2025-09-09T11:12:55.558+0000] {docker.py:438} INFO - [32m[2025-09-09 11:12:55 INFO] Probe: wait-for-stress-duration
[2025-09-09T11:16:00.586+0000] {docker.py:438} INFO - [32m[2025-09-09 11:16:00 INFO] Let's rollback...
[2025-09-09T11:16:00.588+0000] {docker.py:438} INFO - [32m[2025-09-09 11:16:00 INFO] Rollback: cleanup-database-stress
[2025-09-09T11:16:00.589+0000] {docker.py:438} INFO - [32m[2025-09-09 11:16:00 INFO] Action: cleanup-database-stress
[2025-09-09T11:16:02.232+0000] {docker.py:438} INFO - [32m[2025-09-09 11:16:02 INFO] Experiment ended with status: completed
[2025-09-09T11:16:02.720+0000] {taskinstance.py:340} INFO - ::group::Post task execution logs
[2025-09-09T11:16:02.724+0000] {taskinstance.py:352} INFO - Marking task as SUCCESS. dag_id=chaos_API_Latency, task_id=run_API_Latency, run_id=scheduled__2025-01-01T00:00:00+00:00, execution_date=20250101T000000, start_date=20250909T111245, end_date=20250909T111602
[2025-09-09T11:16:02.779+0000] {local_task_job_runner.py:266} INFO - Task exited with return code 0
[2025-09-09T11:16:02.810+0000] {taskinstance.py:3900} INFO - 0 downstream tasks scheduled from follow-on schedule check
[2025-09-09T11:16:02.812+0000] {local_task_job_runner.py:245} INFO - ::endgroup::
