[2025-09-08T17:45:59.446+0000] {local_task_job_runner.py:123} INFO - ::group::Pre task execution logs
[2025-09-08T17:45:59.471+0000] {taskinstance.py:2612} INFO - Dependencies all met for dep_context=non-requeueable deps ti=<TaskInstance: chaos_pod_restart.run_pod_restart manual__2025-09-08T17:45:57.630353+00:00 [queued]>
[2025-09-08T17:45:59.485+0000] {taskinstance.py:2612} INFO - Dependencies all met for dep_context=requeueable deps ti=<TaskInstance: chaos_pod_restart.run_pod_restart manual__2025-09-08T17:45:57.630353+00:00 [queued]>
[2025-09-08T17:45:59.486+0000] {taskinstance.py:2865} INFO - Starting attempt 1 of 1
[2025-09-08T17:45:59.522+0000] {taskinstance.py:2888} INFO - Executing <Task(DockerOperator): run_pod_restart> on 2025-09-08 17:45:57.630353+00:00
[2025-09-08T17:45:59.542+0000] {standard_task_runner.py:72} INFO - Started process 57 to run task
[2025-09-08T17:45:59.568+0000] {standard_task_runner.py:104} INFO - Running: ['***', 'tasks', 'run', 'chaos_pod_restart', 'run_pod_restart', 'manual__2025-09-08T17:45:57.630353+00:00', '--job-id', '58', '--raw', '--subdir', 'DAGS_FOLDER/dag_factory.py', '--cfg-path', '/tmp/tmp504u5my5']
[2025-09-08T17:45:59.570+0000] {standard_task_runner.py:105} INFO - Job 58: Subtask run_pod_restart
[2025-09-08T17:45:59.731+0000] {task_command.py:467} INFO - Running <TaskInstance: chaos_pod_restart.run_pod_restart manual__2025-09-08T17:45:57.630353+00:00 [running]> on host BNXL-80508-WL.India.XoriantCorp.com
[2025-09-08T17:45:59.945+0000] {taskinstance.py:3131} INFO - Exporting env vars: AIRFLOW_CTX_DAG_OWNER='***' AIRFLOW_CTX_DAG_ID='chaos_pod_restart' AIRFLOW_CTX_TASK_ID='run_pod_restart' AIRFLOW_CTX_EXECUTION_DATE='2025-09-08T17:45:57.630353+00:00' AIRFLOW_CTX_TRY_NUMBER='1' AIRFLOW_CTX_DAG_RUN_ID='manual__2025-09-08T17:45:57.630353+00:00'
[2025-09-08T17:45:59.947+0000] {taskinstance.py:731} INFO - ::endgroup::
[2025-09-08T17:46:00.097+0000] {docker.py:367} INFO - Starting docker container from image ***_chaos:latest
[2025-09-08T17:46:00.637+0000] {docker.py:438} INFO - The container is run as root user. For security, consider using a regular user account.
[2025-09-08T17:46:16.839+0000] {docker.py:438} INFO - 
[2025-09-08T17:46:18.190+0000] {docker.py:438} INFO - [32m[2025-09-08 17:46:18 INFO] Validating the experiment's syntax
[2025-09-08T17:46:19.122+0000] {docker.py:438} INFO - [32m[2025-09-08 17:46:19 INFO] Experiment looks valid
[2025-09-08T17:46:19.124+0000] {docker.py:438} INFO - [32m[2025-09-08 17:46:19 INFO] Running experiment: Continuous Pod Restart Experiment
[2025-09-08T17:46:19.129+0000] {docker.py:438} INFO - [32m[2025-09-08 17:46:19 INFO] Steady-state strategy: default
[2025-09-08T17:46:19.130+0000] {docker.py:438} INFO - [32m[2025-09-08 17:46:19 INFO] Rollbacks strategy: default
[2025-09-08T17:46:19.130+0000] {docker.py:438} INFO - [32m[2025-09-08 17:46:19 INFO] No steady state hypothesis defined. That's ok, just exploring.
[2025-09-08T17:46:19.130+0000] {docker.py:438} INFO - [32m[2025-09-08 17:46:19 INFO] Playing your experiment's method now...
[2025-09-08T17:46:19.131+0000] {docker.py:438} INFO - [32m[2025-09-08 17:46:19 INFO] Action: continuous-restart
[2025-09-08T17:50:19.420+0000] {docker.py:438} INFO - [32m[2025-09-08 17:50:19 INFO] Let's rollback...
[2025-09-08T17:50:19.422+0000] {docker.py:438} INFO - [32m[2025-09-08 17:50:19 INFO] No declared rollbacks, let's move on.
[2025-09-08T17:50:19.423+0000] {docker.py:438} INFO - [32m[2025-09-08 17:50:19 INFO] Experiment ended with status: completed
[2025-09-08T17:50:19.426+0000] {docker.py:438} INFO - 🚀 Starting continuous pod restart experiment
[2025-09-08T17:50:19.427+0000] {docker.py:438} INFO - 📅 Interval: 60 seconds
[2025-09-08T17:50:19.427+0000] {docker.py:438} INFO - ⏱️  Duration: 300 seconds
[2025-09-08T17:50:19.429+0000] {docker.py:438} INFO - 🎯 Target: app=dummy
[2025-09-08T17:50:19.430+0000] {docker.py:438} INFO - 📍 Namespace: default
[2025-09-08T17:50:19.430+0000] {docker.py:438} INFO - 
[2025-09-08T17:50:19.431+0000] {docker.py:438} INFO - ==================================================
[2025-09-08T17:50:19.431+0000] {docker.py:438} INFO - 🔄 Restart #1 at 2025-09-08 17:46:19
[2025-09-08T17:50:19.432+0000] {docker.py:438} INFO - ==================================================
[2025-09-08T17:50:19.432+0000] {docker.py:438} INFO - Hello world - terminate function started!
[2025-09-08T17:50:19.435+0000] {docker.py:438} INFO - Selecting pods with label_selector: app=dummy
[2025-09-08T17:50:19.437+0000] {docker.py:438} INFO - Found 3 pods initially
[2025-09-08T17:50:19.438+0000] {docker.py:438} INFO - Random selection: 1 pods
[2025-09-08T17:50:19.439+0000] {docker.py:438} INFO - Deleting pod: dummy-deployment-687df79484-9mgvq
[2025-09-08T17:50:19.440+0000] {docker.py:438} INFO - Deleted 1 pods: ['dummy-deployment-687df79484-9mgvq']
[2025-09-08T17:50:19.441+0000] {docker.py:438} INFO - ✅ Successfully restarted pods: ['dummy-deployment-687df79484-9mgvq']
[2025-09-08T17:50:19.441+0000] {docker.py:438} INFO - ⏳ Waiting 60 seconds until next restart...
[2025-09-08T17:50:19.442+0000] {docker.py:438} INFO - 📊 Time remaining: 300 seconds
[2025-09-08T17:50:19.442+0000] {docker.py:438} INFO - 
[2025-09-08T17:50:19.443+0000] {docker.py:438} INFO - ==================================================
[2025-09-08T17:50:19.443+0000] {docker.py:438} INFO - 🔄 Restart #2 at 2025-09-08 17:47:19
[2025-09-08T17:50:19.444+0000] {docker.py:438} INFO - ==================================================
[2025-09-08T17:50:19.444+0000] {docker.py:438} INFO - Hello world - terminate function started!
[2025-09-08T17:50:19.446+0000] {docker.py:438} INFO - Selecting pods with label_selector: app=dummy
[2025-09-08T17:50:19.454+0000] {docker.py:438} INFO - Found 3 pods initially
[2025-09-08T17:50:19.455+0000] {docker.py:438} INFO - Random selection: 1 pods
[2025-09-08T17:50:19.455+0000] {docker.py:438} INFO - Deleting pod: dummy-deployment-687df79484-x2qnb
[2025-09-08T17:50:19.456+0000] {docker.py:438} INFO - Deleted 1 pods: ['dummy-deployment-687df79484-x2qnb']
[2025-09-08T17:50:19.456+0000] {docker.py:438} INFO - ✅ Successfully restarted pods: ['dummy-deployment-687df79484-x2qnb']
[2025-09-08T17:50:19.457+0000] {docker.py:438} INFO - ⏳ Waiting 60 seconds until next restart...
[2025-09-08T17:50:19.457+0000] {docker.py:438} INFO - 📊 Time remaining: 240 seconds
[2025-09-08T17:50:19.458+0000] {docker.py:438} INFO - 
[2025-09-08T17:50:19.459+0000] {docker.py:438} INFO - ==================================================
[2025-09-08T17:50:19.459+0000] {docker.py:438} INFO - 🔄 Restart #3 at 2025-09-08 17:48:19
[2025-09-08T17:50:19.460+0000] {docker.py:438} INFO - ==================================================
[2025-09-08T17:50:19.460+0000] {docker.py:438} INFO - Hello world - terminate function started!
[2025-09-08T17:50:19.461+0000] {docker.py:438} INFO - Selecting pods with label_selector: app=dummy
[2025-09-08T17:50:19.461+0000] {docker.py:438} INFO - Found 3 pods initially
[2025-09-08T17:50:19.462+0000] {docker.py:438} INFO - Random selection: 1 pods
[2025-09-08T17:50:19.462+0000] {docker.py:438} INFO - Deleting pod: dummy-deployment-687df79484-wqhf9
[2025-09-08T17:50:19.463+0000] {docker.py:438} INFO - Deleted 1 pods: ['dummy-deployment-687df79484-wqhf9']
[2025-09-08T17:50:19.465+0000] {docker.py:438} INFO - ✅ Successfully restarted pods: ['dummy-deployment-687df79484-wqhf9']
[2025-09-08T17:50:19.466+0000] {docker.py:438} INFO - ⏳ Waiting 60 seconds until next restart...
[2025-09-08T17:50:19.468+0000] {docker.py:438} INFO - 📊 Time remaining: 180 seconds
[2025-09-08T17:50:19.472+0000] {docker.py:438} INFO - 
[2025-09-08T17:50:19.474+0000] {docker.py:438} INFO - ==================================================
[2025-09-08T17:50:19.475+0000] {docker.py:438} INFO - 🔄 Restart #4 at 2025-09-08 17:49:19
[2025-09-08T17:50:19.476+0000] {docker.py:438} INFO - ==================================================
[2025-09-08T17:50:19.477+0000] {docker.py:438} INFO - Hello world - terminate function started!
[2025-09-08T17:50:19.477+0000] {docker.py:438} INFO - Selecting pods with label_selector: app=dummy
[2025-09-08T17:50:19.478+0000] {docker.py:438} INFO - Found 3 pods initially
[2025-09-08T17:50:19.478+0000] {docker.py:438} INFO - Random selection: 1 pods
[2025-09-08T17:50:19.479+0000] {docker.py:438} INFO - Deleting pod: dummy-deployment-687df79484-crt5w
[2025-09-08T17:50:19.483+0000] {docker.py:438} INFO - Deleted 1 pods: ['dummy-deployment-687df79484-crt5w']
[2025-09-08T17:50:19.489+0000] {docker.py:438} INFO - ✅ Successfully restarted pods: ['dummy-deployment-687df79484-crt5w']
[2025-09-08T17:50:19.490+0000] {docker.py:438} INFO - ⏳ Waiting 60 seconds until next restart...
[2025-09-08T17:50:19.490+0000] {docker.py:438} INFO - 📊 Time remaining: 120 seconds
[2025-09-08T17:50:19.491+0000] {docker.py:438} INFO - 
[2025-09-08T17:50:19.491+0000] {docker.py:438} INFO - ==================================================
[2025-09-08T17:50:19.492+0000] {docker.py:438} INFO - 🔄 Restart #5 at 2025-09-08 17:50:19
[2025-09-08T17:50:19.492+0000] {docker.py:438} INFO - ==================================================
[2025-09-08T17:50:19.492+0000] {docker.py:438} INFO - Hello world - terminate function started!
[2025-09-08T17:50:19.493+0000] {docker.py:438} INFO - Selecting pods with label_selector: app=dummy
[2025-09-08T17:50:19.494+0000] {docker.py:438} INFO - Found 3 pods initially
[2025-09-08T17:50:19.494+0000] {docker.py:438} INFO - Random selection: 1 pods
[2025-09-08T17:50:19.494+0000] {docker.py:438} INFO - Deleting pod: dummy-deployment-687df79484-gm784
[2025-09-08T17:50:19.495+0000] {docker.py:438} INFO - Deleted 1 pods: ['dummy-deployment-687df79484-gm784']
[2025-09-08T17:50:19.495+0000] {docker.py:438} INFO - ✅ Successfully restarted pods: ['dummy-deployment-687df79484-gm784']
[2025-09-08T17:50:19.496+0000] {docker.py:438} INFO - ⏰ Less than 60 seconds remaining, stopping experiment
[2025-09-08T17:50:19.496+0000] {docker.py:438} INFO - 
[2025-09-08T17:50:19.497+0000] {docker.py:438} INFO - ==================================================
[2025-09-08T17:50:19.497+0000] {docker.py:438} INFO - 🏁 Experiment Completed!
[2025-09-08T17:50:19.497+0000] {docker.py:438} INFO - ==================================================
[2025-09-08T17:50:19.506+0000] {docker.py:438} INFO - 📈 Total restarts performed: 5
[2025-09-08T17:50:19.509+0000] {docker.py:438} INFO - ⏱️  Total duration: 240 seconds
[2025-09-08T17:50:19.510+0000] {docker.py:438} INFO - 📊 Average interval: 48.1 seconds
[2025-09-08T17:50:20.332+0000] {taskinstance.py:340} INFO - ::group::Post task execution logs
[2025-09-08T17:50:20.334+0000] {taskinstance.py:352} INFO - Marking task as SUCCESS. dag_id=chaos_pod_restart, task_id=run_pod_restart, run_id=manual__2025-09-08T17:45:57.630353+00:00, execution_date=20250908T174557, start_date=20250908T174559, end_date=20250908T175020
[2025-09-08T17:50:20.404+0000] {local_task_job_runner.py:266} INFO - Task exited with return code 0
[2025-09-08T17:50:20.458+0000] {taskinstance.py:3900} INFO - 0 downstream tasks scheduled from follow-on schedule check
[2025-09-08T17:50:20.475+0000] {local_task_job_runner.py:245} INFO - ::endgroup::
