[36m[2025-09-20 13:22:19 DEBUG] [__init__:101] ###############################################################################
[36m[2025-09-20 13:22:19 DEBUG] [__init__:102] Running command 'run'
[36m[2025-09-20 13:22:19 DEBUG] [__init__:106] Using settings file '/root/.chaostoolkit/settings.yaml'
[36m[2025-09-20 13:22:20 DEBUG] [settings:31] The Chaos Toolkit settings file could not be found at '/root/.chaostoolkit/settings.yaml'.
[36m[2025-09-20 13:22:20 DEBUG] [__init__:472] No controls to apply on 'loader'
[36m[2025-09-20 13:22:20 DEBUG] [__init__:472] No controls to apply on 'loader'
[36m[2025-09-20 13:22:20 DEBUG] [caching:24] Building activity cache...
[36m[2025-09-20 13:22:20 DEBUG] [caching:35] Cached 1 activities
[32m[2025-09-20 13:22:20 INFO] [experiment:59] Validating the experiment's syntax
[36m[2025-09-20 13:22:20 DEBUG] [configuration:64] Loading configuration...
[36m[2025-09-20 13:22:20 DEBUG] [secret:79] Loading secrets...
[36m[2025-09-20 13:22:20 DEBUG] [secret:104] Done loading secrets
[32m[2025-09-20 13:22:20 INFO] [experiment:112] Experiment looks valid
[36m[2025-09-20 13:22:20 DEBUG] [caching:42] Clearing activities cache
[36m[2025-09-20 13:22:20 DEBUG] [run:224] Runtime strategies: hypothesis - default / rollbacks - default
[36m[2025-09-20 13:22:20 DEBUG] [caching:24] Building activity cache...
[36m[2025-09-20 13:22:20 DEBUG] [caching:35] Cached 1 activities
[36m[2025-09-20 13:22:20 DEBUG] [configuration:64] Loading configuration...
[36m[2025-09-20 13:22:20 DEBUG] [secret:79] Loading secrets...
[36m[2025-09-20 13:22:20 DEBUG] [secret:104] Done loading secrets
[36m[2025-09-20 13:22:20 DEBUG] [configuration:161] Loading dynamic configuration...
[32m[2025-09-20 13:22:20 INFO] [run:440] Running experiment: Local Redis Memory Stress Test
[36m[2025-09-20 13:22:20 DEBUG] [__init__:67] Initializing controls
[32m[2025-09-20 13:22:20 INFO] [run:471] Steady-state strategy: default
[32m[2025-09-20 13:22:20 INFO] [run:477] Rollbacks strategy: default
[32m[2025-09-20 13:22:20 INFO] [run:485] No steady state hypothesis defined. That's ok, just exploring.
[36m[2025-09-20 13:22:20 DEBUG] [__init__:472] No controls to apply on 'experiment'
[32m[2025-09-20 13:22:20 INFO] [run:778] Playing your experiment's method now...
[36m[2025-09-20 13:22:20 DEBUG] [__init__:472] No controls to apply on 'method'
[36m[2025-09-20 13:22:20 DEBUG] [__init__:472] No controls to apply on 'activity'
[32m[2025-09-20 13:22:20 INFO] [activity:232] Action: redis-memory-stress-complete
[36m[2025-09-20 13:22:20 DEBUG] [python:33] Activity 'redis-memory-stress-complete' loaded from '/opt/airflow/src/pod/redis_config_faults.py'
[36m[2025-09-20 13:25:13 DEBUG] [activity:260]   => succeeded with '{'used_memory': '20.03M', 'evicted_keys': 0, 'duration': 180}'
[36m[2025-09-20 13:25:13 DEBUG] [__init__:472] No controls to apply on 'activity'
[36m[2025-09-20 13:25:13 DEBUG] [__init__:472] No controls to apply on 'method'
[32m[2025-09-20 13:25:13 INFO] [run:1072] Let's rollback...
[36m[2025-09-20 13:25:13 DEBUG] [__init__:472] No controls to apply on 'rollback'
[32m[2025-09-20 13:25:13 INFO] [rollback:36] Rollback: reset-redis-memory
[36m[2025-09-20 13:25:13 DEBUG] [__init__:472] No controls to apply on 'activity'
[32m[2025-09-20 13:25:13 INFO] [activity:232] Action: reset-redis-memory
[36m[2025-09-20 13:25:13 DEBUG] [python:33] Activity 'reset-redis-memory' loaded from '/opt/airflow/src/pod/redis_config_faults.py'
[36m[2025-09-20 13:25:14 DEBUG] [activity:260]   => succeeded with '{'status': 'reset', 'maxmemory': '0', 'policy': 'noeviction'}'
[36m[2025-09-20 13:25:14 DEBUG] [__init__:472] No controls to apply on 'activity'
[36m[2025-09-20 13:25:14 DEBUG] [__init__:472] No controls to apply on 'rollback'
[32m[2025-09-20 13:25:14 INFO] [run:598] Experiment ended with status: completed
[36m[2025-09-20 13:25:14 DEBUG] [__init__:472] No controls to apply on 'experiment'
[36m[2025-09-20 13:25:14 DEBUG] [__init__:106] Cleaning up controls
[36m[2025-09-20 13:25:14 DEBUG] [caching:42] Clearing activities cache
[36m[2025-09-20 13:39:14 DEBUG] [__init__:101] ###############################################################################
[36m[2025-09-20 13:39:14 DEBUG] [__init__:102] Running command 'run'
[36m[2025-09-20 13:39:14 DEBUG] [__init__:106] Using settings file '/root/.chaostoolkit/settings.yaml'
[36m[2025-09-20 13:39:15 DEBUG] [settings:31] The Chaos Toolkit settings file could not be found at '/root/.chaostoolkit/settings.yaml'.
[36m[2025-09-20 13:39:15 DEBUG] [__init__:472] No controls to apply on 'loader'
[36m[2025-09-20 13:39:15 DEBUG] [__init__:472] No controls to apply on 'loader'
[36m[2025-09-20 13:39:15 DEBUG] [caching:24] Building activity cache...
[36m[2025-09-20 13:39:15 DEBUG] [caching:35] Cached 1 activities
[32m[2025-09-20 13:39:15 INFO] [experiment:59] Validating the experiment's syntax
[36m[2025-09-20 13:39:15 DEBUG] [configuration:64] Loading configuration...
[36m[2025-09-20 13:39:15 DEBUG] [secret:79] Loading secrets...
[36m[2025-09-20 13:39:15 DEBUG] [secret:104] Done loading secrets
[32m[2025-09-20 13:39:15 INFO] [experiment:112] Experiment looks valid
[36m[2025-09-20 13:39:15 DEBUG] [caching:42] Clearing activities cache
[36m[2025-09-20 13:39:15 DEBUG] [run:224] Runtime strategies: hypothesis - default / rollbacks - default
[36m[2025-09-20 13:39:15 DEBUG] [caching:24] Building activity cache...
[36m[2025-09-20 13:39:15 DEBUG] [caching:35] Cached 1 activities
[36m[2025-09-20 13:39:15 DEBUG] [configuration:64] Loading configuration...
[36m[2025-09-20 13:39:15 DEBUG] [secret:79] Loading secrets...
[36m[2025-09-20 13:39:15 DEBUG] [secret:104] Done loading secrets
[36m[2025-09-20 13:39:15 DEBUG] [configuration:161] Loading dynamic configuration...
[32m[2025-09-20 13:39:15 INFO] [run:440] Running experiment: Local Redis Memory Stress Test
[36m[2025-09-20 13:39:15 DEBUG] [__init__:67] Initializing controls
[32m[2025-09-20 13:39:15 INFO] [run:471] Steady-state strategy: default
[32m[2025-09-20 13:39:15 INFO] [run:477] Rollbacks strategy: default
[32m[2025-09-20 13:39:15 INFO] [run:485] No steady state hypothesis defined. That's ok, just exploring.
[36m[2025-09-20 13:39:15 DEBUG] [__init__:472] No controls to apply on 'experiment'
[32m[2025-09-20 13:39:15 INFO] [run:778] Playing your experiment's method now...
[36m[2025-09-20 13:39:15 DEBUG] [__init__:472] No controls to apply on 'method'
[36m[2025-09-20 13:39:15 DEBUG] [__init__:472] No controls to apply on 'activity'
[32m[2025-09-20 13:39:15 INFO] [activity:232] Action: redis-memory-stress-complete
[36m[2025-09-20 13:39:15 DEBUG] [python:33] Activity 'redis-memory-stress-complete' loaded from '/opt/airflow/src/pod/redis_config_faults.py'
[36m[2025-09-20 13:42:04 DEBUG] [activity:260]   => succeeded with '{'used_memory': '20.03M', 'evicted_keys': 0, 'duration': 180}'
[36m[2025-09-20 13:42:04 DEBUG] [__init__:472] No controls to apply on 'activity'
[36m[2025-09-20 13:42:04 DEBUG] [__init__:472] No controls to apply on 'method'
[32m[2025-09-20 13:42:04 INFO] [run:1072] Let's rollback...
[36m[2025-09-20 13:42:04 DEBUG] [__init__:472] No controls to apply on 'rollback'
[32m[2025-09-20 13:42:04 INFO] [rollback:36] Rollback: reset-redis-memory
[36m[2025-09-20 13:42:04 DEBUG] [__init__:472] No controls to apply on 'activity'
[32m[2025-09-20 13:42:04 INFO] [activity:232] Action: reset-redis-memory
[36m[2025-09-20 13:42:04 DEBUG] [python:33] Activity 'reset-redis-memory' loaded from '/opt/airflow/src/pod/redis_config_faults.py'
[36m[2025-09-20 13:42:05 DEBUG] [activity:260]   => succeeded with '{'status': 'reset', 'maxmemory': '0', 'policy': 'noeviction'}'
[36m[2025-09-20 13:42:05 DEBUG] [__init__:472] No controls to apply on 'activity'
[36m[2025-09-20 13:42:05 DEBUG] [__init__:472] No controls to apply on 'rollback'
[32m[2025-09-20 13:42:05 INFO] [run:598] Experiment ended with status: completed
[36m[2025-09-20 13:42:05 DEBUG] [__init__:472] No controls to apply on 'experiment'
[36m[2025-09-20 13:42:05 DEBUG] [__init__:106] Cleaning up controls
[36m[2025-09-20 13:42:05 DEBUG] [caching:42] Clearing activities cache
