[2025-09-09T14:42:43.132+0000] {local_task_job_runner.py:123} INFO - ::group::Pre task execution logs
[2025-09-09T14:42:43.156+0000] {taskinstance.py:2612} INFO - Dependencies all met for dep_context=non-requeueable deps ti=<TaskInstance: chaos_API_Timeout.run_API_Timeout manual__2025-09-09T14:42:40.918254+00:00 [queued]>
[2025-09-09T14:42:43.169+0000] {taskinstance.py:2612} INFO - Dependencies all met for dep_context=requeueable deps ti=<TaskInstance: chaos_API_Timeout.run_API_Timeout manual__2025-09-09T14:42:40.918254+00:00 [queued]>
[2025-09-09T14:42:43.169+0000] {taskinstance.py:2865} INFO - Starting attempt 1 of 1
[2025-09-09T14:42:43.186+0000] {taskinstance.py:2888} INFO - Executing <Task(DockerOperator): run_API_Timeout> on 2025-09-09 14:42:40.918254+00:00
[2025-09-09T14:42:43.191+0000] {standard_task_runner.py:72} INFO - Started process 79 to run task
[2025-09-09T14:42:43.195+0000] {standard_task_runner.py:104} INFO - Running: ['***', 'tasks', 'run', 'chaos_API_Timeout', 'run_API_Timeout', 'manual__2025-09-09T14:42:40.918254+00:00', '--job-id', '86', '--raw', '--subdir', 'DAGS_FOLDER/dag_factory.py', '--cfg-path', '/tmp/tmpprsaxors']
[2025-09-09T14:42:43.197+0000] {standard_task_runner.py:105} INFO - Job 86: Subtask run_API_Timeout
[2025-09-09T14:42:43.263+0000] {task_command.py:467} INFO - Running <TaskInstance: chaos_API_Timeout.run_API_Timeout manual__2025-09-09T14:42:40.918254+00:00 [running]> on host BNXL-80508-WL.India.XoriantCorp.com
[2025-09-09T14:42:43.371+0000] {taskinstance.py:3131} INFO - Exporting env vars: AIRFLOW_CTX_DAG_OWNER='***' AIRFLOW_CTX_DAG_ID='chaos_API_Timeout' AIRFLOW_CTX_TASK_ID='run_API_Timeout' AIRFLOW_CTX_EXECUTION_DATE='2025-09-09T14:42:40.918254+00:00' AIRFLOW_CTX_TRY_NUMBER='1' AIRFLOW_CTX_DAG_RUN_ID='manual__2025-09-09T14:42:40.918254+00:00'
[2025-09-09T14:42:43.372+0000] {taskinstance.py:731} INFO - ::endgroup::
[2025-09-09T14:42:43.481+0000] {docker.py:367} INFO - Starting docker container from image ***_chaos:latest
[2025-09-09T14:42:43.873+0000] {docker.py:438} INFO - The container is run as root user. For security, consider using a regular user account.
[2025-09-09T14:42:52.322+0000] {docker.py:438} INFO - 
[2025-09-09T14:42:53.259+0000] {docker.py:438} INFO - [32m[2025-09-09 14:42:53 INFO] Validating the experiment's syntax
[2025-09-09T14:42:53.474+0000] {docker.py:438} INFO - [32m[2025-09-09 14:42:53 INFO] Experiment looks valid
[2025-09-09T14:42:53.474+0000] {docker.py:438} INFO - [32m[2025-09-09 14:42:53 INFO] Running experiment: Continuous Pod Restart Experiment
[2025-09-09T14:42:53.477+0000] {docker.py:438} INFO - [32m[2025-09-09 14:42:53 INFO] Steady-state strategy: default
[2025-09-09T14:42:53.478+0000] {docker.py:438} INFO - [32m[2025-09-09 14:42:53 INFO] Rollbacks strategy: default
[2025-09-09T14:42:53.478+0000] {docker.py:438} INFO - [32m[2025-09-09 14:42:53 INFO] No steady state hypothesis defined. That's ok, just exploring.
[2025-09-09T14:42:53.478+0000] {docker.py:438} INFO - [32m[2025-09-09 14:42:53 INFO] Playing your experiment's method now...
[2025-09-09T14:42:53.479+0000] {docker.py:438} INFO - [32m[2025-09-09 14:42:53 INFO] Action: continuous-restart
[2025-09-09T14:43:52.143+0000] {docker.py:438} INFO - 🚀 Starting continuous pod restart experiment
[2025-09-09T14:43:52.144+0000] {docker.py:438} INFO - 📅 Interval: 2 seconds
[2025-09-09T14:43:52.144+0000] {docker.py:438} INFO - ⏱️  Duration: 120 seconds
[2025-09-09T14:43:52.144+0000] {docker.py:438} INFO - 🎯 Target: app=petclinic
[2025-09-09T14:43:52.144+0000] {docker.py:438} INFO - 📍 Namespace: default
[2025-09-09T14:43:52.144+0000] {docker.py:438} INFO - 
[2025-09-09T14:43:52.145+0000] {docker.py:438} INFO - ==================================================
[2025-09-09T14:43:52.145+0000] {docker.py:438} INFO - 🔄 Restart #1 at 2025-09-09 14:42:53
[2025-09-09T14:43:52.145+0000] {docker.py:438} INFO - ==================================================
[2025-09-09T14:43:52.145+0000] {docker.py:438} INFO - Hello world - terminate function started!
[2025-09-09T14:43:52.145+0000] {docker.py:438} INFO - Selecting pods with label_selector: app=petclinic
[2025-09-09T14:43:52.145+0000] {docker.py:438} INFO - Found 1 pods initially
[2025-09-09T14:43:52.145+0000] {docker.py:438} INFO - Random selection: 1 pods
[2025-09-09T14:43:52.146+0000] {docker.py:438} INFO - Deleting pod: petclinic-54c586fc9f-99gsl
[2025-09-09T14:43:52.146+0000] {docker.py:438} INFO - Deleted 1 pods: ['petclinic-54c586fc9f-99gsl']
[2025-09-09T14:43:52.146+0000] {docker.py:438} INFO - ✅ Successfully restarted pods: ['petclinic-54c586fc9f-99gsl']
[2025-09-09T14:43:52.146+0000] {docker.py:438} INFO - ⏳ Waiting 2 seconds until next restart...
[2025-09-09T14:43:52.146+0000] {docker.py:438} INFO - 📊 Time remaining: 118 seconds
[2025-09-09T14:43:52.146+0000] {docker.py:438} INFO - 
[2025-09-09T14:43:52.147+0000] {docker.py:438} INFO - ==================================================
[2025-09-09T14:43:52.147+0000] {docker.py:438} INFO - 🔄 Restart #2 at 2025-09-09 14:42:57
[2025-09-09T14:43:52.147+0000] {docker.py:438} INFO - ==================================================
[2025-09-09T14:43:52.147+0000] {docker.py:438} INFO - Hello world - terminate function started!
[2025-09-09T14:43:52.148+0000] {docker.py:438} INFO - Selecting pods with label_selector: app=petclinic
[2025-09-09T14:43:52.148+0000] {docker.py:438} INFO - Found 1 pods initially
[2025-09-09T14:43:52.148+0000] {docker.py:438} INFO - Random selection: 1 pods
[2025-09-09T14:43:52.148+0000] {docker.py:438} INFO - Deleting pod: petclinic-54c586fc9f-wq7lv
[2025-09-09T14:43:52.149+0000] {docker.py:438} INFO - Deleted 1 pods: ['petclinic-54c586fc9f-wq7lv']
[2025-09-09T14:43:52.149+0000] {docker.py:438} INFO - ✅ Successfully restarted pods: ['petclinic-54c586fc9f-wq7lv']
[2025-09-09T14:43:52.149+0000] {docker.py:438} INFO - ⏳ Waiting 2 seconds until next restart...
[2025-09-09T14:43:52.149+0000] {docker.py:438} INFO - 📊 Time remaining: 114 seconds
[2025-09-09T14:43:52.149+0000] {docker.py:438} INFO - 
[2025-09-09T14:43:52.149+0000] {docker.py:438} INFO - ==================================================
[2025-09-09T14:43:52.149+0000] {docker.py:438} INFO - 🔄 Restart #3 at 2025-09-09 14:43:01
[2025-09-09T14:43:52.150+0000] {docker.py:438} INFO - ==================================================
[2025-09-09T14:43:52.150+0000] {docker.py:438} INFO - Hello world - terminate function started!
[2025-09-09T14:43:52.150+0000] {docker.py:438} INFO - Selecting pods with label_selector: app=petclinic
[2025-09-09T14:43:52.150+0000] {docker.py:438} INFO - Found 2 pods initially
[2025-09-09T14:43:52.150+0000] {docker.py:438} INFO - Random selection: 1 pods
[2025-09-09T14:43:52.150+0000] {docker.py:438} INFO - Deleting pod: petclinic-54c586fc9f-lw774
[2025-09-09T14:43:52.150+0000] {docker.py:438} INFO - Deleted 1 pods: ['petclinic-54c586fc9f-lw774']
[2025-09-09T14:43:52.151+0000] {docker.py:438} INFO - ✅ Successfully restarted pods: ['petclinic-54c586fc9f-lw774']
[2025-09-09T14:43:52.151+0000] {docker.py:438} INFO - ⏳ Waiting 2 seconds until next restart...
[2025-09-09T14:43:52.151+0000] {docker.py:438} INFO - 📊 Time remaining: 110 seconds
[2025-09-09T14:43:52.151+0000] {docker.py:438} INFO - 
[2025-09-09T14:43:52.151+0000] {docker.py:438} INFO - ==================================================
[2025-09-09T14:43:52.151+0000] {docker.py:438} INFO - 🔄 Restart #4 at 2025-09-09 14:43:05
[2025-09-09T14:43:52.151+0000] {docker.py:438} INFO - ==================================================
[2025-09-09T14:43:52.151+0000] {docker.py:438} INFO - Hello world - terminate function started!
[2025-09-09T14:43:52.151+0000] {docker.py:438} INFO - Selecting pods with label_selector: app=petclinic
[2025-09-09T14:43:52.152+0000] {docker.py:438} INFO - Found 3 pods initially
[2025-09-09T14:43:52.152+0000] {docker.py:438} INFO - Random selection: 1 pods
[2025-09-09T14:43:52.152+0000] {docker.py:438} INFO - Deleting pod: petclinic-54c586fc9f-kvhpn
[2025-09-09T14:43:52.152+0000] {docker.py:438} INFO - Deleted 1 pods: ['petclinic-54c586fc9f-kvhpn']
[2025-09-09T14:43:52.152+0000] {docker.py:438} INFO - ✅ Successfully restarted pods: ['petclinic-54c586fc9f-kvhpn']
[2025-09-09T14:43:52.152+0000] {docker.py:438} INFO - ⏳ Waiting 2 seconds until next restart...
[2025-09-09T14:43:52.153+0000] {docker.py:438} INFO - 📊 Time remaining: 106 seconds
[2025-09-09T14:43:52.153+0000] {docker.py:438} INFO - 
[2025-09-09T14:43:52.153+0000] {docker.py:438} INFO - ==================================================
[2025-09-09T14:43:52.153+0000] {docker.py:438} INFO - 🔄 Restart #5 at 2025-09-09 14:43:09
[2025-09-09T14:43:52.153+0000] {docker.py:438} INFO - ==================================================
[2025-09-09T14:43:52.153+0000] {docker.py:438} INFO - Hello world - terminate function started!
[2025-09-09T14:43:52.153+0000] {docker.py:438} INFO - Selecting pods with label_selector: app=petclinic
[2025-09-09T14:43:52.153+0000] {docker.py:438} INFO - Found 3 pods initially
[2025-09-09T14:43:52.154+0000] {docker.py:438} INFO - Random selection: 1 pods
[2025-09-09T14:43:52.154+0000] {docker.py:438} INFO - Deleting pod: petclinic-54c586fc9f-kvhpn
[2025-09-09T14:43:52.154+0000] {docker.py:438} INFO - Deleted 1 pods: ['petclinic-54c586fc9f-kvhpn']
[2025-09-09T14:43:52.154+0000] {docker.py:438} INFO - ✅ Successfully restarted pods: ['petclinic-54c586fc9f-kvhpn']
[2025-09-09T14:43:52.154+0000] {docker.py:438} INFO - ⏳ Waiting 2 seconds until next restart...
[2025-09-09T14:43:52.154+0000] {docker.py:438} INFO - 📊 Time remaining: 102 seconds
[2025-09-09T14:43:52.154+0000] {docker.py:438} INFO - 
[2025-09-09T14:43:52.155+0000] {docker.py:438} INFO - ==================================================
[2025-09-09T14:43:52.155+0000] {docker.py:438} INFO - 🔄 Restart #6 at 2025-09-09 14:43:13
[2025-09-09T14:43:52.155+0000] {docker.py:438} INFO - ==================================================
[2025-09-09T14:43:52.155+0000] {docker.py:438} INFO - Hello world - terminate function started!
[2025-09-09T14:43:52.155+0000] {docker.py:438} INFO - Selecting pods with label_selector: app=petclinic
[2025-09-09T14:43:52.155+0000] {docker.py:438} INFO - Found 2 pods initially
[2025-09-09T14:43:52.155+0000] {docker.py:438} INFO - Random selection: 1 pods
[2025-09-09T14:43:52.155+0000] {docker.py:438} INFO - Deleting pod: petclinic-54c586fc9f-kvhpn
[2025-09-09T14:43:52.156+0000] {docker.py:438} INFO - Deleted 1 pods: ['petclinic-54c586fc9f-kvhpn']
[2025-09-09T14:43:52.156+0000] {docker.py:438} INFO - ✅ Successfully restarted pods: ['petclinic-54c586fc9f-kvhpn']
[2025-09-09T14:43:52.156+0000] {docker.py:438} INFO - ⏳ Waiting 2 seconds until next restart...
[2025-09-09T14:43:52.156+0000] {docker.py:438} INFO - 📊 Time remaining: 97 seconds
[2025-09-09T14:43:52.156+0000] {docker.py:438} INFO - 
[2025-09-09T14:43:52.156+0000] {docker.py:438} INFO - ==================================================
[2025-09-09T14:43:52.156+0000] {docker.py:438} INFO - 🔄 Restart #7 at 2025-09-09 14:43:17
[2025-09-09T14:43:52.156+0000] {docker.py:438} INFO - ==================================================
[2025-09-09T14:43:52.157+0000] {docker.py:438} INFO - Hello world - terminate function started!
[2025-09-09T14:43:52.157+0000] {docker.py:438} INFO - Selecting pods with label_selector: app=petclinic
[2025-09-09T14:43:52.157+0000] {docker.py:438} INFO - Found 1 pods initially
[2025-09-09T14:43:52.157+0000] {docker.py:438} INFO - Random selection: 1 pods
[2025-09-09T14:43:52.157+0000] {docker.py:438} INFO - Deleting pod: petclinic-54c586fc9f-qwqcg
[2025-09-09T14:43:52.157+0000] {docker.py:438} INFO - Deleted 1 pods: ['petclinic-54c586fc9f-qwqcg']
[2025-09-09T14:43:52.157+0000] {docker.py:438} INFO - ✅ Successfully restarted pods: ['petclinic-54c586fc9f-qwqcg']
[2025-09-09T14:43:52.158+0000] {docker.py:438} INFO - ⏳ Waiting 2 seconds until next restart...
[2025-09-09T14:43:52.158+0000] {docker.py:438} INFO - 📊 Time remaining: 94 seconds
[2025-09-09T14:43:52.158+0000] {docker.py:438} INFO - 
[2025-09-09T14:43:52.158+0000] {docker.py:438} INFO - ==================================================
[2025-09-09T14:43:52.158+0000] {docker.py:438} INFO - 🔄 Restart #8 at 2025-09-09 14:43:21
[2025-09-09T14:43:52.158+0000] {docker.py:438} INFO - ==================================================
[2025-09-09T14:43:52.158+0000] {docker.py:438} INFO - Hello world - terminate function started!
[2025-09-09T14:43:52.159+0000] {docker.py:438} INFO - Selecting pods with label_selector: app=petclinic
[2025-09-09T14:43:52.159+0000] {docker.py:438} INFO - Found 1 pods initially
[2025-09-09T14:43:52.159+0000] {docker.py:438} INFO - Random selection: 1 pods
[2025-09-09T14:43:52.159+0000] {docker.py:438} INFO - Deleting pod: petclinic-54c586fc9f-956r2
[2025-09-09T14:43:52.159+0000] {docker.py:438} INFO - Deleted 1 pods: ['petclinic-54c586fc9f-956r2']
[2025-09-09T14:43:52.159+0000] {docker.py:438} INFO - ✅ Successfully restarted pods: ['petclinic-54c586fc9f-956r2']
[2025-09-09T14:43:52.159+0000] {docker.py:438} INFO - ⏳ Waiting 2 seconds until next restart...
[2025-09-09T14:43:52.159+0000] {docker.py:438} INFO - 📊 Time remaining: 90 seconds
[2025-09-09T14:43:52.160+0000] {docker.py:438} INFO - 
[2025-09-09T14:43:52.160+0000] {docker.py:438} INFO - ==================================================
[2025-09-09T14:43:52.160+0000] {docker.py:438} INFO - 🔄 Restart #9 at 2025-09-09 14:43:25
[2025-09-09T14:43:52.160+0000] {docker.py:438} INFO - ==================================================
[2025-09-09T14:43:52.160+0000] {docker.py:438} INFO - Hello world - terminate function started!
[2025-09-09T14:43:52.160+0000] {docker.py:438} INFO - Selecting pods with label_selector: app=petclinic
[2025-09-09T14:43:52.160+0000] {docker.py:438} INFO - Found 2 pods initially
[2025-09-09T14:43:52.161+0000] {docker.py:438} INFO - Random selection: 1 pods
[2025-09-09T14:43:52.161+0000] {docker.py:438} INFO - Deleting pod: petclinic-54c586fc9f-956r2
[2025-09-09T14:43:52.161+0000] {docker.py:438} INFO - ❌ Error during restart #9: (404)
[2025-09-09T14:43:52.161+0000] {docker.py:438} INFO - Reason: Not Found
[2025-09-09T14:43:52.161+0000] {docker.py:438} INFO - HTTP response headers: HTTPHeaderDict({'Audit-Id': '9522c826-990e-451b-8a0c-4758750f3674', 'Cache-Control': 'no-cache, private', 'Content-Type': 'application/json', 'X-Kubernetes-Pf-Flowschema-Uid': '3ce3a861-ad19-42ae-966e-c0edf24771d3', 'X-Kubernetes-Pf-Prioritylevel-Uid': '82039e11-5662-42aa-b8fe-a56e9aaf5ede', 'Date': 'Tue, 09 Sep 2025 14:43:27 GMT', 'Content-Length': '220'})
[2025-09-09T14:43:52.161+0000] {docker.py:438} INFO - HTTP response body: {"kind":"Status","apiVersion":"v1","metadata":{},"status":"Failure","message":"pods \"petclinic-54c586fc9f-956r2\" not found","reason":"NotFound","details":{"name":"petclinic-54c586fc9f-956r2","kind":"pods"},"code":404}
[2025-09-09T14:43:52.162+0000] {docker.py:438} INFO - 
[2025-09-09T14:43:52.162+0000] {docker.py:438} INFO - 
[2025-09-09T14:43:52.162+0000] {docker.py:438} INFO - ⏳ Waiting 2 seconds until next restart...
[2025-09-09T14:43:52.162+0000] {docker.py:438} INFO - 📊 Time remaining: 86 seconds
[2025-09-09T14:43:52.162+0000] {docker.py:438} INFO - 
[2025-09-09T14:43:52.162+0000] {docker.py:438} INFO - ==================================================
[2025-09-09T14:43:52.163+0000] {docker.py:438} INFO - 🔄 Restart #10 at 2025-09-09 14:43:29
[2025-09-09T14:43:52.163+0000] {docker.py:438} INFO - ==================================================
[2025-09-09T14:43:52.163+0000] {docker.py:438} INFO - Hello world - terminate function started!
[2025-09-09T14:43:52.163+0000] {docker.py:438} INFO - Selecting pods with label_selector: app=petclinic
[2025-09-09T14:43:52.163+0000] {docker.py:438} INFO - Found 1 pods initially
[2025-09-09T14:43:52.163+0000] {docker.py:438} INFO - Random selection: 1 pods
[2025-09-09T14:43:52.163+0000] {docker.py:438} INFO - Deleting pod: petclinic-54c586fc9f-dj729
[2025-09-09T14:43:52.163+0000] {docker.py:438} INFO - Deleted 1 pods: ['petclinic-54c586fc9f-dj729']
[2025-09-09T14:43:52.163+0000] {docker.py:438} INFO - ✅ Successfully restarted pods: ['petclinic-54c586fc9f-dj729']
[2025-09-09T14:43:52.164+0000] {docker.py:438} INFO - ⏳ Waiting 2 seconds until next restart...
[2025-09-09T14:43:52.164+0000] {docker.py:438} INFO - 📊 Time remaining: 82 seconds
[2025-09-09T14:43:52.164+0000] {docker.py:438} INFO - 
[2025-09-09T14:43:52.164+0000] {docker.py:438} INFO - ==================================================
[2025-09-09T14:43:52.164+0000] {docker.py:438} INFO - 🔄 Restart #11 at 2025-09-09 14:43:33
[2025-09-09T14:43:52.164+0000] {docker.py:438} INFO - ==================================================
[2025-09-09T14:43:52.164+0000] {docker.py:438} INFO - Hello world - terminate function started!
[2025-09-09T14:43:52.165+0000] {docker.py:438} INFO - Selecting pods with label_selector: app=petclinic
[2025-09-09T14:43:52.165+0000] {docker.py:438} INFO - Found 1 pods initially
[2025-09-09T14:43:52.165+0000] {docker.py:438} INFO - Random selection: 1 pods
[2025-09-09T14:43:52.165+0000] {docker.py:438} INFO - Deleting pod: petclinic-54c586fc9f-sjpkd
[2025-09-09T14:43:52.165+0000] {docker.py:438} INFO - Deleted 1 pods: ['petclinic-54c586fc9f-sjpkd']
[2025-09-09T14:43:52.166+0000] {docker.py:438} INFO - ✅ Successfully restarted pods: ['petclinic-54c586fc9f-sjpkd']
[2025-09-09T14:43:52.166+0000] {docker.py:438} INFO - ⏳ Waiting 2 seconds until next restart...
[2025-09-09T14:43:52.166+0000] {docker.py:438} INFO - 📊 Time remaining: 77 seconds
[2025-09-09T14:43:52.166+0000] {docker.py:438} INFO - 
[2025-09-09T14:43:52.166+0000] {docker.py:438} INFO - ==================================================
[2025-09-09T14:43:52.167+0000] {docker.py:438} INFO - 🔄 Restart #12 at 2025-09-09 14:43:38
[2025-09-09T14:43:52.167+0000] {docker.py:438} INFO - ==================================================
[2025-09-09T14:43:52.167+0000] {docker.py:438} INFO - Hello world - terminate function started!
[2025-09-09T14:43:52.167+0000] {docker.py:438} INFO - Selecting pods with label_selector: app=petclinic
[2025-09-09T14:43:52.167+0000] {docker.py:438} INFO - Found 2 pods initially
[2025-09-09T14:43:52.167+0000] {docker.py:438} INFO - Random selection: 1 pods
[2025-09-09T14:43:52.167+0000] {docker.py:438} INFO - Deleting pod: petclinic-54c586fc9f-62ctc
[2025-09-09T14:43:52.168+0000] {docker.py:438} INFO - Deleted 1 pods: ['petclinic-54c586fc9f-62ctc']
[2025-09-09T14:43:52.168+0000] {docker.py:438} INFO - ✅ Successfully restarted pods: ['petclinic-54c586fc9f-62ctc']
[2025-09-09T14:43:52.168+0000] {docker.py:438} INFO - ⏳ Waiting 2 seconds until next restart...
[2025-09-09T14:43:52.168+0000] {docker.py:438} INFO - 📊 Time remaining: 73 seconds
[2025-09-09T14:43:52.168+0000] {docker.py:438} INFO - 
[2025-09-09T14:43:52.168+0000] {docker.py:438} INFO - ==================================================
[2025-09-09T14:43:52.168+0000] {docker.py:438} INFO - 🔄 Restart #13 at 2025-09-09 14:43:42
[2025-09-09T14:43:52.168+0000] {docker.py:438} INFO - ==================================================
[2025-09-09T14:43:52.169+0000] {docker.py:438} INFO - Hello world - terminate function started!
[2025-09-09T14:43:52.169+0000] {docker.py:438} INFO - Selecting pods with label_selector: app=petclinic
[2025-09-09T14:43:52.169+0000] {docker.py:438} INFO - Found 2 pods initially
[2025-09-09T14:43:52.169+0000] {docker.py:438} INFO - Random selection: 1 pods
[2025-09-09T14:43:52.169+0000] {docker.py:438} INFO - Deleting pod: petclinic-54c586fc9f-tpmcv
[2025-09-09T14:43:52.169+0000] {docker.py:438} INFO - Deleted 1 pods: ['petclinic-54c586fc9f-tpmcv']
[2025-09-09T14:43:52.169+0000] {docker.py:438} INFO - ✅ Successfully restarted pods: ['petclinic-54c586fc9f-tpmcv']
[2025-09-09T14:43:52.169+0000] {docker.py:438} INFO - ⏳ Waiting 2 seconds until next restart...
[2025-09-09T14:43:52.170+0000] {docker.py:438} INFO - 📊 Time remaining: 69 seconds
[2025-09-09T14:43:52.170+0000] {docker.py:438} INFO - 
[2025-09-09T14:43:52.170+0000] {docker.py:438} INFO - ==================================================
[2025-09-09T14:43:52.170+0000] {docker.py:438} INFO - 🔄 Restart #14 at 2025-09-09 14:43:46
[2025-09-09T14:43:52.170+0000] {docker.py:438} INFO - ==================================================
[2025-09-09T14:43:52.170+0000] {docker.py:438} INFO - Hello world - terminate function started!
[2025-09-09T14:43:52.170+0000] {docker.py:438} INFO - Selecting pods with label_selector: app=petclinic
[2025-09-09T14:43:52.171+0000] {docker.py:438} INFO - Found 2 pods initially
[2025-09-09T14:43:52.171+0000] {docker.py:438} INFO - Random selection: 1 pods
[2025-09-09T14:43:52.171+0000] {docker.py:438} INFO - Deleting pod: petclinic-54c586fc9f-b4fmb
[2025-09-09T14:43:52.171+0000] {docker.py:438} INFO - Deleted 1 pods: ['petclinic-54c586fc9f-b4fmb']
[2025-09-09T14:43:52.171+0000] {docker.py:438} INFO - ✅ Successfully restarted pods: ['petclinic-54c586fc9f-b4fmb']
[2025-09-09T14:43:52.171+0000] {docker.py:438} INFO - ⏳ Waiting 2 seconds until next restart...
[2025-09-09T14:43:52.171+0000] {docker.py:438} INFO - 📊 Time remaining: 65 seconds
[2025-09-09T14:43:52.171+0000] {docker.py:438} INFO - 
[2025-09-09T14:43:52.172+0000] {docker.py:438} INFO - ==================================================
[2025-09-09T14:43:52.172+0000] {docker.py:438} INFO - 🔄 Restart #15 at 2025-09-09 14:43:50
[2025-09-09T14:43:52.172+0000] {docker.py:438} INFO - ==================================================
[2025-09-09T14:43:52.172+0000] {docker.py:438} INFO - Hello world - terminate function started!
[2025-09-09T14:43:52.172+0000] {docker.py:438} INFO - Selecting pods with label_selector: app=petclinic
[2025-09-09T14:43:52.172+0000] {docker.py:438} INFO - Found 3 pods initially
[2025-09-09T14:43:52.172+0000] {docker.py:438} INFO - Random selection: 1 pods
[2025-09-09T14:43:52.172+0000] {docker.py:438} INFO - Deleting pod: petclinic-54c586fc9f-b4fmb
[2025-09-09T14:44:52.283+0000] {docker.py:438} INFO - [32m[2025-09-09 14:44:52 INFO] Let's rollback...
[2025-09-09T14:44:52.284+0000] {docker.py:438} INFO - [32m[2025-09-09 14:44:52 INFO] No declared rollbacks, let's move on.
[2025-09-09T14:44:52.284+0000] {docker.py:438} INFO - [32m[2025-09-09 14:44:52 INFO] Experiment ended with status: completed
[2025-09-09T14:44:52.285+0000] {docker.py:438} INFO - Deleted 1 pods: ['petclinic-54c586fc9f-b4fmb']
[2025-09-09T14:44:52.285+0000] {docker.py:438} INFO - ✅ Successfully restarted pods: ['petclinic-54c586fc9f-b4fmb']
[2025-09-09T14:44:52.285+0000] {docker.py:438} INFO - ⏳ Waiting 2 seconds until next restart...
[2025-09-09T14:44:52.285+0000] {docker.py:438} INFO - 📊 Time remaining: 61 seconds
[2025-09-09T14:44:52.286+0000] {docker.py:438} INFO - 
[2025-09-09T14:44:52.286+0000] {docker.py:438} INFO - ==================================================
[2025-09-09T14:44:52.286+0000] {docker.py:438} INFO - 🔄 Restart #16 at 2025-09-09 14:43:54
[2025-09-09T14:44:52.286+0000] {docker.py:438} INFO - ==================================================
[2025-09-09T14:44:52.286+0000] {docker.py:438} INFO - Hello world - terminate function started!
[2025-09-09T14:44:52.286+0000] {docker.py:438} INFO - Selecting pods with label_selector: app=petclinic
[2025-09-09T14:44:52.286+0000] {docker.py:438} INFO - Found 2 pods initially
[2025-09-09T14:44:52.287+0000] {docker.py:438} INFO - Random selection: 1 pods
[2025-09-09T14:44:52.287+0000] {docker.py:438} INFO - Deleting pod: petclinic-54c586fc9f-rt9rq
[2025-09-09T14:44:52.287+0000] {docker.py:438} INFO - Deleted 1 pods: ['petclinic-54c586fc9f-rt9rq']
[2025-09-09T14:44:52.287+0000] {docker.py:438} INFO - ✅ Successfully restarted pods: ['petclinic-54c586fc9f-rt9rq']
[2025-09-09T14:44:52.287+0000] {docker.py:438} INFO - ⏳ Waiting 2 seconds until next restart...
[2025-09-09T14:44:52.287+0000] {docker.py:438} INFO - 📊 Time remaining: 57 seconds
[2025-09-09T14:44:52.288+0000] {docker.py:438} INFO - 
[2025-09-09T14:44:52.288+0000] {docker.py:438} INFO - ==================================================
[2025-09-09T14:44:52.288+0000] {docker.py:438} INFO - 🔄 Restart #17 at 2025-09-09 14:43:58
[2025-09-09T14:44:52.288+0000] {docker.py:438} INFO - ==================================================
[2025-09-09T14:44:52.288+0000] {docker.py:438} INFO - Hello world - terminate function started!
[2025-09-09T14:44:52.288+0000] {docker.py:438} INFO - Selecting pods with label_selector: app=petclinic
[2025-09-09T14:44:52.288+0000] {docker.py:438} INFO - Found 1 pods initially
[2025-09-09T14:44:52.289+0000] {docker.py:438} INFO - Random selection: 1 pods
[2025-09-09T14:44:52.289+0000] {docker.py:438} INFO - Deleting pod: petclinic-54c586fc9f-qs5g5
[2025-09-09T14:44:52.289+0000] {docker.py:438} INFO - Deleted 1 pods: ['petclinic-54c586fc9f-qs5g5']
[2025-09-09T14:44:52.289+0000] {docker.py:438} INFO - ✅ Successfully restarted pods: ['petclinic-54c586fc9f-qs5g5']
[2025-09-09T14:44:52.289+0000] {docker.py:438} INFO - ⏳ Waiting 2 seconds until next restart...
[2025-09-09T14:44:52.289+0000] {docker.py:438} INFO - 📊 Time remaining: 53 seconds
[2025-09-09T14:44:52.289+0000] {docker.py:438} INFO - 
[2025-09-09T14:44:52.289+0000] {docker.py:438} INFO - ==================================================
[2025-09-09T14:44:52.290+0000] {docker.py:438} INFO - 🔄 Restart #18 at 2025-09-09 14:44:02
[2025-09-09T14:44:52.290+0000] {docker.py:438} INFO - ==================================================
[2025-09-09T14:44:52.290+0000] {docker.py:438} INFO - Hello world - terminate function started!
[2025-09-09T14:44:52.290+0000] {docker.py:438} INFO - Selecting pods with label_selector: app=petclinic
[2025-09-09T14:44:52.290+0000] {docker.py:438} INFO - Found 2 pods initially
[2025-09-09T14:44:52.290+0000] {docker.py:438} INFO - Random selection: 1 pods
[2025-09-09T14:44:52.290+0000] {docker.py:438} INFO - Deleting pod: petclinic-54c586fc9f-qs5g5
[2025-09-09T14:44:52.291+0000] {docker.py:438} INFO - Deleted 1 pods: ['petclinic-54c586fc9f-qs5g5']
[2025-09-09T14:44:52.291+0000] {docker.py:438} INFO - ✅ Successfully restarted pods: ['petclinic-54c586fc9f-qs5g5']
[2025-09-09T14:44:52.291+0000] {docker.py:438} INFO - ⏳ Waiting 2 seconds until next restart...
[2025-09-09T14:44:52.291+0000] {docker.py:438} INFO - 📊 Time remaining: 49 seconds
[2025-09-09T14:44:52.291+0000] {docker.py:438} INFO - 
[2025-09-09T14:44:52.291+0000] {docker.py:438} INFO - ==================================================
[2025-09-09T14:44:52.291+0000] {docker.py:438} INFO - 🔄 Restart #19 at 2025-09-09 14:44:06
[2025-09-09T14:44:52.292+0000] {docker.py:438} INFO - ==================================================
[2025-09-09T14:44:52.292+0000] {docker.py:438} INFO - Hello world - terminate function started!
[2025-09-09T14:44:52.292+0000] {docker.py:438} INFO - Selecting pods with label_selector: app=petclinic
[2025-09-09T14:44:52.292+0000] {docker.py:438} INFO - Found 1 pods initially
[2025-09-09T14:44:52.292+0000] {docker.py:438} INFO - Random selection: 1 pods
[2025-09-09T14:44:52.292+0000] {docker.py:438} INFO - Deleting pod: petclinic-54c586fc9f-bgbvb
[2025-09-09T14:44:52.292+0000] {docker.py:438} INFO - Deleted 1 pods: ['petclinic-54c586fc9f-bgbvb']
[2025-09-09T14:44:52.292+0000] {docker.py:438} INFO - ✅ Successfully restarted pods: ['petclinic-54c586fc9f-bgbvb']
[2025-09-09T14:44:52.293+0000] {docker.py:438} INFO - ⏳ Waiting 2 seconds until next restart...
[2025-09-09T14:44:52.293+0000] {docker.py:438} INFO - 📊 Time remaining: 45 seconds
[2025-09-09T14:44:52.293+0000] {docker.py:438} INFO - 
[2025-09-09T14:44:52.293+0000] {docker.py:438} INFO - ==================================================
[2025-09-09T14:44:52.293+0000] {docker.py:438} INFO - 🔄 Restart #20 at 2025-09-09 14:44:10
[2025-09-09T14:44:52.293+0000] {docker.py:438} INFO - ==================================================
[2025-09-09T14:44:52.293+0000] {docker.py:438} INFO - Hello world - terminate function started!
[2025-09-09T14:44:52.294+0000] {docker.py:438} INFO - Selecting pods with label_selector: app=petclinic
[2025-09-09T14:44:52.294+0000] {docker.py:438} INFO - Found 1 pods initially
[2025-09-09T14:44:52.294+0000] {docker.py:438} INFO - Random selection: 1 pods
[2025-09-09T14:44:52.294+0000] {docker.py:438} INFO - Deleting pod: petclinic-54c586fc9f-ztqdp
[2025-09-09T14:44:52.294+0000] {docker.py:438} INFO - Deleted 1 pods: ['petclinic-54c586fc9f-ztqdp']
[2025-09-09T14:44:52.294+0000] {docker.py:438} INFO - ✅ Successfully restarted pods: ['petclinic-54c586fc9f-ztqdp']
[2025-09-09T14:44:52.294+0000] {docker.py:438} INFO - ⏳ Waiting 2 seconds until next restart...
[2025-09-09T14:44:52.295+0000] {docker.py:438} INFO - 📊 Time remaining: 41 seconds
[2025-09-09T14:44:52.295+0000] {docker.py:438} INFO - 
[2025-09-09T14:44:52.295+0000] {docker.py:438} INFO - ==================================================
[2025-09-09T14:44:52.295+0000] {docker.py:438} INFO - 🔄 Restart #21 at 2025-09-09 14:44:14
[2025-09-09T14:44:52.295+0000] {docker.py:438} INFO - ==================================================
[2025-09-09T14:44:52.295+0000] {docker.py:438} INFO - Hello world - terminate function started!
[2025-09-09T14:44:52.296+0000] {docker.py:438} INFO - Selecting pods with label_selector: app=petclinic
[2025-09-09T14:44:52.296+0000] {docker.py:438} INFO - Found 2 pods initially
[2025-09-09T14:44:52.296+0000] {docker.py:438} INFO - Random selection: 1 pods
[2025-09-09T14:44:52.296+0000] {docker.py:438} INFO - Deleting pod: petclinic-54c586fc9f-ztqdp
[2025-09-09T14:44:52.296+0000] {docker.py:438} INFO - Deleted 1 pods: ['petclinic-54c586fc9f-ztqdp']
[2025-09-09T14:44:52.296+0000] {docker.py:438} INFO - ✅ Successfully restarted pods: ['petclinic-54c586fc9f-ztqdp']
[2025-09-09T14:44:52.296+0000] {docker.py:438} INFO - ⏳ Waiting 2 seconds until next restart...
[2025-09-09T14:44:52.296+0000] {docker.py:438} INFO - 📊 Time remaining: 37 seconds
[2025-09-09T14:44:52.297+0000] {docker.py:438} INFO - 
[2025-09-09T14:44:52.297+0000] {docker.py:438} INFO - ==================================================
[2025-09-09T14:44:52.297+0000] {docker.py:438} INFO - 🔄 Restart #22 at 2025-09-09 14:44:18
[2025-09-09T14:44:52.297+0000] {docker.py:438} INFO - ==================================================
[2025-09-09T14:44:52.297+0000] {docker.py:438} INFO - Hello world - terminate function started!
[2025-09-09T14:44:52.297+0000] {docker.py:438} INFO - Selecting pods with label_selector: app=petclinic
[2025-09-09T14:44:52.297+0000] {docker.py:438} INFO - Found 1 pods initially
[2025-09-09T14:44:52.297+0000] {docker.py:438} INFO - Random selection: 1 pods
[2025-09-09T14:44:52.298+0000] {docker.py:438} INFO - Deleting pod: petclinic-54c586fc9f-pk87v
[2025-09-09T14:44:52.298+0000] {docker.py:438} INFO - Deleted 1 pods: ['petclinic-54c586fc9f-pk87v']
[2025-09-09T14:44:52.298+0000] {docker.py:438} INFO - ✅ Successfully restarted pods: ['petclinic-54c586fc9f-pk87v']
[2025-09-09T14:44:52.298+0000] {docker.py:438} INFO - ⏳ Waiting 2 seconds until next restart...
[2025-09-09T14:44:52.298+0000] {docker.py:438} INFO - 📊 Time remaining: 33 seconds
[2025-09-09T14:44:52.298+0000] {docker.py:438} INFO - 
[2025-09-09T14:44:52.298+0000] {docker.py:438} INFO - ==================================================
[2025-09-09T14:44:52.299+0000] {docker.py:438} INFO - 🔄 Restart #23 at 2025-09-09 14:44:22
[2025-09-09T14:44:52.299+0000] {docker.py:438} INFO - ==================================================
[2025-09-09T14:44:52.299+0000] {docker.py:438} INFO - Hello world - terminate function started!
[2025-09-09T14:44:52.299+0000] {docker.py:438} INFO - Selecting pods with label_selector: app=petclinic
[2025-09-09T14:44:52.299+0000] {docker.py:438} INFO - Found 1 pods initially
[2025-09-09T14:44:52.299+0000] {docker.py:438} INFO - Random selection: 1 pods
[2025-09-09T14:44:52.299+0000] {docker.py:438} INFO - Deleting pod: petclinic-54c586fc9f-m9f6s
[2025-09-09T14:44:52.299+0000] {docker.py:438} INFO - Deleted 1 pods: ['petclinic-54c586fc9f-m9f6s']
[2025-09-09T14:44:52.300+0000] {docker.py:438} INFO - ✅ Successfully restarted pods: ['petclinic-54c586fc9f-m9f6s']
[2025-09-09T14:44:52.300+0000] {docker.py:438} INFO - ⏳ Waiting 2 seconds until next restart...
[2025-09-09T14:44:52.300+0000] {docker.py:438} INFO - 📊 Time remaining: 29 seconds
[2025-09-09T14:44:52.300+0000] {docker.py:438} INFO - 
[2025-09-09T14:44:52.300+0000] {docker.py:438} INFO - ==================================================
[2025-09-09T14:44:52.300+0000] {docker.py:438} INFO - 🔄 Restart #24 at 2025-09-09 14:44:26
[2025-09-09T14:44:52.300+0000] {docker.py:438} INFO - ==================================================
[2025-09-09T14:44:52.301+0000] {docker.py:438} INFO - Hello world - terminate function started!
[2025-09-09T14:44:52.301+0000] {docker.py:438} INFO - Selecting pods with label_selector: app=petclinic
[2025-09-09T14:44:52.301+0000] {docker.py:438} INFO - Found 2 pods initially
[2025-09-09T14:44:52.301+0000] {docker.py:438} INFO - Random selection: 1 pods
[2025-09-09T14:44:52.301+0000] {docker.py:438} INFO - Deleting pod: petclinic-54c586fc9f-m9f6s
[2025-09-09T14:44:52.301+0000] {docker.py:438} INFO - Deleted 1 pods: ['petclinic-54c586fc9f-m9f6s']
[2025-09-09T14:44:52.301+0000] {docker.py:438} INFO - ✅ Successfully restarted pods: ['petclinic-54c586fc9f-m9f6s']
[2025-09-09T14:44:52.301+0000] {docker.py:438} INFO - ⏳ Waiting 2 seconds until next restart...
[2025-09-09T14:44:52.302+0000] {docker.py:438} INFO - 📊 Time remaining: 25 seconds
[2025-09-09T14:44:52.302+0000] {docker.py:438} INFO - 
[2025-09-09T14:44:52.302+0000] {docker.py:438} INFO - ==================================================
[2025-09-09T14:44:52.302+0000] {docker.py:438} INFO - 🔄 Restart #25 at 2025-09-09 14:44:30
[2025-09-09T14:44:52.302+0000] {docker.py:438} INFO - ==================================================
[2025-09-09T14:44:52.302+0000] {docker.py:438} INFO - Hello world - terminate function started!
[2025-09-09T14:44:52.302+0000] {docker.py:438} INFO - Selecting pods with label_selector: app=petclinic
[2025-09-09T14:44:52.303+0000] {docker.py:438} INFO - Found 1 pods initially
[2025-09-09T14:44:52.303+0000] {docker.py:438} INFO - Random selection: 1 pods
[2025-09-09T14:44:52.303+0000] {docker.py:438} INFO - Deleting pod: petclinic-54c586fc9f-mqx2p
[2025-09-09T14:44:52.303+0000] {docker.py:438} INFO - Deleted 1 pods: ['petclinic-54c586fc9f-mqx2p']
[2025-09-09T14:44:52.303+0000] {docker.py:438} INFO - ✅ Successfully restarted pods: ['petclinic-54c586fc9f-mqx2p']
[2025-09-09T14:44:52.303+0000] {docker.py:438} INFO - ⏳ Waiting 2 seconds until next restart...
[2025-09-09T14:44:52.304+0000] {docker.py:438} INFO - 📊 Time remaining: 21 seconds
[2025-09-09T14:44:52.304+0000] {docker.py:438} INFO - 
[2025-09-09T14:44:52.304+0000] {docker.py:438} INFO - ==================================================
[2025-09-09T14:44:52.304+0000] {docker.py:438} INFO - 🔄 Restart #26 at 2025-09-09 14:44:34
[2025-09-09T14:44:52.304+0000] {docker.py:438} INFO - ==================================================
[2025-09-09T14:44:52.305+0000] {docker.py:438} INFO - Hello world - terminate function started!
[2025-09-09T14:44:52.305+0000] {docker.py:438} INFO - Selecting pods with label_selector: app=petclinic
[2025-09-09T14:44:52.305+0000] {docker.py:438} INFO - Found 1 pods initially
[2025-09-09T14:44:52.305+0000] {docker.py:438} INFO - Random selection: 1 pods
[2025-09-09T14:44:52.305+0000] {docker.py:438} INFO - Deleting pod: petclinic-54c586fc9f-8p5wl
[2025-09-09T14:44:52.306+0000] {docker.py:438} INFO - Deleted 1 pods: ['petclinic-54c586fc9f-8p5wl']
[2025-09-09T14:44:52.306+0000] {docker.py:438} INFO - ✅ Successfully restarted pods: ['petclinic-54c586fc9f-8p5wl']
[2025-09-09T14:44:52.306+0000] {docker.py:438} INFO - ⏳ Waiting 2 seconds until next restart...
[2025-09-09T14:44:52.306+0000] {docker.py:438} INFO - 📊 Time remaining: 18 seconds
[2025-09-09T14:44:52.306+0000] {docker.py:438} INFO - 
[2025-09-09T14:44:52.306+0000] {docker.py:438} INFO - ==================================================
[2025-09-09T14:44:52.307+0000] {docker.py:438} INFO - 🔄 Restart #27 at 2025-09-09 14:44:37
[2025-09-09T14:44:52.307+0000] {docker.py:438} INFO - ==================================================
[2025-09-09T14:44:52.307+0000] {docker.py:438} INFO - Hello world - terminate function started!
[2025-09-09T14:44:52.307+0000] {docker.py:438} INFO - Selecting pods with label_selector: app=petclinic
[2025-09-09T14:44:52.307+0000] {docker.py:438} INFO - Found 2 pods initially
[2025-09-09T14:44:52.307+0000] {docker.py:438} INFO - Random selection: 1 pods
[2025-09-09T14:44:52.308+0000] {docker.py:438} INFO - Deleting pod: petclinic-54c586fc9f-c9drh
[2025-09-09T14:44:52.308+0000] {docker.py:438} INFO - Deleted 1 pods: ['petclinic-54c586fc9f-c9drh']
[2025-09-09T14:44:52.308+0000] {docker.py:438} INFO - ✅ Successfully restarted pods: ['petclinic-54c586fc9f-c9drh']
[2025-09-09T14:44:52.308+0000] {docker.py:438} INFO - ⏳ Waiting 2 seconds until next restart...
[2025-09-09T14:44:52.308+0000] {docker.py:438} INFO - 📊 Time remaining: 13 seconds
[2025-09-09T14:44:52.308+0000] {docker.py:438} INFO - 
[2025-09-09T14:44:52.308+0000] {docker.py:438} INFO - ==================================================
[2025-09-09T14:44:52.308+0000] {docker.py:438} INFO - 🔄 Restart #28 at 2025-09-09 14:44:42
[2025-09-09T14:44:52.309+0000] {docker.py:438} INFO - ==================================================
[2025-09-09T14:44:52.309+0000] {docker.py:438} INFO - Hello world - terminate function started!
[2025-09-09T14:44:52.309+0000] {docker.py:438} INFO - Selecting pods with label_selector: app=petclinic
[2025-09-09T14:44:52.309+0000] {docker.py:438} INFO - Found 2 pods initially
[2025-09-09T14:44:52.309+0000] {docker.py:438} INFO - Random selection: 1 pods
[2025-09-09T14:44:52.309+0000] {docker.py:438} INFO - Deleting pod: petclinic-54c586fc9f-mc9gw
[2025-09-09T14:44:52.309+0000] {docker.py:438} INFO - Deleted 1 pods: ['petclinic-54c586fc9f-mc9gw']
[2025-09-09T14:44:52.309+0000] {docker.py:438} INFO - ✅ Successfully restarted pods: ['petclinic-54c586fc9f-mc9gw']
[2025-09-09T14:44:52.310+0000] {docker.py:438} INFO - ⏳ Waiting 2 seconds until next restart...
[2025-09-09T14:44:52.310+0000] {docker.py:438} INFO - 📊 Time remaining: 9 seconds
[2025-09-09T14:44:52.310+0000] {docker.py:438} INFO - 
[2025-09-09T14:44:52.310+0000] {docker.py:438} INFO - ==================================================
[2025-09-09T14:44:52.310+0000] {docker.py:438} INFO - 🔄 Restart #29 at 2025-09-09 14:44:46
[2025-09-09T14:44:52.310+0000] {docker.py:438} INFO - ==================================================
[2025-09-09T14:44:52.311+0000] {docker.py:438} INFO - Hello world - terminate function started!
[2025-09-09T14:44:52.311+0000] {docker.py:438} INFO - Selecting pods with label_selector: app=petclinic
[2025-09-09T14:44:52.311+0000] {docker.py:438} INFO - Found 2 pods initially
[2025-09-09T14:44:52.311+0000] {docker.py:438} INFO - Random selection: 1 pods
[2025-09-09T14:44:52.311+0000] {docker.py:438} INFO - Deleting pod: petclinic-54c586fc9f-dmwkk
[2025-09-09T14:44:52.311+0000] {docker.py:438} INFO - Deleted 1 pods: ['petclinic-54c586fc9f-dmwkk']
[2025-09-09T14:44:52.311+0000] {docker.py:438} INFO - ✅ Successfully restarted pods: ['petclinic-54c586fc9f-dmwkk']
[2025-09-09T14:44:52.312+0000] {docker.py:438} INFO - ⏳ Waiting 2 seconds until next restart...
[2025-09-09T14:44:52.312+0000] {docker.py:438} INFO - 📊 Time remaining: 5 seconds
[2025-09-09T14:44:52.312+0000] {docker.py:438} INFO - 
[2025-09-09T14:44:52.312+0000] {docker.py:438} INFO - ==================================================
[2025-09-09T14:44:52.312+0000] {docker.py:438} INFO - 🔄 Restart #30 at 2025-09-09 14:44:50
[2025-09-09T14:44:52.312+0000] {docker.py:438} INFO - ==================================================
[2025-09-09T14:44:52.313+0000] {docker.py:438} INFO - Hello world - terminate function started!
[2025-09-09T14:44:52.313+0000] {docker.py:438} INFO - Selecting pods with label_selector: app=petclinic
[2025-09-09T14:44:52.313+0000] {docker.py:438} INFO - Found 3 pods initially
[2025-09-09T14:44:52.313+0000] {docker.py:438} INFO - Random selection: 1 pods
[2025-09-09T14:44:52.313+0000] {docker.py:438} INFO - Deleting pod: petclinic-54c586fc9f-8gtgz
[2025-09-09T14:44:52.314+0000] {docker.py:438} INFO - Deleted 1 pods: ['petclinic-54c586fc9f-8gtgz']
[2025-09-09T14:44:52.314+0000] {docker.py:438} INFO - ✅ Successfully restarted pods: ['petclinic-54c586fc9f-8gtgz']
[2025-09-09T14:44:52.314+0000] {docker.py:438} INFO - ⏰ Less than 2 seconds remaining, stopping experiment
[2025-09-09T14:44:52.314+0000] {docker.py:438} INFO - 
[2025-09-09T14:44:52.314+0000] {docker.py:438} INFO - ==================================================
[2025-09-09T14:44:52.314+0000] {docker.py:438} INFO - 🏁 Experiment Completed!
[2025-09-09T14:44:52.315+0000] {docker.py:438} INFO - ==================================================
[2025-09-09T14:44:52.315+0000] {docker.py:438} INFO - 📈 Total restarts performed: 30
[2025-09-09T14:44:52.315+0000] {docker.py:438} INFO - ⏱️  Total duration: 119 seconds
[2025-09-09T14:44:52.315+0000] {docker.py:438} INFO - 📊 Average interval: 4.0 seconds
[2025-09-09T14:44:52.614+0000] {taskinstance.py:340} INFO - ::group::Post task execution logs
[2025-09-09T14:44:52.615+0000] {taskinstance.py:352} INFO - Marking task as SUCCESS. dag_id=chaos_API_Timeout, task_id=run_API_Timeout, run_id=manual__2025-09-09T14:42:40.918254+00:00, execution_date=20250909T144240, start_date=20250909T144243, end_date=20250909T144452
[2025-09-09T14:44:52.644+0000] {local_task_job_runner.py:266} INFO - Task exited with return code 0
[2025-09-09T14:44:52.662+0000] {taskinstance.py:3900} INFO - 0 downstream tasks scheduled from follow-on schedule check
[2025-09-09T14:44:52.664+0000] {local_task_job_runner.py:245} INFO - ::endgroup::
