[2025-09-09T09:11:54.786+0000] {local_task_job_runner.py:123} INFO - ::group::Pre task execution logs
[2025-09-09T09:11:54.801+0000] {taskinstance.py:2612} INFO - Dependencies all met for dep_context=non-requeueable deps ti=<TaskInstance: chaos_combined-sequential.run_combined-sequential manual__2025-09-09T09:11:53.582912+00:00 [queued]>
[2025-09-09T09:11:54.809+0000] {taskinstance.py:2612} INFO - Dependencies all met for dep_context=requeueable deps ti=<TaskInstance: chaos_combined-sequential.run_combined-sequential manual__2025-09-09T09:11:53.582912+00:00 [queued]>
[2025-09-09T09:11:54.810+0000] {taskinstance.py:2865} INFO - Starting attempt 1 of 1
[2025-09-09T09:11:54.822+0000] {taskinstance.py:2888} INFO - Executing <Task(DockerOperator): run_combined-sequential> on 2025-09-09 09:11:53.582912+00:00
[2025-09-09T09:11:54.828+0000] {standard_task_runner.py:72} INFO - Started process 63 to run task
[2025-09-09T09:11:54.833+0000] {standard_task_runner.py:104} INFO - Running: ['***', 'tasks', 'run', 'chaos_combined-sequential', 'run_combined-sequential', 'manual__2025-09-09T09:11:53.582912+00:00', '--job-id', '81', '--raw', '--subdir', 'DAGS_FOLDER/dag_factory.py', '--cfg-path', '/tmp/tmpmnc_nuqu']
[2025-09-09T09:11:54.835+0000] {standard_task_runner.py:105} INFO - Job 81: Subtask run_combined-sequential
[2025-09-09T09:11:54.882+0000] {task_command.py:467} INFO - Running <TaskInstance: chaos_combined-sequential.run_combined-sequential manual__2025-09-09T09:11:53.582912+00:00 [running]> on host BNXL-80508-WL.India.XoriantCorp.com
[2025-09-09T09:11:55.021+0000] {taskinstance.py:3131} INFO - Exporting env vars: AIRFLOW_CTX_DAG_OWNER='***' AIRFLOW_CTX_DAG_ID='chaos_combined-sequential' AIRFLOW_CTX_TASK_ID='run_combined-sequential' AIRFLOW_CTX_EXECUTION_DATE='2025-09-09T09:11:53.582912+00:00' AIRFLOW_CTX_TRY_NUMBER='1' AIRFLOW_CTX_DAG_RUN_ID='manual__2025-09-09T09:11:53.582912+00:00'
[2025-09-09T09:11:55.024+0000] {taskinstance.py:731} INFO - ::endgroup::
[2025-09-09T09:11:55.117+0000] {docker.py:367} INFO - Starting docker container from image ***_chaos:latest
[2025-09-09T09:11:55.411+0000] {docker.py:438} INFO - The container is run as root user. For security, consider using a regular user account.
[2025-09-09T09:12:03.946+0000] {docker.py:438} INFO - 
[2025-09-09T09:12:04.955+0000] {docker.py:438} INFO - [32m[2025-09-09 09:12:04 INFO] Validating the experiment's syntax
[2025-09-09T09:12:05.274+0000] {docker.py:438} INFO - [32m[2025-09-09 09:12:05 INFO] Experiment looks valid
[2025-09-09T09:12:05.275+0000] {docker.py:438} INFO - [32m[2025-09-09 09:12:05 INFO] Running experiment: Combined Pod Experiments - Sequential Execution
[2025-09-09T09:12:05.277+0000] {docker.py:438} INFO - [32m[2025-09-09 09:12:05 INFO] Steady-state strategy: default
[2025-09-09T09:12:05.277+0000] {docker.py:438} INFO - [32m[2025-09-09 09:12:05 INFO] Rollbacks strategy: default
[2025-09-09T09:12:05.277+0000] {docker.py:438} INFO - [32m[2025-09-09 09:12:05 INFO] Steady state hypothesis: Both target pods must exist
[2025-09-09T09:12:05.277+0000] {docker.py:438} INFO - [32m[2025-09-09 09:12:05 INFO] Probe: petclinic-pods-available
[2025-09-09T09:12:07.187+0000] {docker.py:438} INFO - [32m[2025-09-09 09:12:07 INFO] Probe: demo-db-pods-available
[2025-09-09T09:12:08.974+0000] {docker.py:438} INFO - [32m[2025-09-09 09:12:08 INFO] Steady state hypothesis is met!
[2025-09-09T09:12:08.975+0000] {docker.py:438} INFO - [32m[2025-09-09 09:12:08 INFO] Playing your experiment's method now...
[2025-09-09T09:12:08.976+0000] {docker.py:438} INFO - [32m[2025-09-09 09:12:08 INFO] Action: phase-1-continuous-pod-restart
[2025-09-09T09:14:15.985+0000] {docker.py:438} INFO - [32m[2025-09-09 09:14:15 INFO] Probe: phase-1-completion-wait
[2025-09-09T09:14:45.993+0000] {docker.py:438} INFO - [32m[2025-09-09 09:14:45 INFO] Action: phase-2-apply-cpu-stress
[2025-09-09T09:14:47.505+0000] {docker.py:438} INFO - [32m[2025-09-09 09:14:47 INFO] Probe: phase-2-stress-duration-wait
[2025-09-09T09:17:52.513+0000] {docker.py:438} INFO - [32m[2025-09-09 09:17:52 INFO] Probe: final-validation
[2025-09-09T09:17:54.342+0000] {docker.py:438} INFO - [32m[2025-09-09 09:17:54 INFO] Steady state hypothesis: Both target pods must exist
[2025-09-09T09:17:54.342+0000] {docker.py:438} INFO - [32m[2025-09-09 09:17:54 INFO] Probe: petclinic-pods-available
[2025-09-09T09:17:56.112+0000] {docker.py:438} INFO - [32m[2025-09-09 09:17:56 INFO] Probe: demo-db-pods-available
[2025-09-09T09:17:58.159+0000] {docker.py:438} INFO - [31m[2025-09-09 09:17:58 CRITICAL] Steady state probe 'demo-db-pods-available' is not in the given tolerance so failing this experiment
[2025-09-09T09:17:58.159+0000] {docker.py:438} INFO - [32m[2025-09-09 09:17:58 INFO] Let's rollback...
[2025-09-09T09:17:58.159+0000] {docker.py:438} INFO - [32m[2025-09-09 09:17:58 INFO] Rollback: cleanup-cpu-stress-resources
[2025-09-09T09:17:58.160+0000] {docker.py:438} INFO - [32m[2025-09-09 09:17:58 INFO] Action: cleanup-cpu-stress-resources
[2025-09-09T09:17:59.639+0000] {docker.py:438} INFO - [32m[2025-09-09 09:17:59 INFO] Experiment ended with status: deviated
[2025-09-09T09:17:59.640+0000] {docker.py:438} INFO - [32m[2025-09-09 09:17:59 INFO] The steady-state has deviated, a weakness may have been discovered
[2025-09-09T09:17:59.641+0000] {docker.py:438} INFO - 🚀 Starting continuous pod restart experiment
[2025-09-09T09:17:59.642+0000] {docker.py:438} INFO - 📅 Interval: 60 seconds
[2025-09-09T09:17:59.642+0000] {docker.py:438} INFO - ⏱️  Duration: 180 seconds
[2025-09-09T09:17:59.642+0000] {docker.py:438} INFO - 🎯 Target: app=petclinic
[2025-09-09T09:17:59.642+0000] {docker.py:438} INFO - 📍 Namespace: default
[2025-09-09T09:17:59.642+0000] {docker.py:438} INFO - 
[2025-09-09T09:17:59.642+0000] {docker.py:438} INFO - ==================================================
[2025-09-09T09:17:59.643+0000] {docker.py:438} INFO - 🔄 Restart #1 at 2025-09-09 09:12:08
[2025-09-09T09:17:59.643+0000] {docker.py:438} INFO - ==================================================
[2025-09-09T09:17:59.643+0000] {docker.py:438} INFO - Hello world - terminate function started!
[2025-09-09T09:17:59.643+0000] {docker.py:438} INFO - Selecting pods with label_selector: app=petclinic
[2025-09-09T09:17:59.643+0000] {docker.py:438} INFO - Found 2 pods initially
[2025-09-09T09:17:59.643+0000] {docker.py:438} INFO - Random selection: 1 pods
[2025-09-09T09:17:59.644+0000] {docker.py:438} INFO - Deleting pod: petclinic-54c586fc9f-6x7mg
[2025-09-09T09:17:59.644+0000] {docker.py:438} INFO - Deleted 1 pods: ['petclinic-54c586fc9f-6x7mg']
[2025-09-09T09:17:59.644+0000] {docker.py:438} INFO - ✅ Successfully restarted pods: ['petclinic-54c586fc9f-6x7mg']
[2025-09-09T09:17:59.644+0000] {docker.py:438} INFO - ⏳ Waiting 60 seconds until next restart...
[2025-09-09T09:17:59.645+0000] {docker.py:438} INFO - 📊 Time remaining: 178 seconds
[2025-09-09T09:17:59.645+0000] {docker.py:438} INFO - 
[2025-09-09T09:17:59.645+0000] {docker.py:438} INFO - ==================================================
[2025-09-09T09:17:59.645+0000] {docker.py:438} INFO - 🔄 Restart #2 at 2025-09-09 09:13:11
[2025-09-09T09:17:59.646+0000] {docker.py:438} INFO - ==================================================
[2025-09-09T09:17:59.646+0000] {docker.py:438} INFO - Hello world - terminate function started!
[2025-09-09T09:17:59.646+0000] {docker.py:438} INFO - Selecting pods with label_selector: app=petclinic
[2025-09-09T09:17:59.646+0000] {docker.py:438} INFO - Found 2 pods initially
[2025-09-09T09:17:59.646+0000] {docker.py:438} INFO - Random selection: 1 pods
[2025-09-09T09:17:59.646+0000] {docker.py:438} INFO - Deleting pod: petclinic-54c586fc9f-6zspm
[2025-09-09T09:17:59.646+0000] {docker.py:438} INFO - Deleted 1 pods: ['petclinic-54c586fc9f-6zspm']
[2025-09-09T09:17:59.647+0000] {docker.py:438} INFO - ✅ Successfully restarted pods: ['petclinic-54c586fc9f-6zspm']
[2025-09-09T09:17:59.647+0000] {docker.py:438} INFO - ⏳ Waiting 60 seconds until next restart...
[2025-09-09T09:17:59.647+0000] {docker.py:438} INFO - 📊 Time remaining: 115 seconds
[2025-09-09T09:17:59.647+0000] {docker.py:438} INFO - 
[2025-09-09T09:17:59.647+0000] {docker.py:438} INFO - ==================================================
[2025-09-09T09:17:59.647+0000] {docker.py:438} INFO - 🔄 Restart #3 at 2025-09-09 09:14:13
[2025-09-09T09:17:59.648+0000] {docker.py:438} INFO - ==================================================
[2025-09-09T09:17:59.648+0000] {docker.py:438} INFO - Hello world - terminate function started!
[2025-09-09T09:17:59.648+0000] {docker.py:438} INFO - Selecting pods with label_selector: app=petclinic
[2025-09-09T09:17:59.648+0000] {docker.py:438} INFO - Found 2 pods initially
[2025-09-09T09:17:59.648+0000] {docker.py:438} INFO - Random selection: 1 pods
[2025-09-09T09:17:59.648+0000] {docker.py:438} INFO - Deleting pod: petclinic-54c586fc9f-9qd9r
[2025-09-09T09:17:59.649+0000] {docker.py:438} INFO - Deleted 1 pods: ['petclinic-54c586fc9f-9qd9r']
[2025-09-09T09:17:59.649+0000] {docker.py:438} INFO - ✅ Successfully restarted pods: ['petclinic-54c586fc9f-9qd9r']
[2025-09-09T09:17:59.649+0000] {docker.py:438} INFO - ⏰ Less than 60 seconds remaining, stopping experiment
[2025-09-09T09:17:59.649+0000] {docker.py:438} INFO - 
[2025-09-09T09:17:59.649+0000] {docker.py:438} INFO - ==================================================
[2025-09-09T09:17:59.649+0000] {docker.py:438} INFO - 🏁 Experiment Completed!
[2025-09-09T09:17:59.649+0000] {docker.py:438} INFO - ==================================================
[2025-09-09T09:17:59.650+0000] {docker.py:438} INFO - 📈 Total restarts performed: 3
[2025-09-09T09:17:59.650+0000] {docker.py:438} INFO - ⏱️  Total duration: 127 seconds
[2025-09-09T09:17:59.650+0000] {docker.py:438} INFO - 📊 Average interval: 42.3 seconds
[2025-09-09T09:17:59.901+0000] {taskinstance.py:3310} ERROR - Task failed with exception
Traceback (most recent call last):
  File "/home/airflow/.local/lib/python3.11/site-packages/airflow/models/taskinstance.py", line 767, in _execute_task
    result = _execute_callable(context=context, **execute_callable_kwargs)
             ^^^^^^^^^^^^^^^^^^^^^^^^^^^^^^^^^^^^^^^^^^^^^^^^^^^^^^^^^^^^^
  File "/home/airflow/.local/lib/python3.11/site-packages/airflow/models/taskinstance.py", line 733, in _execute_callable
    return ExecutionCallableRunner(
           ^^^^^^^^^^^^^^^^^^^^^^^^
  File "/home/airflow/.local/lib/python3.11/site-packages/airflow/utils/operator_helpers.py", line 252, in run
    return self.func(*args, **kwargs)
           ^^^^^^^^^^^^^^^^^^^^^^^^^^
  File "/home/airflow/.local/lib/python3.11/site-packages/airflow/models/baseoperator.py", line 406, in wrapper
    return func(self, *args, **kwargs)
           ^^^^^^^^^^^^^^^^^^^^^^^^^^^
  File "/home/airflow/.local/lib/python3.11/site-packages/airflow/providers/docker/operators/docker.py", line 513, in execute
    return self._run_image()
           ^^^^^^^^^^^^^^^^^
  File "/home/airflow/.local/lib/python3.11/site-packages/airflow/providers/docker/operators/docker.py", line 384, in _run_image
    return self._run_image_with_mounts(self.mounts, add_tmp_variable=False)
           ^^^^^^^^^^^^^^^^^^^^^^^^^^^^^^^^^^^^^^^^^^^^^^^^^^^^^^^^^^^^^^^^
  File "/home/airflow/.local/lib/python3.11/site-packages/airflow/providers/docker/operators/docker.py", line 446, in _run_image_with_mounts
    raise DockerContainerFailedException(f"Docker container failed: {result!r}", logs=log_lines)
airflow.providers.docker.exceptions.DockerContainerFailedException: Docker container failed: {'StatusCode': 1}
[2025-09-09T09:17:59.920+0000] {taskinstance.py:1225} INFO - Marking task as FAILED. dag_id=chaos_combined-sequential, task_id=run_combined-sequential, run_id=manual__2025-09-09T09:11:53.582912+00:00, execution_date=20250909T091153, start_date=20250909T091154, end_date=20250909T091759
[2025-09-09T09:17:59.940+0000] {taskinstance.py:340} INFO - ::group::Post task execution logs
[2025-09-09T09:17:59.940+0000] {standard_task_runner.py:124} ERROR - Failed to execute job 81 for task run_combined-sequential (Docker container failed: {'StatusCode': 1}; 63)
Traceback (most recent call last):
  File "/home/airflow/.local/lib/python3.11/site-packages/airflow/task/task_runner/standard_task_runner.py", line 117, in _start_by_fork
    ret = args.func(args, dag=self.dag)
          ^^^^^^^^^^^^^^^^^^^^^^^^^^^^^
  File "/home/airflow/.local/lib/python3.11/site-packages/airflow/cli/cli_config.py", line 49, in command
    return func(*args, **kwargs)
           ^^^^^^^^^^^^^^^^^^^^^
  File "/home/airflow/.local/lib/python3.11/site-packages/airflow/utils/cli.py", line 115, in wrapper
    return f(*args, **kwargs)
           ^^^^^^^^^^^^^^^^^^
  File "/home/airflow/.local/lib/python3.11/site-packages/airflow/cli/commands/task_command.py", line 483, in task_run
    task_return_code = _run_task_by_selected_method(args, _dag, ti)
                       ^^^^^^^^^^^^^^^^^^^^^^^^^^^^^^^^^^^^^^^^^^^^
  File "/home/airflow/.local/lib/python3.11/site-packages/airflow/cli/commands/task_command.py", line 256, in _run_task_by_selected_method
    return _run_raw_task(args, ti)
           ^^^^^^^^^^^^^^^^^^^^^^^
  File "/home/airflow/.local/lib/python3.11/site-packages/airflow/cli/commands/task_command.py", line 341, in _run_raw_task
    return ti._run_raw_task(
           ^^^^^^^^^^^^^^^^^
  File "/home/airflow/.local/lib/python3.11/site-packages/airflow/utils/session.py", line 97, in wrapper
    return func(*args, session=session, **kwargs)
           ^^^^^^^^^^^^^^^^^^^^^^^^^^^^^^^^^^^^^^
  File "/home/airflow/.local/lib/python3.11/site-packages/airflow/models/taskinstance.py", line 3004, in _run_raw_task
    return _run_raw_task(
           ^^^^^^^^^^^^^^
  File "/home/airflow/.local/lib/python3.11/site-packages/airflow/models/taskinstance.py", line 273, in _run_raw_task
    TaskInstance._execute_task_with_callbacks(
  File "/home/airflow/.local/lib/python3.11/site-packages/airflow/models/taskinstance.py", line 3158, in _execute_task_with_callbacks
    result = self._execute_task(context, task_orig)
             ^^^^^^^^^^^^^^^^^^^^^^^^^^^^^^^^^^^^^^
  File "/home/airflow/.local/lib/python3.11/site-packages/airflow/models/taskinstance.py", line 3182, in _execute_task
    return _execute_task(self, context, task_orig)
           ^^^^^^^^^^^^^^^^^^^^^^^^^^^^^^^^^^^^^^^
  File "/home/airflow/.local/lib/python3.11/site-packages/airflow/models/taskinstance.py", line 767, in _execute_task
    result = _execute_callable(context=context, **execute_callable_kwargs)
             ^^^^^^^^^^^^^^^^^^^^^^^^^^^^^^^^^^^^^^^^^^^^^^^^^^^^^^^^^^^^^
  File "/home/airflow/.local/lib/python3.11/site-packages/airflow/models/taskinstance.py", line 733, in _execute_callable
    return ExecutionCallableRunner(
           ^^^^^^^^^^^^^^^^^^^^^^^^
  File "/home/airflow/.local/lib/python3.11/site-packages/airflow/utils/operator_helpers.py", line 252, in run
    return self.func(*args, **kwargs)
           ^^^^^^^^^^^^^^^^^^^^^^^^^^
  File "/home/airflow/.local/lib/python3.11/site-packages/airflow/models/baseoperator.py", line 406, in wrapper
    return func(self, *args, **kwargs)
           ^^^^^^^^^^^^^^^^^^^^^^^^^^^
  File "/home/airflow/.local/lib/python3.11/site-packages/airflow/providers/docker/operators/docker.py", line 513, in execute
    return self._run_image()
           ^^^^^^^^^^^^^^^^^
  File "/home/airflow/.local/lib/python3.11/site-packages/airflow/providers/docker/operators/docker.py", line 384, in _run_image
    return self._run_image_with_mounts(self.mounts, add_tmp_variable=False)
           ^^^^^^^^^^^^^^^^^^^^^^^^^^^^^^^^^^^^^^^^^^^^^^^^^^^^^^^^^^^^^^^^
  File "/home/airflow/.local/lib/python3.11/site-packages/airflow/providers/docker/operators/docker.py", line 446, in _run_image_with_mounts
    raise DockerContainerFailedException(f"Docker container failed: {result!r}", logs=log_lines)
airflow.providers.docker.exceptions.DockerContainerFailedException: Docker container failed: {'StatusCode': 1}
[2025-09-09T09:17:59.975+0000] {local_task_job_runner.py:266} INFO - Task exited with return code 1
[2025-09-09T09:17:59.991+0000] {taskinstance.py:3900} INFO - 0 downstream tasks scheduled from follow-on schedule check
[2025-09-09T09:17:59.993+0000] {local_task_job_runner.py:245} INFO - ::endgroup::
