[2025-09-09T13:52:10.708+0000] {local_task_job_runner.py:123} INFO - ::group::Pre task execution logs
[2025-09-09T13:52:10.735+0000] {taskinstance.py:2612} INFO - Dependencies all met for dep_context=non-requeueable deps ti=<TaskInstance: chaos_API_Latency.run_API_Latency manual__2025-09-09T13:52:07.765212+00:00 [queued]>
[2025-09-09T13:52:10.756+0000] {taskinstance.py:2612} INFO - Dependencies all met for dep_context=requeueable deps ti=<TaskInstance: chaos_API_Latency.run_API_Latency manual__2025-09-09T13:52:07.765212+00:00 [queued]>
[2025-09-09T13:52:10.756+0000] {taskinstance.py:2865} INFO - Starting attempt 1 of 1
[2025-09-09T13:52:10.784+0000] {taskinstance.py:2888} INFO - Executing <Task(DockerOperator): run_API_Latency> on 2025-09-09 13:52:07.765212+00:00
[2025-09-09T13:52:10.794+0000] {standard_task_runner.py:72} INFO - Started process 76 to run task
[2025-09-09T13:52:10.799+0000] {standard_task_runner.py:104} INFO - Running: ['***', 'tasks', 'run', 'chaos_API_Latency', 'run_API_Latency', 'manual__2025-09-09T13:52:07.765212+00:00', '--job-id', '85', '--raw', '--subdir', 'DAGS_FOLDER/dag_factory.py', '--cfg-path', '/tmp/tmpl28r486s']
[2025-09-09T13:52:10.801+0000] {standard_task_runner.py:105} INFO - Job 85: Subtask run_API_Latency
[2025-09-09T13:52:10.930+0000] {task_command.py:467} INFO - Running <TaskInstance: chaos_API_Latency.run_API_Latency manual__2025-09-09T13:52:07.765212+00:00 [running]> on host BNXL-80508-WL.India.XoriantCorp.com
[2025-09-09T13:52:11.708+0000] {taskinstance.py:3131} INFO - Exporting env vars: AIRFLOW_CTX_DAG_OWNER='***' AIRFLOW_CTX_DAG_ID='chaos_API_Latency' AIRFLOW_CTX_TASK_ID='run_API_Latency' AIRFLOW_CTX_EXECUTION_DATE='2025-09-09T13:52:07.765212+00:00' AIRFLOW_CTX_TRY_NUMBER='1' AIRFLOW_CTX_DAG_RUN_ID='manual__2025-09-09T13:52:07.765212+00:00'
[2025-09-09T13:52:11.711+0000] {taskinstance.py:731} INFO - ::endgroup::
[2025-09-09T13:52:11.912+0000] {docker.py:367} INFO - Starting docker container from image ***_chaos:latest
[2025-09-09T13:52:12.501+0000] {docker.py:438} INFO - The container is run as root user. For security, consider using a regular user account.
[2025-09-09T13:52:26.360+0000] {docker.py:438} INFO - 
[2025-09-09T13:52:27.807+0000] {docker.py:438} INFO - [32m[2025-09-09 13:52:27 INFO] Validating the experiment's syntax
[2025-09-09T13:52:28.291+0000] {docker.py:438} INFO - [32m[2025-09-09 13:52:28 INFO] Experiment looks valid
[2025-09-09T13:52:28.292+0000] {docker.py:438} INFO - [32m[2025-09-09 13:52:28 INFO] Running experiment: CPU Stress Test - Database Pod with Timed Rollback
[2025-09-09T13:52:28.296+0000] {docker.py:438} INFO - [32m[2025-09-09 13:52:28 INFO] Steady-state strategy: default
[2025-09-09T13:52:28.296+0000] {docker.py:438} INFO - [32m[2025-09-09 13:52:28 INFO] Rollbacks strategy: default
[2025-09-09T13:52:28.297+0000] {docker.py:438} INFO - [32m[2025-09-09 13:52:28 INFO] No steady state hypothesis defined. That's ok, just exploring.
[2025-09-09T13:52:28.297+0000] {docker.py:438} INFO - [32m[2025-09-09 13:52:28 INFO] Playing your experiment's method now...
[2025-09-09T13:52:28.298+0000] {docker.py:438} INFO - [32m[2025-09-09 13:52:28 INFO] Action: apply-database-cpu-stress
[2025-09-09T13:52:29.709+0000] {docker.py:438} INFO - [32m[2025-09-09 13:52:29 INFO] Probe: wait-for-stress-duration
[2025-09-09T13:55:34.720+0000] {docker.py:438} INFO - [32m[2025-09-09 13:55:34 INFO] Let's rollback...
[2025-09-09T13:55:34.722+0000] {docker.py:438} INFO - [32m[2025-09-09 13:55:34 INFO] Rollback: cleanup-database-stress
[2025-09-09T13:55:34.722+0000] {docker.py:438} INFO - [32m[2025-09-09 13:55:34 INFO] Action: cleanup-database-stress
[2025-09-09T13:55:36.506+0000] {docker.py:438} INFO - [32m[2025-09-09 13:55:36 INFO] Experiment ended with status: completed
[2025-09-09T13:55:37.167+0000] {taskinstance.py:340} INFO - ::group::Post task execution logs
[2025-09-09T13:55:37.168+0000] {taskinstance.py:352} INFO - Marking task as SUCCESS. dag_id=chaos_API_Latency, task_id=run_API_Latency, run_id=manual__2025-09-09T13:52:07.765212+00:00, execution_date=20250909T135207, start_date=20250909T135210, end_date=20250909T135537
[2025-09-09T13:55:37.217+0000] {local_task_job_runner.py:266} INFO - Task exited with return code 0
[2025-09-09T13:55:37.239+0000] {taskinstance.py:3900} INFO - 0 downstream tasks scheduled from follow-on schedule check
[2025-09-09T13:55:37.241+0000] {local_task_job_runner.py:245} INFO - ::endgroup::
