[2025-09-09T06:47:05.775+0000] {local_task_job_runner.py:123} INFO - ::group::Pre task execution logs
[2025-09-09T06:47:05.793+0000] {taskinstance.py:2612} INFO - Dependencies all met for dep_context=non-requeueable deps ti=<TaskInstance: chaos_pod_restart.run_pod_restart manual__2025-09-09T06:47:04+00:00 [queued]>
[2025-09-09T06:47:05.820+0000] {taskinstance.py:2612} INFO - Dependencies all met for dep_context=requeueable deps ti=<TaskInstance: chaos_pod_restart.run_pod_restart manual__2025-09-09T06:47:04+00:00 [queued]>
[2025-09-09T06:47:05.820+0000] {taskinstance.py:2865} INFO - Starting attempt 1 of 1
[2025-09-09T06:47:05.858+0000] {taskinstance.py:2888} INFO - Executing <Task(DockerOperator): run_pod_restart> on 2025-09-09 06:47:04+00:00
[2025-09-09T06:47:05.861+0000] {standard_task_runner.py:72} INFO - Started process 53 to run task
[2025-09-09T06:47:05.865+0000] {standard_task_runner.py:104} INFO - Running: ['***', 'tasks', 'run', 'chaos_pod_restart', 'run_pod_restart', 'manual__2025-09-09T06:47:04+00:00', '--job-id', '68', '--raw', '--subdir', 'DAGS_FOLDER/dag_factory.py', '--cfg-path', '/tmp/tmp9vxephim']
[2025-09-09T06:47:05.867+0000] {standard_task_runner.py:105} INFO - Job 68: Subtask run_pod_restart
[2025-09-09T06:47:05.910+0000] {task_command.py:467} INFO - Running <TaskInstance: chaos_pod_restart.run_pod_restart manual__2025-09-09T06:47:04+00:00 [running]> on host BNXL-80508-WL.India.XoriantCorp.com
[2025-09-09T06:47:05.975+0000] {taskinstance.py:3131} INFO - Exporting env vars: AIRFLOW_CTX_DAG_OWNER='***' AIRFLOW_CTX_DAG_ID='chaos_pod_restart' AIRFLOW_CTX_TASK_ID='run_pod_restart' AIRFLOW_CTX_EXECUTION_DATE='2025-09-09T06:47:04+00:00' AIRFLOW_CTX_TRY_NUMBER='1' AIRFLOW_CTX_DAG_RUN_ID='manual__2025-09-09T06:47:04+00:00'
[2025-09-09T06:47:05.976+0000] {taskinstance.py:731} INFO - ::endgroup::
[2025-09-09T06:47:06.019+0000] {docker.py:367} INFO - Starting docker container from image ***_chaos:latest
[2025-09-09T06:47:06.242+0000] {docker.py:438} INFO - The container is run as root user. For security, consider using a regular user account.
[2025-09-09T06:47:12.509+0000] {docker.py:438} INFO - 
[2025-09-09T06:47:13.488+0000] {docker.py:438} INFO - [32m[2025-09-09 06:47:13 INFO] Validating the experiment's syntax
[2025-09-09T06:47:13.695+0000] {docker.py:438} INFO - [32m[2025-09-09 06:47:13 INFO] Experiment looks valid
[2025-09-09T06:47:13.695+0000] {docker.py:438} INFO - [32m[2025-09-09 06:47:13 INFO] Running experiment: Continuous Pod Restart Experiment
[2025-09-09T06:47:13.698+0000] {docker.py:438} INFO - [32m[2025-09-09 06:47:13 INFO] Steady-state strategy: default
[2025-09-09T06:47:13.698+0000] {docker.py:438} INFO - [32m[2025-09-09 06:47:13 INFO] Rollbacks strategy: default
[2025-09-09T06:47:13.699+0000] {docker.py:438} INFO - [32m[2025-09-09 06:47:13 INFO] No steady state hypothesis defined. That's ok, just exploring.
[2025-09-09T06:47:13.699+0000] {docker.py:438} INFO - [32m[2025-09-09 06:47:13 INFO] Playing your experiment's method now...
[2025-09-09T06:47:13.699+0000] {docker.py:438} INFO - [32m[2025-09-09 06:47:13 INFO] Action: continuous-restart
[2025-09-09T06:51:22.770+0000] {docker.py:438} INFO - [32m[2025-09-09 06:51:22 INFO] Let's rollback...
[2025-09-09T06:51:22.771+0000] {docker.py:438} INFO - [32m[2025-09-09 06:51:22 INFO] No declared rollbacks, let's move on.
[2025-09-09T06:51:22.772+0000] {docker.py:438} INFO - [32m[2025-09-09 06:51:22 INFO] Experiment ended with status: completed
[2025-09-09T06:51:22.772+0000] {docker.py:438} INFO - 🚀 Starting continuous pod restart experiment
[2025-09-09T06:51:22.772+0000] {docker.py:438} INFO - 📅 Interval: 60 seconds
[2025-09-09T06:51:22.773+0000] {docker.py:438} INFO - ⏱️  Duration: 300 seconds
[2025-09-09T06:51:22.773+0000] {docker.py:438} INFO - 🎯 Target: app=dummy
[2025-09-09T06:51:22.773+0000] {docker.py:438} INFO - 📍 Namespace: default
[2025-09-09T06:51:22.774+0000] {docker.py:438} INFO - 
[2025-09-09T06:51:22.774+0000] {docker.py:438} INFO - ==================================================
[2025-09-09T06:51:22.774+0000] {docker.py:438} INFO - 🔄 Restart #1 at 2025-09-09 06:47:13
[2025-09-09T06:51:22.774+0000] {docker.py:438} INFO - ==================================================
[2025-09-09T06:51:22.775+0000] {docker.py:438} INFO - Hello world - terminate function started!
[2025-09-09T06:51:22.775+0000] {docker.py:438} INFO - Selecting pods with label_selector: app=dummy
[2025-09-09T06:51:22.775+0000] {docker.py:438} INFO - Found 0 pods initially
[2025-09-09T06:51:22.775+0000] {docker.py:438} INFO - No pods found matching criteria
[2025-09-09T06:51:22.776+0000] {docker.py:438} INFO - Deleted 0 pods: []
[2025-09-09T06:51:22.776+0000] {docker.py:438} INFO - ✅ Successfully restarted pods: []
[2025-09-09T06:51:22.776+0000] {docker.py:438} INFO - ⏳ Waiting 60 seconds until next restart...
[2025-09-09T06:51:22.777+0000] {docker.py:438} INFO - 📊 Time remaining: 299 seconds
[2025-09-09T06:51:22.777+0000] {docker.py:438} INFO - 
[2025-09-09T06:51:22.777+0000] {docker.py:438} INFO - ==================================================
[2025-09-09T06:51:22.777+0000] {docker.py:438} INFO - 🔄 Restart #2 at 2025-09-09 06:48:15
[2025-09-09T06:51:22.778+0000] {docker.py:438} INFO - ==================================================
[2025-09-09T06:51:22.778+0000] {docker.py:438} INFO - Hello world - terminate function started!
[2025-09-09T06:51:22.778+0000] {docker.py:438} INFO - Selecting pods with label_selector: app=dummy
[2025-09-09T06:51:22.778+0000] {docker.py:438} INFO - Found 0 pods initially
[2025-09-09T06:51:22.779+0000] {docker.py:438} INFO - No pods found matching criteria
[2025-09-09T06:51:22.779+0000] {docker.py:438} INFO - Deleted 0 pods: []
[2025-09-09T06:51:22.779+0000] {docker.py:438} INFO - ✅ Successfully restarted pods: []
[2025-09-09T06:51:22.779+0000] {docker.py:438} INFO - ⏳ Waiting 60 seconds until next restart...
[2025-09-09T06:51:22.780+0000] {docker.py:438} INFO - 📊 Time remaining: 237 seconds
[2025-09-09T06:51:22.780+0000] {docker.py:438} INFO - 
[2025-09-09T06:51:22.780+0000] {docker.py:438} INFO - ==================================================
[2025-09-09T06:51:22.780+0000] {docker.py:438} INFO - 🔄 Restart #3 at 2025-09-09 06:49:16
[2025-09-09T06:51:22.781+0000] {docker.py:438} INFO - ==================================================
[2025-09-09T06:51:22.781+0000] {docker.py:438} INFO - Hello world - terminate function started!
[2025-09-09T06:51:22.781+0000] {docker.py:438} INFO - Selecting pods with label_selector: app=dummy
[2025-09-09T06:51:22.781+0000] {docker.py:438} INFO - Found 0 pods initially
[2025-09-09T06:51:22.782+0000] {docker.py:438} INFO - No pods found matching criteria
[2025-09-09T06:51:22.782+0000] {docker.py:438} INFO - Deleted 0 pods: []
[2025-09-09T06:51:22.782+0000] {docker.py:438} INFO - ✅ Successfully restarted pods: []
[2025-09-09T06:51:22.782+0000] {docker.py:438} INFO - ⏳ Waiting 60 seconds until next restart...
[2025-09-09T06:51:22.783+0000] {docker.py:438} INFO - 📊 Time remaining: 174 seconds
[2025-09-09T06:51:22.783+0000] {docker.py:438} INFO - 
[2025-09-09T06:51:22.784+0000] {docker.py:438} INFO - ==================================================
[2025-09-09T06:51:22.785+0000] {docker.py:438} INFO - 🔄 Restart #4 at 2025-09-09 06:50:19
[2025-09-09T06:51:22.785+0000] {docker.py:438} INFO - ==================================================
[2025-09-09T06:51:22.786+0000] {docker.py:438} INFO - Hello world - terminate function started!
[2025-09-09T06:51:22.786+0000] {docker.py:438} INFO - Selecting pods with label_selector: app=dummy
[2025-09-09T06:51:22.787+0000] {docker.py:438} INFO - Found 0 pods initially
[2025-09-09T06:51:22.788+0000] {docker.py:438} INFO - No pods found matching criteria
[2025-09-09T06:51:22.788+0000] {docker.py:438} INFO - Deleted 0 pods: []
[2025-09-09T06:51:22.789+0000] {docker.py:438} INFO - ✅ Successfully restarted pods: []
[2025-09-09T06:51:22.789+0000] {docker.py:438} INFO - ⏳ Waiting 60 seconds until next restart...
[2025-09-09T06:51:22.790+0000] {docker.py:438} INFO - 📊 Time remaining: 113 seconds
[2025-09-09T06:51:22.790+0000] {docker.py:438} INFO - 
[2025-09-09T06:51:22.791+0000] {docker.py:438} INFO - ==================================================
[2025-09-09T06:51:22.791+0000] {docker.py:438} INFO - 🔄 Restart #5 at 2025-09-09 06:51:20
[2025-09-09T06:51:22.791+0000] {docker.py:438} INFO - ==================================================
[2025-09-09T06:51:22.792+0000] {docker.py:438} INFO - Hello world - terminate function started!
[2025-09-09T06:51:22.792+0000] {docker.py:438} INFO - Selecting pods with label_selector: app=dummy
[2025-09-09T06:51:22.792+0000] {docker.py:438} INFO - Found 0 pods initially
[2025-09-09T06:51:22.792+0000] {docker.py:438} INFO - No pods found matching criteria
[2025-09-09T06:51:22.793+0000] {docker.py:438} INFO - Deleted 0 pods: []
[2025-09-09T06:51:22.793+0000] {docker.py:438} INFO - ✅ Successfully restarted pods: []
[2025-09-09T06:51:22.793+0000] {docker.py:438} INFO - ⏰ Less than 60 seconds remaining, stopping experiment
[2025-09-09T06:51:22.793+0000] {docker.py:438} INFO - 
[2025-09-09T06:51:22.794+0000] {docker.py:438} INFO - ==================================================
[2025-09-09T06:51:22.794+0000] {docker.py:438} INFO - 🏁 Experiment Completed!
[2025-09-09T06:51:22.794+0000] {docker.py:438} INFO - ==================================================
[2025-09-09T06:51:22.795+0000] {docker.py:438} INFO - 📈 Total restarts performed: 5
[2025-09-09T06:51:22.795+0000] {docker.py:438} INFO - ⏱️  Total duration: 249 seconds
[2025-09-09T06:51:22.795+0000] {docker.py:438} INFO - 📊 Average interval: 49.8 seconds
[2025-09-09T06:51:23.068+0000] {taskinstance.py:340} INFO - ::group::Post task execution logs
[2025-09-09T06:51:23.069+0000] {taskinstance.py:352} INFO - Marking task as SUCCESS. dag_id=chaos_pod_restart, task_id=run_pod_restart, run_id=manual__2025-09-09T06:47:04+00:00, execution_date=20250909T064704, start_date=20250909T064705, end_date=20250909T065123
[2025-09-09T06:51:23.097+0000] {local_task_job_runner.py:266} INFO - Task exited with return code 0
[2025-09-09T06:51:23.114+0000] {taskinstance.py:3900} INFO - 0 downstream tasks scheduled from follow-on schedule check
[2025-09-09T06:51:23.116+0000] {local_task_job_runner.py:245} INFO - ::endgroup::
