[36m[2025-09-10 09:55:49 DEBUG] [__init__:101] ###############################################################################
[36m[2025-09-10 09:55:49 DEBUG] [__init__:102] Running command 'run'
[36m[2025-09-10 09:55:49 DEBUG] [__init__:101] ###############################################################################
[36m[2025-09-10 09:55:49 DEBUG] [__init__:106] Using settings file '/root/.chaostoolkit/settings.yaml'
[36m[2025-09-10 09:55:49 DEBUG] [__init__:102] Running command 'run'
[36m[2025-09-10 09:55:49 DEBUG] [__init__:106] Using settings file '/root/.chaostoolkit/settings.yaml'
[36m[2025-09-10 09:55:50 DEBUG] [settings:31] The Chaos Toolkit settings file could not be found at '/root/.chaostoolkit/settings.yaml'.
[36m[2025-09-10 09:55:50 DEBUG] [__init__:472] No controls to apply on 'loader'
[36m[2025-09-10 09:55:50 DEBUG] [__init__:472] No controls to apply on 'loader'
[36m[2025-09-10 09:55:50 DEBUG] [settings:31] The Chaos Toolkit settings file could not be found at '/root/.chaostoolkit/settings.yaml'.
[36m[2025-09-10 09:55:50 DEBUG] [__init__:472] No controls to apply on 'loader'
[31m[2025-09-10 09:55:50 ERROR] [run:178] Path "/opt/airflow/src/pod/API_Latency.json" does not exist.
[36m[2025-09-10 09:55:50 DEBUG] [run:179] Path "/opt/airflow/src/pod/API_Latency.json" does not exist.
[36m[2025-09-10 09:55:50 DEBUG] [__init__:472] No controls to apply on 'loader'
[31m[2025-09-10 09:55:50 ERROR] [run:178] Path "/opt/airflow/src/pod/API_Timeout.json" does not exist.
[36m[2025-09-10 09:55:50 DEBUG] [run:179] Path "/opt/airflow/src/pod/API_Timeout.json" does not exist.
[36m[2025-09-10 10:00:19 DEBUG] [__init__:101] ###############################################################################
[36m[2025-09-10 10:00:19 DEBUG] [__init__:102] Running command 'run'
[36m[2025-09-10 10:00:19 DEBUG] [__init__:106] Using settings file '/root/.chaostoolkit/settings.yaml'
[36m[2025-09-10 10:00:19 DEBUG] [__init__:101] ###############################################################################
[36m[2025-09-10 10:00:19 DEBUG] [__init__:102] Running command 'run'
[36m[2025-09-10 10:00:19 DEBUG] [__init__:106] Using settings file '/root/.chaostoolkit/settings.yaml'
[36m[2025-09-10 10:00:20 DEBUG] [settings:31] The Chaos Toolkit settings file could not be found at '/root/.chaostoolkit/settings.yaml'.
[36m[2025-09-10 10:00:20 DEBUG] [settings:31] The Chaos Toolkit settings file could not be found at '/root/.chaostoolkit/settings.yaml'.
[36m[2025-09-10 10:00:20 DEBUG] [__init__:472] No controls to apply on 'loader'
[36m[2025-09-10 10:00:20 DEBUG] [__init__:472] No controls to apply on 'loader'
[36m[2025-09-10 10:00:20 DEBUG] [__init__:472] No controls to apply on 'loader'
[36m[2025-09-10 10:00:20 DEBUG] [__init__:472] No controls to apply on 'loader'
[31m[2025-09-10 10:00:20 ERROR] [run:178] Path "/opt/airflow/src/pod/API_Timeout.json" does not exist.
[31m[2025-09-10 10:00:20 ERROR] [run:178] Path "/opt/airflow/src/pod/API_Latency.json" does not exist.
[36m[2025-09-10 10:00:20 DEBUG] [run:179] Path "/opt/airflow/src/pod/API_Timeout.json" does not exist.
[36m[2025-09-10 10:00:20 DEBUG] [run:179] Path "/opt/airflow/src/pod/API_Latency.json" does not exist.
[36m[2025-09-10 13:27:35 DEBUG] [__init__:101] ###############################################################################
[36m[2025-09-10 13:27:35 DEBUG] [__init__:102] Running command 'run'
[36m[2025-09-10 13:27:35 DEBUG] [__init__:106] Using settings file '/root/.chaostoolkit/settings.yaml'
[36m[2025-09-10 13:27:35 DEBUG] [__init__:101] ###############################################################################
[36m[2025-09-10 13:27:35 DEBUG] [__init__:102] Running command 'run'
[36m[2025-09-10 13:27:35 DEBUG] [__init__:106] Using settings file '/root/.chaostoolkit/settings.yaml'
[36m[2025-09-10 13:27:35 DEBUG] [settings:31] The Chaos Toolkit settings file could not be found at '/root/.chaostoolkit/settings.yaml'.
[36m[2025-09-10 13:27:35 DEBUG] [__init__:472] No controls to apply on 'loader'
[36m[2025-09-10 13:27:35 DEBUG] [__init__:472] No controls to apply on 'loader'
[31m[2025-09-10 13:27:35 ERROR] [run:178] Path "/opt/airflow/src/pod/API_Timeout.json" does not exist.
[36m[2025-09-10 13:27:35 DEBUG] [run:179] Path "/opt/airflow/src/pod/API_Timeout.json" does not exist.
[36m[2025-09-10 13:27:35 DEBUG] [settings:31] The Chaos Toolkit settings file could not be found at '/root/.chaostoolkit/settings.yaml'.
[36m[2025-09-10 13:27:35 DEBUG] [__init__:472] No controls to apply on 'loader'
[36m[2025-09-10 13:27:35 DEBUG] [__init__:472] No controls to apply on 'loader'
[31m[2025-09-10 13:27:35 ERROR] [run:178] Path "/opt/airflow/src/pod/API_Latency.json" does not exist.
[36m[2025-09-10 13:27:35 DEBUG] [run:179] Path "/opt/airflow/src/pod/API_Latency.json" does not exist.
[36m[2025-09-10 13:30:18 DEBUG] [__init__:101] ###############################################################################
[36m[2025-09-10 13:30:18 DEBUG] [__init__:102] Running command 'run'
[36m[2025-09-10 13:30:18 DEBUG] [__init__:106] Using settings file '/root/.chaostoolkit/settings.yaml'
[36m[2025-09-10 13:30:18 DEBUG] [__init__:101] ###############################################################################
[36m[2025-09-10 13:30:18 DEBUG] [__init__:102] Running command 'run'
[36m[2025-09-10 13:30:18 DEBUG] [__init__:106] Using settings file '/root/.chaostoolkit/settings.yaml'
[36m[2025-09-10 13:30:19 DEBUG] [settings:31] The Chaos Toolkit settings file could not be found at '/root/.chaostoolkit/settings.yaml'.
[36m[2025-09-10 13:30:19 DEBUG] [__init__:472] No controls to apply on 'loader'
[36m[2025-09-10 13:30:19 DEBUG] [__init__:472] No controls to apply on 'loader'
[31m[2025-09-10 13:30:19 ERROR] [run:178] Path "/opt/airflow/src/pod/API_Timeout.json" does not exist.
[36m[2025-09-10 13:30:19 DEBUG] [run:179] Path "/opt/airflow/src/pod/API_Timeout.json" does not exist.
[36m[2025-09-10 13:30:19 DEBUG] [settings:31] The Chaos Toolkit settings file could not be found at '/root/.chaostoolkit/settings.yaml'.
[36m[2025-09-10 13:30:19 DEBUG] [__init__:472] No controls to apply on 'loader'
[36m[2025-09-10 13:30:19 DEBUG] [__init__:472] No controls to apply on 'loader'
[31m[2025-09-10 13:30:19 ERROR] [run:178] Path "/opt/airflow/src/pod/API_Latency.json" does not exist.
[36m[2025-09-10 13:30:19 DEBUG] [run:179] Path "/opt/airflow/src/pod/API_Latency.json" does not exist.
[36m[2025-09-10 13:56:35 DEBUG] [__init__:101] ###############################################################################
[36m[2025-09-10 13:56:35 DEBUG] [__init__:102] Running command 'run'
[36m[2025-09-10 13:56:35 DEBUG] [__init__:106] Using settings file '/root/.chaostoolkit/settings.yaml'
[36m[2025-09-10 13:56:35 DEBUG] [__init__:101] ###############################################################################
[36m[2025-09-10 13:56:35 DEBUG] [__init__:102] Running command 'run'
[36m[2025-09-10 13:56:35 DEBUG] [__init__:106] Using settings file '/root/.chaostoolkit/settings.yaml'
[36m[2025-09-10 13:56:38 DEBUG] [__init__:101] ###############################################################################
[36m[2025-09-10 13:56:38 DEBUG] [__init__:102] Running command 'run'
[36m[2025-09-10 13:56:38 DEBUG] [__init__:106] Using settings file '/root/.chaostoolkit/settings.yaml'
[36m[2025-09-10 13:56:38 DEBUG] [__init__:101] ###############################################################################
[36m[2025-09-10 13:56:38 DEBUG] [__init__:102] Running command 'run'
[36m[2025-09-10 13:56:38 DEBUG] [__init__:106] Using settings file '/root/.chaostoolkit/settings.yaml'
[36m[2025-09-10 13:56:39 DEBUG] [settings:31] The Chaos Toolkit settings file could not be found at '/root/.chaostoolkit/settings.yaml'.
[36m[2025-09-10 13:56:39 DEBUG] [settings:31] The Chaos Toolkit settings file could not be found at '/root/.chaostoolkit/settings.yaml'.
[36m[2025-09-10 13:56:39 DEBUG] [__init__:472] No controls to apply on 'loader'
[36m[2025-09-10 13:56:39 DEBUG] [__init__:472] No controls to apply on 'loader'
[36m[2025-09-10 13:56:39 DEBUG] [__init__:472] No controls to apply on 'loader'
[36m[2025-09-10 13:56:39 DEBUG] [__init__:472] No controls to apply on 'loader'
[31m[2025-09-10 13:56:39 ERROR] [run:178] Path "/opt/airflow/src/pod/API_Latency.json" does not exist.
[31m[2025-09-10 13:56:39 ERROR] [run:178] Path "/opt/airflow/src/pod/API_Timeout.json" does not exist.
[36m[2025-09-10 13:56:39 DEBUG] [run:179] Path "/opt/airflow/src/pod/API_Timeout.json" does not exist.
[36m[2025-09-10 13:56:39 DEBUG] [run:179] Path "/opt/airflow/src/pod/API_Latency.json" does not exist.
[36m[2025-09-10 13:56:53 DEBUG] [settings:31] The Chaos Toolkit settings file could not be found at '/root/.chaostoolkit/settings.yaml'.
[36m[2025-09-10 13:56:53 DEBUG] [__init__:472] No controls to apply on 'loader'
[36m[2025-09-10 13:56:53 DEBUG] [settings:31] The Chaos Toolkit settings file could not be found at '/root/.chaostoolkit/settings.yaml'.
[36m[2025-09-10 13:56:53 DEBUG] [__init__:472] No controls to apply on 'loader'
[36m[2025-09-10 13:56:53 DEBUG] [__init__:472] No controls to apply on 'loader'
[31m[2025-09-10 13:56:53 ERROR] [run:178] Path "/opt/airflow/src/pod/API_Latency.json" does not exist.
[36m[2025-09-10 13:56:53 DEBUG] [__init__:472] No controls to apply on 'loader'
[31m[2025-09-10 13:56:53 ERROR] [run:178] Path "/opt/airflow/src/pod/API_Timeout.json" does not exist.
[36m[2025-09-10 13:56:53 DEBUG] [run:179] Path "/opt/airflow/src/pod/API_Latency.json" does not exist.
[36m[2025-09-10 13:56:53 DEBUG] [run:179] Path "/opt/airflow/src/pod/API_Timeout.json" does not exist.
[36m[2025-09-10 14:00:18 DEBUG] [__init__:101] ###############################################################################
[36m[2025-09-10 14:00:18 DEBUG] [__init__:102] Running command 'run'
[36m[2025-09-10 14:00:18 DEBUG] [__init__:106] Using settings file '/root/.chaostoolkit/settings.yaml'
[36m[2025-09-10 14:00:18 DEBUG] [__init__:101] ###############################################################################
[36m[2025-09-10 14:00:18 DEBUG] [__init__:102] Running command 'run'
[36m[2025-09-10 14:00:18 DEBUG] [__init__:106] Using settings file '/root/.chaostoolkit/settings.yaml'
[36m[2025-09-10 14:00:18 DEBUG] [settings:31] The Chaos Toolkit settings file could not be found at '/root/.chaostoolkit/settings.yaml'.
[36m[2025-09-10 14:00:18 DEBUG] [__init__:472] No controls to apply on 'loader'
[36m[2025-09-10 14:00:18 DEBUG] [__init__:472] No controls to apply on 'loader'
[31m[2025-09-10 14:00:18 ERROR] [run:178] Path "/opt/airflow/src/pod/API_Timeout.json" does not exist.
[36m[2025-09-10 14:00:18 DEBUG] [run:179] Path "/opt/airflow/src/pod/API_Timeout.json" does not exist.
[36m[2025-09-10 14:00:18 DEBUG] [settings:31] The Chaos Toolkit settings file could not be found at '/root/.chaostoolkit/settings.yaml'.
[36m[2025-09-10 14:00:18 DEBUG] [__init__:472] No controls to apply on 'loader'
[36m[2025-09-10 14:00:18 DEBUG] [__init__:472] No controls to apply on 'loader'
[31m[2025-09-10 14:00:18 ERROR] [run:178] Path "/opt/airflow/src/pod/API_Latency.json" does not exist.
[36m[2025-09-10 14:00:18 DEBUG] [run:179] Path "/opt/airflow/src/pod/API_Latency.json" does not exist.
