[2025-09-09T06:56:59.555+0000] {local_task_job_runner.py:123} INFO - ::group::Pre task execution logs
[2025-09-09T06:56:59.570+0000] {taskinstance.py:2612} INFO - Dependencies all met for dep_context=non-requeueable deps ti=<TaskInstance: chaos_pod_restart.run_pod_restart manual__2025-09-09T06:56:57+00:00 [queued]>
[2025-09-09T06:56:59.581+0000] {taskinstance.py:2612} INFO - Dependencies all met for dep_context=requeueable deps ti=<TaskInstance: chaos_pod_restart.run_pod_restart manual__2025-09-09T06:56:57+00:00 [queued]>
[2025-09-09T06:56:59.581+0000] {taskinstance.py:2865} INFO - Starting attempt 1 of 1
[2025-09-09T06:56:59.594+0000] {taskinstance.py:2888} INFO - Executing <Task(DockerOperator): run_pod_restart> on 2025-09-09 06:56:57+00:00
[2025-09-09T06:56:59.598+0000] {standard_task_runner.py:72} INFO - Started process 59 to run task
[2025-09-09T06:56:59.605+0000] {standard_task_runner.py:104} INFO - Running: ['***', 'tasks', 'run', 'chaos_pod_restart', 'run_pod_restart', 'manual__2025-09-09T06:56:57+00:00', '--job-id', '71', '--raw', '--subdir', 'DAGS_FOLDER/dag_factory.py', '--cfg-path', '/tmp/tmp8qhpqlp0']
[2025-09-09T06:56:59.607+0000] {standard_task_runner.py:105} INFO - Job 71: Subtask run_pod_restart
[2025-09-09T06:56:59.658+0000] {task_command.py:467} INFO - Running <TaskInstance: chaos_pod_restart.run_pod_restart manual__2025-09-09T06:56:57+00:00 [running]> on host BNXL-80508-WL.India.XoriantCorp.com
[2025-09-09T06:56:59.761+0000] {taskinstance.py:3131} INFO - Exporting env vars: AIRFLOW_CTX_DAG_OWNER='***' AIRFLOW_CTX_DAG_ID='chaos_pod_restart' AIRFLOW_CTX_TASK_ID='run_pod_restart' AIRFLOW_CTX_EXECUTION_DATE='2025-09-09T06:56:57+00:00' AIRFLOW_CTX_TRY_NUMBER='1' AIRFLOW_CTX_DAG_RUN_ID='manual__2025-09-09T06:56:57+00:00'
[2025-09-09T06:56:59.762+0000] {taskinstance.py:731} INFO - ::endgroup::
[2025-09-09T06:56:59.819+0000] {docker.py:367} INFO - Starting docker container from image ***_chaos:latest
[2025-09-09T06:57:00.080+0000] {docker.py:438} INFO - The container is run as root user. For security, consider using a regular user account.
[2025-09-09T06:57:09.094+0000] {docker.py:438} INFO - 
[2025-09-09T06:57:10.969+0000] {docker.py:438} INFO - [32m[2025-09-09 06:57:10 INFO] Validating the experiment's syntax
[2025-09-09T06:57:11.267+0000] {docker.py:438} INFO - [32m[2025-09-09 06:57:11 INFO] Experiment looks valid
[2025-09-09T06:57:11.268+0000] {docker.py:438} INFO - [32m[2025-09-09 06:57:11 INFO] Running experiment: Continuous Pod Restart Experiment
[2025-09-09T06:57:11.270+0000] {docker.py:438} INFO - [32m[2025-09-09 06:57:11 INFO] Steady-state strategy: default
[2025-09-09T06:57:11.270+0000] {docker.py:438} INFO - [32m[2025-09-09 06:57:11 INFO] Rollbacks strategy: default
[2025-09-09T06:57:11.271+0000] {docker.py:438} INFO - [32m[2025-09-09 06:57:11 INFO] No steady state hypothesis defined. That's ok, just exploring.
[2025-09-09T06:57:11.271+0000] {docker.py:438} INFO - [32m[2025-09-09 06:57:11 INFO] Playing your experiment's method now...
[2025-09-09T06:57:11.271+0000] {docker.py:438} INFO - [32m[2025-09-09 06:57:11 INFO] Action: continuous-restart
[2025-09-09T07:01:22.484+0000] {docker.py:438} INFO - [32m[2025-09-09 07:01:22 INFO] Let's rollback...
[2025-09-09T07:01:22.486+0000] {docker.py:438} INFO - [32m[2025-09-09 07:01:22 INFO] No declared rollbacks, let's move on.
[2025-09-09T07:01:22.486+0000] {docker.py:438} INFO - [32m[2025-09-09 07:01:22 INFO] Experiment ended with status: completed
[2025-09-09T07:01:22.486+0000] {docker.py:438} INFO - 🚀 Starting continuous pod restart experiment
[2025-09-09T07:01:22.487+0000] {docker.py:438} INFO - 📅 Interval: 60 seconds
[2025-09-09T07:01:22.487+0000] {docker.py:438} INFO - ⏱️  Duration: 300 seconds
[2025-09-09T07:01:22.487+0000] {docker.py:438} INFO - 🎯 Target: app=petclinic
[2025-09-09T07:01:22.487+0000] {docker.py:438} INFO - 📍 Namespace: default
[2025-09-09T07:01:22.488+0000] {docker.py:438} INFO - 
[2025-09-09T07:01:22.488+0000] {docker.py:438} INFO - ==================================================
[2025-09-09T07:01:22.488+0000] {docker.py:438} INFO - 🔄 Restart #1 at 2025-09-09 06:57:11
[2025-09-09T07:01:22.488+0000] {docker.py:438} INFO - ==================================================
[2025-09-09T07:01:22.489+0000] {docker.py:438} INFO - Hello world - terminate function started!
[2025-09-09T07:01:22.489+0000] {docker.py:438} INFO - Selecting pods with label_selector: app=petclinic
[2025-09-09T07:01:22.489+0000] {docker.py:438} INFO - Found 2 pods initially
[2025-09-09T07:01:22.489+0000] {docker.py:438} INFO - Random selection: 1 pods
[2025-09-09T07:01:22.489+0000] {docker.py:438} INFO - Deleting pod: petclinic-54c586fc9f-95xw9
[2025-09-09T07:01:22.490+0000] {docker.py:438} INFO - Deleted 1 pods: ['petclinic-54c586fc9f-95xw9']
[2025-09-09T07:01:22.490+0000] {docker.py:438} INFO - ✅ Successfully restarted pods: ['petclinic-54c586fc9f-95xw9']
[2025-09-09T07:01:22.490+0000] {docker.py:438} INFO - ⏳ Waiting 60 seconds until next restart...
[2025-09-09T07:01:22.490+0000] {docker.py:438} INFO - 📊 Time remaining: 298 seconds
[2025-09-09T07:01:22.491+0000] {docker.py:438} INFO - 
[2025-09-09T07:01:22.491+0000] {docker.py:438} INFO - ==================================================
[2025-09-09T07:01:22.491+0000] {docker.py:438} INFO - 🔄 Restart #2 at 2025-09-09 06:58:13
[2025-09-09T07:01:22.491+0000] {docker.py:438} INFO - ==================================================
[2025-09-09T07:01:22.491+0000] {docker.py:438} INFO - Hello world - terminate function started!
[2025-09-09T07:01:22.492+0000] {docker.py:438} INFO - Selecting pods with label_selector: app=petclinic
[2025-09-09T07:01:22.492+0000] {docker.py:438} INFO - Found 1 pods initially
[2025-09-09T07:01:22.492+0000] {docker.py:438} INFO - Random selection: 1 pods
[2025-09-09T07:01:22.492+0000] {docker.py:438} INFO - Deleting pod: petclinic-54c586fc9f-hxw62
[2025-09-09T07:01:22.492+0000] {docker.py:438} INFO - Deleted 1 pods: ['petclinic-54c586fc9f-hxw62']
[2025-09-09T07:01:22.493+0000] {docker.py:438} INFO - ✅ Successfully restarted pods: ['petclinic-54c586fc9f-hxw62']
[2025-09-09T07:01:22.493+0000] {docker.py:438} INFO - ⏳ Waiting 60 seconds until next restart...
[2025-09-09T07:01:22.493+0000] {docker.py:438} INFO - 📊 Time remaining: 236 seconds
[2025-09-09T07:01:22.493+0000] {docker.py:438} INFO - 
[2025-09-09T07:01:22.494+0000] {docker.py:438} INFO - ==================================================
[2025-09-09T07:01:22.494+0000] {docker.py:438} INFO - 🔄 Restart #3 at 2025-09-09 06:59:15
[2025-09-09T07:01:22.494+0000] {docker.py:438} INFO - ==================================================
[2025-09-09T07:01:22.494+0000] {docker.py:438} INFO - Hello world - terminate function started!
[2025-09-09T07:01:22.494+0000] {docker.py:438} INFO - Selecting pods with label_selector: app=petclinic
[2025-09-09T07:01:22.495+0000] {docker.py:438} INFO - Found 1 pods initially
[2025-09-09T07:01:22.495+0000] {docker.py:438} INFO - Random selection: 1 pods
[2025-09-09T07:01:22.495+0000] {docker.py:438} INFO - Deleting pod: petclinic-54c586fc9f-b62hz
[2025-09-09T07:01:22.495+0000] {docker.py:438} INFO - Deleted 1 pods: ['petclinic-54c586fc9f-b62hz']
[2025-09-09T07:01:22.496+0000] {docker.py:438} INFO - ✅ Successfully restarted pods: ['petclinic-54c586fc9f-b62hz']
[2025-09-09T07:01:22.496+0000] {docker.py:438} INFO - ⏳ Waiting 60 seconds until next restart...
[2025-09-09T07:01:22.496+0000] {docker.py:438} INFO - 📊 Time remaining: 174 seconds
[2025-09-09T07:01:22.496+0000] {docker.py:438} INFO - 
[2025-09-09T07:01:22.496+0000] {docker.py:438} INFO - ==================================================
[2025-09-09T07:01:22.496+0000] {docker.py:438} INFO - 🔄 Restart #4 at 2025-09-09 07:00:17
[2025-09-09T07:01:22.496+0000] {docker.py:438} INFO - ==================================================
[2025-09-09T07:01:22.497+0000] {docker.py:438} INFO - Hello world - terminate function started!
[2025-09-09T07:01:22.497+0000] {docker.py:438} INFO - Selecting pods with label_selector: app=petclinic
[2025-09-09T07:01:22.497+0000] {docker.py:438} INFO - Found 1 pods initially
[2025-09-09T07:01:22.497+0000] {docker.py:438} INFO - Random selection: 1 pods
[2025-09-09T07:01:22.497+0000] {docker.py:438} INFO - Deleting pod: petclinic-54c586fc9f-n6knw
[2025-09-09T07:01:22.497+0000] {docker.py:438} INFO - Deleted 1 pods: ['petclinic-54c586fc9f-n6knw']
[2025-09-09T07:01:22.497+0000] {docker.py:438} INFO - ✅ Successfully restarted pods: ['petclinic-54c586fc9f-n6knw']
[2025-09-09T07:01:22.497+0000] {docker.py:438} INFO - ⏳ Waiting 60 seconds until next restart...
[2025-09-09T07:01:22.498+0000] {docker.py:438} INFO - 📊 Time remaining: 112 seconds
[2025-09-09T07:01:22.498+0000] {docker.py:438} INFO - 
[2025-09-09T07:01:22.498+0000] {docker.py:438} INFO - ==================================================
[2025-09-09T07:01:22.498+0000] {docker.py:438} INFO - 🔄 Restart #5 at 2025-09-09 07:01:18
[2025-09-09T07:01:22.498+0000] {docker.py:438} INFO - ==================================================
[2025-09-09T07:01:22.498+0000] {docker.py:438} INFO - Hello world - terminate function started!
[2025-09-09T07:01:22.498+0000] {docker.py:438} INFO - Selecting pods with label_selector: app=petclinic
[2025-09-09T07:01:22.499+0000] {docker.py:438} INFO - Found 1 pods initially
[2025-09-09T07:01:22.499+0000] {docker.py:438} INFO - Random selection: 1 pods
[2025-09-09T07:01:22.499+0000] {docker.py:438} INFO - Deleting pod: petclinic-54c586fc9f-m2qpt
[2025-09-09T07:01:22.499+0000] {docker.py:438} INFO - Deleted 1 pods: ['petclinic-54c586fc9f-m2qpt']
[2025-09-09T07:01:22.499+0000] {docker.py:438} INFO - ✅ Successfully restarted pods: ['petclinic-54c586fc9f-m2qpt']
[2025-09-09T07:01:22.499+0000] {docker.py:438} INFO - ⏰ Less than 60 seconds remaining, stopping experiment
[2025-09-09T07:01:22.499+0000] {docker.py:438} INFO - 
[2025-09-09T07:01:22.499+0000] {docker.py:438} INFO - ==================================================
[2025-09-09T07:01:22.500+0000] {docker.py:438} INFO - 🏁 Experiment Completed!
[2025-09-09T07:01:22.500+0000] {docker.py:438} INFO - ==================================================
[2025-09-09T07:01:22.500+0000] {docker.py:438} INFO - 📈 Total restarts performed: 5
[2025-09-09T07:01:22.500+0000] {docker.py:438} INFO - ⏱️  Total duration: 251 seconds
[2025-09-09T07:01:22.500+0000] {docker.py:438} INFO - 📊 Average interval: 50.2 seconds
[2025-09-09T07:01:22.798+0000] {taskinstance.py:340} INFO - ::group::Post task execution logs
[2025-09-09T07:01:22.799+0000] {taskinstance.py:352} INFO - Marking task as SUCCESS. dag_id=chaos_pod_restart, task_id=run_pod_restart, run_id=manual__2025-09-09T06:56:57+00:00, execution_date=20250909T065657, start_date=20250909T065659, end_date=20250909T070122
[2025-09-09T07:01:22.829+0000] {local_task_job_runner.py:266} INFO - Task exited with return code 0
[2025-09-09T07:01:22.843+0000] {taskinstance.py:3900} INFO - 0 downstream tasks scheduled from follow-on schedule check
[2025-09-09T07:01:22.846+0000] {local_task_job_runner.py:245} INFO - ::endgroup::
