[2025-09-09T09:34:40.173+0000] {local_task_job_runner.py:123} INFO - ::group::Pre task execution logs
[2025-09-09T09:34:40.194+0000] {taskinstance.py:2612} INFO - Dependencies all met for dep_context=non-requeueable deps ti=<TaskInstance: chaos_combined-sequential.run_combined-sequential manual__2025-09-09T09:34:38+00:00 [queued]>
[2025-09-09T09:34:40.206+0000] {taskinstance.py:2612} INFO - Dependencies all met for dep_context=requeueable deps ti=<TaskInstance: chaos_combined-sequential.run_combined-sequential manual__2025-09-09T09:34:38+00:00 [queued]>
[2025-09-09T09:34:40.206+0000] {taskinstance.py:2865} INFO - Starting attempt 1 of 1
[2025-09-09T09:34:40.223+0000] {taskinstance.py:2888} INFO - Executing <Task(DockerOperator): run_combined-sequential> on 2025-09-09 09:34:38+00:00
[2025-09-09T09:34:40.228+0000] {standard_task_runner.py:72} INFO - Started process 66 to run task
[2025-09-09T09:34:40.235+0000] {standard_task_runner.py:104} INFO - Running: ['***', 'tasks', 'run', 'chaos_combined-sequential', 'run_combined-sequential', 'manual__2025-09-09T09:34:38+00:00', '--job-id', '82', '--raw', '--subdir', 'DAGS_FOLDER/dag_factory.py', '--cfg-path', '/tmp/tmpz9u_ag1l']
[2025-09-09T09:34:40.236+0000] {standard_task_runner.py:105} INFO - Job 82: Subtask run_combined-sequential
[2025-09-09T09:34:40.295+0000] {task_command.py:467} INFO - Running <TaskInstance: chaos_combined-sequential.run_combined-sequential manual__2025-09-09T09:34:38+00:00 [running]> on host BNXL-80508-WL.India.XoriantCorp.com
[2025-09-09T09:34:40.413+0000] {taskinstance.py:3131} INFO - Exporting env vars: AIRFLOW_CTX_DAG_OWNER='***' AIRFLOW_CTX_DAG_ID='chaos_combined-sequential' AIRFLOW_CTX_TASK_ID='run_combined-sequential' AIRFLOW_CTX_EXECUTION_DATE='2025-09-09T09:34:38+00:00' AIRFLOW_CTX_TRY_NUMBER='1' AIRFLOW_CTX_DAG_RUN_ID='manual__2025-09-09T09:34:38+00:00'
[2025-09-09T09:34:40.415+0000] {taskinstance.py:731} INFO - ::endgroup::
[2025-09-09T09:34:40.530+0000] {docker.py:367} INFO - Starting docker container from image ***_chaos:latest
[2025-09-09T09:34:40.948+0000] {docker.py:438} INFO - The container is run as root user. For security, consider using a regular user account.
[2025-09-09T09:34:52.556+0000] {docker.py:438} INFO - 
[2025-09-09T09:34:53.788+0000] {docker.py:438} INFO - [32m[2025-09-09 09:34:53 INFO] Validating the experiment's syntax
[2025-09-09T09:34:54.261+0000] {docker.py:438} INFO - [32m[2025-09-09 09:34:54 INFO] Experiment looks valid
[2025-09-09T09:34:54.262+0000] {docker.py:438} INFO - [32m[2025-09-09 09:34:54 INFO] Running experiment: Combined Pod Experiments - Sequential Execution
[2025-09-09T09:34:54.265+0000] {docker.py:438} INFO - [32m[2025-09-09 09:34:54 INFO] Steady-state strategy: default
[2025-09-09T09:34:54.266+0000] {docker.py:438} INFO - [32m[2025-09-09 09:34:54 INFO] Rollbacks strategy: default
[2025-09-09T09:34:54.266+0000] {docker.py:438} INFO - [32m[2025-09-09 09:34:54 INFO] Steady state hypothesis: Both target pods must exist
[2025-09-09T09:34:54.267+0000] {docker.py:438} INFO - [32m[2025-09-09 09:34:54 INFO] Probe: petclinic-pods-available
[2025-09-09T09:34:55.809+0000] {docker.py:438} INFO - [32m[2025-09-09 09:34:55 INFO] Probe: demo-db-pods-available
[2025-09-09T09:34:57.185+0000] {docker.py:438} INFO - [32m[2025-09-09 09:34:57 INFO] Steady state hypothesis is met!
[2025-09-09T09:34:57.186+0000] {docker.py:438} INFO - [32m[2025-09-09 09:34:57 INFO] Playing your experiment's method now...
[2025-09-09T09:34:57.186+0000] {docker.py:438} INFO - [32m[2025-09-09 09:34:57 INFO] Action: phase-1-continuous-pod-restart
[2025-09-09T09:37:02.119+0000] {docker.py:438} INFO - [32m[2025-09-09 09:37:02 INFO] Probe: phase-1-completion-wait
[2025-09-09T09:37:32.125+0000] {docker.py:438} INFO - [32m[2025-09-09 09:37:32 INFO] Action: phase-2-apply-cpu-stress
[2025-09-09T09:37:33.843+0000] {docker.py:438} INFO - [32m[2025-09-09 09:37:33 INFO] Probe: phase-2-stress-duration-wait
[2025-09-09T09:40:38.859+0000] {docker.py:438} INFO - [32m[2025-09-09 09:40:38 INFO] Probe: final-validation
[2025-09-09T09:40:40.312+0000] {docker.py:438} INFO - [32m[2025-09-09 09:40:40 INFO] Steady state hypothesis: Both target pods must exist
[2025-09-09T09:40:40.313+0000] {docker.py:438} INFO - [32m[2025-09-09 09:40:40 INFO] Probe: petclinic-pods-available
[2025-09-09T09:40:41.780+0000] {docker.py:438} INFO - [32m[2025-09-09 09:40:41 INFO] Probe: demo-db-pods-available
[2025-09-09T09:40:43.507+0000] {docker.py:438} INFO - [32m[2025-09-09 09:40:43 INFO] Steady state hypothesis is met!
[2025-09-09T09:40:43.508+0000] {docker.py:438} INFO - [32m[2025-09-09 09:40:43 INFO] Let's rollback...
[2025-09-09T09:40:43.508+0000] {docker.py:438} INFO - [32m[2025-09-09 09:40:43 INFO] Rollback: cleanup-cpu-stress-resources
[2025-09-09T09:40:43.508+0000] {docker.py:438} INFO - [32m[2025-09-09 09:40:43 INFO] Action: cleanup-cpu-stress-resources
[2025-09-09T09:40:44.987+0000] {docker.py:438} INFO - [32m[2025-09-09 09:40:44 INFO] Experiment ended with status: completed
[2025-09-09T09:40:44.989+0000] {docker.py:438} INFO - 🚀 Starting continuous pod restart experiment
[2025-09-09T09:40:44.989+0000] {docker.py:438} INFO - 📅 Interval: 60 seconds
[2025-09-09T09:40:44.990+0000] {docker.py:438} INFO - ⏱️  Duration: 180 seconds
[2025-09-09T09:40:44.990+0000] {docker.py:438} INFO - 🎯 Target: app=petclinic
[2025-09-09T09:40:44.990+0000] {docker.py:438} INFO - 📍 Namespace: default
[2025-09-09T09:40:44.990+0000] {docker.py:438} INFO - 
[2025-09-09T09:40:44.990+0000] {docker.py:438} INFO - ==================================================
[2025-09-09T09:40:44.991+0000] {docker.py:438} INFO - 🔄 Restart #1 at 2025-09-09 09:34:57
[2025-09-09T09:40:44.991+0000] {docker.py:438} INFO - ==================================================
[2025-09-09T09:40:44.991+0000] {docker.py:438} INFO - Hello world - terminate function started!
[2025-09-09T09:40:44.991+0000] {docker.py:438} INFO - Selecting pods with label_selector: app=petclinic
[2025-09-09T09:40:44.991+0000] {docker.py:438} INFO - Found 1 pods initially
[2025-09-09T09:40:44.992+0000] {docker.py:438} INFO - Random selection: 1 pods
[2025-09-09T09:40:44.992+0000] {docker.py:438} INFO - Deleting pod: petclinic-54c586fc9f-brb45
[2025-09-09T09:40:44.992+0000] {docker.py:438} INFO - Deleted 1 pods: ['petclinic-54c586fc9f-brb45']
[2025-09-09T09:40:44.992+0000] {docker.py:438} INFO - ✅ Successfully restarted pods: ['petclinic-54c586fc9f-brb45']
[2025-09-09T09:40:44.992+0000] {docker.py:438} INFO - ⏳ Waiting 60 seconds until next restart...
[2025-09-09T09:40:44.992+0000] {docker.py:438} INFO - 📊 Time remaining: 178 seconds
[2025-09-09T09:40:44.993+0000] {docker.py:438} INFO - 
[2025-09-09T09:40:44.993+0000] {docker.py:438} INFO - ==================================================
[2025-09-09T09:40:44.993+0000] {docker.py:438} INFO - 🔄 Restart #2 at 2025-09-09 09:35:58
[2025-09-09T09:40:44.993+0000] {docker.py:438} INFO - ==================================================
[2025-09-09T09:40:44.993+0000] {docker.py:438} INFO - Hello world - terminate function started!
[2025-09-09T09:40:44.994+0000] {docker.py:438} INFO - Selecting pods with label_selector: app=petclinic
[2025-09-09T09:40:44.994+0000] {docker.py:438} INFO - Found 1 pods initially
[2025-09-09T09:40:44.994+0000] {docker.py:438} INFO - Random selection: 1 pods
[2025-09-09T09:40:44.994+0000] {docker.py:438} INFO - Deleting pod: petclinic-54c586fc9f-6tkh6
[2025-09-09T09:40:44.994+0000] {docker.py:438} INFO - Deleted 1 pods: ['petclinic-54c586fc9f-6tkh6']
[2025-09-09T09:40:44.994+0000] {docker.py:438} INFO - ✅ Successfully restarted pods: ['petclinic-54c586fc9f-6tkh6']
[2025-09-09T09:40:44.995+0000] {docker.py:438} INFO - ⏳ Waiting 60 seconds until next restart...
[2025-09-09T09:40:44.995+0000] {docker.py:438} INFO - 📊 Time remaining: 117 seconds
[2025-09-09T09:40:44.995+0000] {docker.py:438} INFO - 
[2025-09-09T09:40:44.995+0000] {docker.py:438} INFO - ==================================================
[2025-09-09T09:40:44.995+0000] {docker.py:438} INFO - 🔄 Restart #3 at 2025-09-09 09:37:00
[2025-09-09T09:40:44.996+0000] {docker.py:438} INFO - ==================================================
[2025-09-09T09:40:44.996+0000] {docker.py:438} INFO - Hello world - terminate function started!
[2025-09-09T09:40:44.996+0000] {docker.py:438} INFO - Selecting pods with label_selector: app=petclinic
[2025-09-09T09:40:44.996+0000] {docker.py:438} INFO - Found 1 pods initially
[2025-09-09T09:40:44.996+0000] {docker.py:438} INFO - Random selection: 1 pods
[2025-09-09T09:40:44.996+0000] {docker.py:438} INFO - Deleting pod: petclinic-54c586fc9f-jbb4v
[2025-09-09T09:40:44.997+0000] {docker.py:438} INFO - Deleted 1 pods: ['petclinic-54c586fc9f-jbb4v']
[2025-09-09T09:40:44.997+0000] {docker.py:438} INFO - ✅ Successfully restarted pods: ['petclinic-54c586fc9f-jbb4v']
[2025-09-09T09:40:44.997+0000] {docker.py:438} INFO - ⏰ Less than 60 seconds remaining, stopping experiment
[2025-09-09T09:40:44.997+0000] {docker.py:438} INFO - 
[2025-09-09T09:40:44.998+0000] {docker.py:438} INFO - ==================================================
[2025-09-09T09:40:44.998+0000] {docker.py:438} INFO - 🏁 Experiment Completed!
[2025-09-09T09:40:44.998+0000] {docker.py:438} INFO - ==================================================
[2025-09-09T09:40:44.998+0000] {docker.py:438} INFO - 📈 Total restarts performed: 3
[2025-09-09T09:40:44.998+0000] {docker.py:438} INFO - ⏱️  Total duration: 125 seconds
[2025-09-09T09:40:44.999+0000] {docker.py:438} INFO - 📊 Average interval: 41.6 seconds
[2025-09-09T09:40:45.428+0000] {taskinstance.py:340} INFO - ::group::Post task execution logs
[2025-09-09T09:40:45.429+0000] {taskinstance.py:352} INFO - Marking task as SUCCESS. dag_id=chaos_combined-sequential, task_id=run_combined-sequential, run_id=manual__2025-09-09T09:34:38+00:00, execution_date=20250909T093438, start_date=20250909T093440, end_date=20250909T094045
[2025-09-09T09:40:45.460+0000] {local_task_job_runner.py:266} INFO - Task exited with return code 0
[2025-09-09T09:40:45.480+0000] {taskinstance.py:3900} INFO - 0 downstream tasks scheduled from follow-on schedule check
[2025-09-09T09:40:45.483+0000] {local_task_job_runner.py:245} INFO - ::endgroup::
